Log file open, 02/19/17 16:44:56
LogInit:Display: Running engine for game: Vlabs_EWM
LogPlatformFile: Not using cached read wrapper
LogInit:Display: RandInit(-1265166473) SRandInit(-1265166473).
LogTaskGraph: Started task graph with 5 named threads and 6 total threads with 1 sets of task threads.
LogStats: Stats thread started at 0.388431
LogInit: Using libcurl 7.47.1
LogInit:  - built for x86_64-pc-win32
LogInit:  - supports SSL with OpenSSL/1.0.2g
LogInit:  - supports HTTP deflate (compression) using libz 1.2.8
LogInit:  - other features:
LogInit:      CURL_VERSION_SSL
LogInit:      CURL_VERSION_LIBZ
LogInit:      CURL_VERSION_IPV6
LogInit:      CURL_VERSION_ASYNCHDNS
LogInit:      CURL_VERSION_LARGEFILE
LogInit:      CURL_VERSION_IDN
LogInit:  CurlRequestOptions (configurable via config and command line):
LogInit:  - bVerifyPeer = false  - Libcurl will NOT verify peer certificate
LogInit:  - bUseHttpProxy = false  - Libcurl will NOT use HTTP proxy
LogInit:  - bDontReuseConnections = false  - Libcurl will reuse connections
LogInit:  - CertBundlePath = nullptr  - Libcurl will use whatever was configured at build time.
LogInit: Build: ++UE4+Release-4.15-CL-3299760
LogInit: Engine Version: 4.15.0-3299760+++UE4+Release-4.15
LogInit: Compatible Engine Version: 4.15.0-3299760+++UE4+Release-4.15
LogInit: Net CL: 3299760
LogDevObjectVersion: Number of dev versions registered: 14
LogDevObjectVersion:   Dev-Blueprints (B0D832E4-1F89-4F0D-ACCF-7EB736FD4AA2): 8
LogDevObjectVersion:   Dev-Build (E1C64328-A22C-4D53-A36C-8E866417BD8C): 0
LogDevObjectVersion:   Dev-Core (375EC13C-06E4-48FB-B500-84F0262A717E): 2
LogDevObjectVersion:   Dev-Editor (E4B068ED-F494-42E9-A231-DA0B2E46BB41): 14
LogDevObjectVersion:   Dev-Framework (CFFC743F-43B0-4480-9391-14DF171D2073): 22
LogDevObjectVersion:   Dev-Mobile (B02B49B5-BB20-44E9-A304-32B752E40360): 0
LogDevObjectVersion:   Dev-Networking (A4E4105C-59A1-49B5-A7C5-40C4547EDFEE): 0
LogDevObjectVersion:   Dev-Online (39C831C9-5AE6-47DC-9A44-9C173E1C8E7C): 0
LogDevObjectVersion:   Dev-Physics (78F01B33-EBEA-4F98-B9B4-84EACCB95AA2): 0
LogDevObjectVersion:   Dev-Platform (6631380F-2D4D-43E0-8009-CF276956A95A): 0
LogDevObjectVersion:   Dev-Rendering (12F88B9F-8875-4AFC-A67C-D90C383ABD29): 12
LogDevObjectVersion:   Dev-Sequencer (7B5AE74C-D270-4C10-A958-57980B212A5A): 3
LogDevObjectVersion:   Dev-VR (D7296918-1DD6-4BDD-9DE2-64A83CC13884): 0
LogDevObjectVersion:   Dev-LoadTimes (C2A15278-BFE7-4AFE-6C17-90FF531DF755): 1
LogInit: Compiled (64-bit): Feb 14 2017 02:04:14
LogInit: Compiled with Visual C++: 19.00.23026.00
LogInit: Build Configuration: Development
LogInit: Branch Name: ++UE4+Release-4.15
LogInit: Command line:  
LogInit: Base directory: C:/Program Files/Epic Games/UE_4.15/Engine/Binaries/Win64/
LogInit: Installed Engine Build: 1
LogInit: Presizing for max 8388607 objects, including 0 objects not considered by GC, pre-allocating 0 bytes for permanent pool.
LogInit: Object subsystem initialized
[2017.02.19-15.44.57:244][  0]LogInit: Selected Device Profile: [Windows]
[2017.02.19-15.44.57:244][  0]LogInit: Applying CVar settings loaded from the selected device profile: [Windows]
[2017.02.19-15.44.57:259][  0]LogInit: Computer: DESKTOP-MB4QQP4
[2017.02.19-15.44.57:259][  0]LogInit: User: ALBERTO
[2017.02.19-15.44.57:259][  0]LogInit: CPU Page size=65536, Cores=2
[2017.02.19-15.44.57:259][  0]LogInit: High frequency timer resolution =2.143476 MHz
[2017.02.19-15.44.57:260][  0]LogMemory: Memory total: Physical=7.9GB (8GB approx)
[2017.02.19-15.44.57:260][  0]LogMemory: Platform Memory Stats for Windows
[2017.02.19-15.44.57:260][  0]LogMemory: Process Physical Memory: 264.36 MB used, 264.36 MB peak
[2017.02.19-15.44.57:260][  0]LogMemory: Process Virtual Memory: 262.26 MB used, 262.26 MB peak
[2017.02.19-15.44.57:260][  0]LogMemory: Physical Memory: 4047.91 MB used,  4057.93 MB free, 8105.84 MB total
[2017.02.19-15.44.57:260][  0]LogMemory: Virtual Memory: 642.97 MB used,  4057.93 MB free, 134217728.00 MB total
[2017.02.19-15.44.57:523][  0]LogTextLocalizationManager: No translations for ('it-IT') exist, falling back to 'en' for localization and internationalization data.
[2017.02.19-15.44.58:530][  0]LogD3D11RHI: D3D11 adapters:
[2017.02.19-15.44.58:539][  0]LogD3D11RHI:    0. 'Intel(R) HD Graphics 5500' (Feature Level 11_0)
[2017.02.19-15.44.58:539][  0]LogD3D11RHI:       128/0/4052 MB DedicatedVideo/DedicatedSystem/SharedSystem, Outputs:1, VendorId:0x8086
[2017.02.19-15.44.58:921][  0]LogD3D11RHI:    1. 'AMD Radeon (TM) R5 M330' (Feature Level 11_0)
[2017.02.19-15.44.58:921][  0]LogD3D11RHI:       1015/0/4052 MB DedicatedVideo/DedicatedSystem/SharedSystem, Outputs:0, VendorId:0x1002
[2017.02.19-15.44.58:923][  0]LogD3D11RHI:    2. 'Microsoft Basic Render Driver' (Feature Level 11_0)
[2017.02.19-15.44.58:923][  0]LogD3D11RHI:       0/0/4052 MB DedicatedVideo/DedicatedSystem/SharedSystem, Outputs:0, VendorId:0x1414
[2017.02.19-15.44.58:923][  0]LogD3D11RHI: Chosen D3D11 Adapter: 1
[2017.02.19-15.44.58:929][  0]LogD3D11RHI: Creating new Direct3DDevice
[2017.02.19-15.44.58:929][  0]LogD3D11RHI:     GPU DeviceId: 0x6660 (for the marketing name, search the web for "GPU Device Id")
[2017.02.19-15.44.58:929][  0]LogWindows: EnumDisplayDevices:
[2017.02.19-15.44.58:929][  0]LogWindows:    0. 'Intel(R) HD Graphics 5500' (P:1 D:1)
[2017.02.19-15.44.58:929][  0]LogWindows:    1. 'Intel(R) HD Graphics 5500' (P:0 D:0)
[2017.02.19-15.44.58:930][  0]LogWindows:    2. 'Intel(R) HD Graphics 5500' (P:0 D:0)
[2017.02.19-15.44.58:930][  0]LogWindows: DebugString: PrimaryIsNotTheChoosenAdapter PrimaryIsNotTheChoosenAdapter PrimaryIsNotTheChoosenAdapter FoundDriverCount:0 
[2017.02.19-15.44.58:930][  0]LogD3D11RHI:     Adapter Name: AMD Radeon (TM) R5 M330
[2017.02.19-15.44.58:930][  0]LogD3D11RHI:   Driver Version: Unknown (internal:Unknown, unified:Unknown)
[2017.02.19-15.44.58:930][  0]LogD3D11RHI:      Driver Date: Unknown
[2017.02.19-15.44.58:930][  0]LogRHI: Texture pool is 710 MB (70% of 1015 MB)
[2017.02.19-15.44.59:055][  0]LogD3D11RHI: Async texture creation enabled
[2017.02.19-15.44.59:093][  0]LogD3D11RHI: GPU Timing Frequency: 27.000000 (Debug: 2 1)
[2017.02.19-15.44.59:102][  0]LogShaderCompilers: Guid format shader working directory is -26 characters bigger than the processId version (../../../../../../Users/ALBERTO/Documents/VLabs_EditorAndMinimap/Vlabs_EWM/Intermediate/Shaders/WorkingDirectory/8840/).
[2017.02.19-15.44.59:103][  0]LogShaderCompilers: Cleaned the shader compiler working directory 'C:/Users/ALBERTO/AppData/Local/Temp/UnrealShaderWorkingDir/8388D1C54AB6738CB609E2A6A6C45760/'.
[2017.02.19-15.44.59:103][  0]LogShaderCompilers:Display: Using Local Shader Compiler.
[2017.02.19-15.45.02:133][  0]LogTemp:Display: Loaded TP AllDesktopTargetPlatform
[2017.02.19-15.45.02:208][  0]LogTemp:Display: Loaded TP MacClientTargetPlatform
[2017.02.19-15.45.02:281][  0]LogTemp:Display: Loaded TP MacNoEditorTargetPlatform
[2017.02.19-15.45.02:352][  0]LogTemp:Display: Loaded TP MacServerTargetPlatform
[2017.02.19-15.45.02:425][  0]LogTemp:Display: Loaded TP MacTargetPlatform
[2017.02.19-15.45.02:497][  0]LogTemp:Display: Loaded TP WindowsClientTargetPlatform
[2017.02.19-15.45.02:574][  0]LogTemp:Display: Loaded TP WindowsNoEditorTargetPlatform
[2017.02.19-15.45.02:646][  0]LogTemp:Display: Loaded TP WindowsServerTargetPlatform
[2017.02.19-15.45.02:732][  0]LogTemp:Display: Loaded TP WindowsTargetPlatform
[2017.02.19-15.45.02:807][  0]LogTemp:Display: Loaded TP AndroidTargetPlatform
[2017.02.19-15.45.02:879][  0]LogTemp:Display: Loaded TP Android_ASTCTargetPlatform
[2017.02.19-15.45.02:954][  0]LogTemp:Display: Loaded TP Android_ATCTargetPlatform
[2017.02.19-15.45.03:055][  0]LogTemp:Display: Loaded TP Android_DXTTargetPlatform
[2017.02.19-15.45.03:129][  0]LogTemp:Display: Loaded TP Android_ETC1TargetPlatform
[2017.02.19-15.45.03:200][  0]LogTemp:Display: Loaded TP Android_ETC2TargetPlatform
[2017.02.19-15.45.03:340][  0]LogTemp:Display: Loaded TP Android_MultiTargetPlatform
[2017.02.19-15.45.03:340][  0]LogTemp:Display: Loaded TP Android_PVRTCTargetPlatform
[2017.02.19-15.45.03:393][  0]LogTemp:Display: Loaded TP HTML5TargetPlatform
[2017.02.19-15.45.03:531][  0]LogTemp:Display: Loaded TP IOSTargetPlatform
[2017.02.19-15.45.03:580][  0]LogTemp:Display: Loaded TP TVOSTargetPlatform
[2017.02.19-15.45.03:650][  0]LogTemp:Display: Loaded TP LinuxClientTargetPlatform
[2017.02.19-15.45.03:721][  0]LogTemp:Display: Loaded TP LinuxNoEditorTargetPlatform
[2017.02.19-15.45.03:790][  0]LogTemp:Display: Loaded TP LinuxServerTargetPlatform
[2017.02.19-15.45.03:863][  0]LogTemp:Display: Loaded TP LinuxTargetPlatform
[2017.02.19-15.45.03:863][  0]LogTargetPlatformManager:Display: Building Assets For Windows
[2017.02.19-15.45.04:595][  0]LogDerivedDataCache:Display: Max Cache Size: 512 MB
[2017.02.19-15.45.04:595][  0]LogDerivedDataCache:Display: Starting with empty Boot cache
[2017.02.19-15.45.04:595][  0]LogDerivedDataCache: FDerivedDataBackendGraph:  Pak pak cache file ../../../../../../Users/ALBERTO/Documents/VLabs_EditorAndMinimap/Vlabs_EWM/DerivedDataCache/DDC.ddp not found, will not use a pak cache.
[2017.02.19-15.45.04:595][  0]LogDerivedDataCache: Unable to find inner node Pak for hierarchical cache Hierarchy.
[2017.02.19-15.45.04:595][  0]LogDerivedDataCache: FDerivedDataBackendGraph:  CompressedPak pak cache file ../../../../../../Users/ALBERTO/Documents/VLabs_EditorAndMinimap/Vlabs_EWM/DerivedDataCache/Compressed.ddp not found, will not use a pak cache.
[2017.02.19-15.45.04:595][  0]LogDerivedDataCache: Unable to find inner node CompressedPak for hierarchical cache Hierarchy.
[2017.02.19-15.45.04:623][  0]LogDerivedDataCache:Display: Pak cache opened for reading ../../../Engine/DerivedDataCache/Compressed.ddp.
[2017.02.19-15.45.04:636][  0]LogDerivedDataCache: Using Local data cache path C:/Users/ALBERTO/AppData/Local/UnrealEngine/Common/DerivedDataCache: Writable
[2017.02.19-15.45.04:668][  0]LogSlate: Using Freetype 2.6.0
[2017.02.19-15.45.04:671][  0]LogSlate: SlateFontCache - WITH_FREETYPE: 1, WITH_HARFBUZZ: 1
[2017.02.19-15.45.04:671][  0]LogSlate: SlateFontCache - WITH_FREETYPE: 1, WITH_HARFBUZZ: 1
[2017.02.19-15.45.05:516][  0]LogInit: Selected Device Profile: [Windows]
[2017.02.19-15.45.05:525][  0]LogContentStreaming: Texture pool size is 0.00 MB
[2017.02.19-15.45.05:858][  0]LogMeshUtilities: Using QuadricMeshReduction for automatic static mesh reduction
[2017.02.19-15.45.05:938][  0]LogSimplygon: Simplygon DLL not present - disabling.
[2017.02.19-15.45.06:001][  0]LogMeshUtilities: Using SimplygonSwarm for distributed automatic mesh merging
[2017.02.19-15.45.06:001][  0]LogMeshUtilities: No automatic skeletal mesh reduction module available
[2017.02.19-15.45.06:001][  0]LogMeshUtilities: No automatic mesh merging module available
[2017.02.19-15.45.07:408][  0]LogNetVersion: GetLocalNetworkVersion: CL: 3299760, ProjectName: vlabs_ewm, ProjectVersion: , EngineNetworkVersion: 2, GameNetworkVersion: 0, NetworkChecksum: 4118958680
[2017.02.19-15.45.07:471][  0]LogAssetRegistry: FAssetRegistry took 0.0235 seconds to start up
[2017.02.19-15.45.07:538][  0]LogPackageLocalizationCache: Processed 3 localized package path(s) for 1 prioritized culture(s) in 0.033210 seconds
[2017.02.19-15.45.07:547][  0]LogUObjectArray: 32475 objects as part of root set at end of initial load.
[2017.02.19-15.45.07:547][  0]LogUObjectAllocator: 7073360 out of 0 bytes used by permanent object pool.
[2017.02.19-15.45.07:547][  0]LogUObjectArray: CloseDisregardForGC: 0/0 objects in disregard for GC pool
[2017.02.19-15.45.07:651][  0]LogInit: WinSock: version 1.1 (2.2), MaxSocks=32767, MaxUdp=65467
[2017.02.19-15.45.11:597][  0]LogTcpMessaging: Initializing TcpMessaging bridge
[2017.02.19-15.45.11:655][  0]LogUdpMessaging: Initializing bridge on interface 0.0.0.0:0 to multicast group 230.0.0.1:6666.
[2017.02.19-15.45.12:346][  0]LogMaterial: Uniform references updated for custom material expression Custom.
[2017.02.19-15.45.12:855][  0]SourceControl: Info Source control is disabled
[2017.02.19-15.45.12:946][  0]SourceControl: Info Source control is disabled
[2017.02.19-15.45.13:022][  0]SourceControl: Info Source control is disabled
[2017.02.19-15.45.13:090][  0]SourceControl: Info Source control is disabled
[2017.02.19-15.45.15:431][  0]LogEngine: Initializing Engine...
[2017.02.19-15.45.15:432][  0]LogHMD: Failed to initialize OpenVR with code 110
[2017.02.19-15.45.16:120][  0]LogAIModule: Creating AISystem for world Untitled
[2017.02.19-15.45.16:141][  0]LogInit: XAudio2 using 'Altoparlanti (Realtek High Definition Audio)' : 2 channels at 48 kHz using 32 bits per sample (channel mask 0x3)
[2017.02.19-15.45.16:180][  0]LogInit: FAudioDevice initialized.
[2017.02.19-15.45.16:233][  0]LogDerivedDataCache: Saved boot cache 0.05s 50MB C:/Users/ALBERTO/AppData/Local/UnrealEngine/4.15/DerivedDataCache/Boot.ddc.
[2017.02.19-15.45.16:243][  0]LogInit: Texture streaming: Enabled
[2017.02.19-15.45.16:463][  0]LogEngineSessionManager: EngineSessionManager initialized
[2017.02.19-15.45.16:628][  0]LogWindowsTextInputMethodSystem:Display: IME system now deactivated.
[2017.02.19-15.45.16:718][  0]LogInit: Transaction tracking system initialized
[2017.02.19-15.45.17:331][  0]BlueprintLog: New page: Editor Load
[2017.02.19-15.45.18:991][  0]LocalizationService: Info Localization service is disabled
[2017.02.19-15.45.20:081][  0]LogConsoleResponse:Display: 
[2017.02.19-15.45.20:276][  0]LogFileCache: Scanning file cache for directory 'C:/Users/ALBERTO/Documents/VLabs_EditorAndMinimap/Vlabs_EWM/Content/' took 0.01s
[2017.02.19-15.45.20:276][  0]LogCook:Display: Max memory allowance for cook 16384mb min free memory 0mb
[2017.02.19-15.45.20:276][  0]LogCook:Display: Mobile HDR setting 1
[2017.02.19-15.45.21:817][  0]SourceControl: Info Source control is disabled
[2017.02.19-15.45.21:819][  0]Cmd: MAP LOAD FILE="../../../Engine/Content/Maps/Templates/Template_Default.umap" TEMPLATE=1 SHOWPROGRESS=1 FEATURELEVEL=3
[2017.02.19-15.45.21:821][  0]LightingResults: New page: Lighting Build
[2017.02.19-15.45.21:910][  0]MapCheck: New page: Map Check
[2017.02.19-15.45.21:910][  0]LightingResults: New page: Lighting Build
[2017.02.19-15.45.22:556][  0]LogAIModule: Creating AISystem for world Untitled_1
[2017.02.19-15.45.22:558][  0]LogActorComponent: RegisterComponentWithWorld: (/Temp/Untitled_1.Untitled_1:PersistentLevel.WorldSettings_1.StaticMeshComponent0) Trying to register component with IsPendingKill() == true. Aborting.
[2017.02.19-15.45.22:577][  0]LogEditorServer: Finished looking for orphan Actors (0.000 secs)
[2017.02.19-15.45.22:706][  0]Cmd: MAP CHECKDEP NOCLEARLOG
[2017.02.19-15.45.22:782][  0]MapCheck: Info Map check complete: 0 Error(s), 0 Warning(s), took 75.653ms to complete.
[2017.02.19-15.45.22:782][  0]LogFileHelpers: Loading map 'Template_Default' took 0.964
[2017.02.19-15.45.23:176][  0]LogCollectionManager: Loaded 0 collections in 0.001580 seconds
[2017.02.19-15.45.23:339][  0]LogFileCache: Scanning file cache for directory 'C:/Users/ALBERTO/Documents/VLabs_EditorAndMinimap/Vlabs_EWM/Saved/Collections/' took 0.01s
[2017.02.19-15.45.23:339][  0]LogFileCache: Scanning file cache for directory 'C:/Users/ALBERTO/Documents/VLabs_EditorAndMinimap/Vlabs_EWM/Content/Developers/ALBERTO/Collections/' took 0.01s
[2017.02.19-15.45.23:339][  0]LogFileCache: Scanning file cache for directory 'C:/Users/ALBERTO/Documents/VLabs_EditorAndMinimap/Vlabs_EWM/Content/Collections/' took 0.01s
[2017.02.19-15.45.23:339][  0]LogCollectionManager: Rebuilt the GUID cache for 0 collections in 0.000003 seconds
[2017.02.19-15.45.23:361][  0]LogContentBrowser: Native class hierarchy populated in 0.0190 seconds. Added 2244 classes and 450 folders.
[2017.02.19-15.45.23:371][  0]LogStats: UGameplayTagsManager::ConstructGameplayTagTree: Construct from data asset -  0.000 s
[2017.02.19-15.45.23:371][  0]LogStats: UGameplayTagsManager::ConstructGameplayTagTree: GameplayTagTreeChangedEvent.Broadcast -  0.000 s
[2017.02.19-15.45.23:525][  0]LogContentBrowser: Native class hierarchy updated for 'WidgetCarousel' in 0.0011 seconds. Added 0 classes and 0 folders.
[2017.02.19-15.45.23:696][  0]LogContentBrowser: Native class hierarchy updated for 'AddContentDialog' in 0.0010 seconds. Added 0 classes and 0 folders.
[2017.02.19-15.45.23:817][  0]LogContentBrowser: Native class hierarchy updated for 'SceneOutliner' in 0.0009 seconds. Added 1 classes and 2 folders.
[2017.02.19-15.45.23:968][  0]LogCrashTracker: Crashtracker disabled due to settings.
[2017.02.19-15.45.24:181][  0]LogContentBrowser: Native class hierarchy updated for 'HierarchicalLODOutliner' in 0.0014 seconds. Added 1 classes and 2 folders.
[2017.02.19-15.45.24:182][  0]LogLoad: (Engine Initialization) Total time: 29.71 seconds
[2017.02.19-15.45.24:182][  0]LogLoad: (Engine Initialization) Total Blueprint compile time: 0.23 seconds
[2017.02.19-15.45.24:182][  0]LogExternalProfiler: Found external profiler: VSPerf
[2017.02.19-15.45.24:182][  0]LogExternalProfiler: Using external profiler: VSPerf
[2017.02.19-15.45.24:200][  0]LogOcInput: OculusInput pre-init called
[2017.02.19-15.45.24:224][  0]LogContentStreaming: Texture pool size now 1000 MB
[2017.02.19-15.45.24:232][  0]LogSlate: Took 0.001492 seconds to synchronously load lazily loaded font '../../../Engine/Content/Slate/Fonts/Roboto-Regular.ttf' (155K)
[2017.02.19-15.45.24:240][  0]LogSlate: Took 0.001556 seconds to synchronously load lazily loaded font '../../../Engine/Content/Slate/Fonts/Roboto-Bold.ttf' (160K)
[2017.02.19-15.45.24:255][  0]LogSlate: Took 0.001398 seconds to synchronously load lazily loaded font '../../../Engine/Content/Editor/Slate/Fonts/FontAwesome.ttf' (139K)
[2017.02.19-15.45.24:379][  0]LogSlate: Took 0.001578 seconds to synchronously load lazily loaded font '../../../Engine/Content/Slate/Fonts/Roboto-Light.ttf' (159K)
[2017.02.19-15.45.24:462][  0]LogRenderer: Reallocating scene render targets to support 856x372 NumSamples 1 (Frame:2).
[2017.02.19-15.45.25:139][  1]LogAssetRegistry: Asset discovery search completed in 17.6901 seconds
[2017.02.19-15.45.25:139][  1]LogCollectionManager: Rebuilt the object cache for 0 collections in 0.000022 seconds (found 0 objects)
[2017.02.19-15.45.25:139][  1]LogCollectionManager: Fixed up redirectors for 0 collections in 0.000049 seconds (updated 0 objects)
[2017.02.19-15.46.26:350][477]LogEditorViewport: Clicking on Actor (context menu): StaticMeshActor (Floor)
[2017.02.19-15.46.40:583][110]LogEditorViewport: Clicking on Actor (LMB): BP_Sky_Sphere_C (Sky Sphere)
[2017.02.19-15.46.57:173][839]LogEditorViewport: Clicking on Actor (context menu): StaticMeshActor (Floor)
[2017.02.19-15.46.58:097][881]LogEditorViewport: Clicking on Actor (LMB): StaticMeshActor (Floor)
[2017.02.19-15.47.06:267][282]LogEditorViewport: Clicking on Actor (LMB): BP_Sky_Sphere_C (Sky Sphere)
[2017.02.19-15.47.13:207][571]LogEditorViewport: Clicking on Actor (LMB): BP_Sky_Sphere_C (Sky Sphere)
[2017.02.19-16.25.59:029][493]LogActorFactory: Actor Factory created Sphere
[2017.02.19-16.26.00:121][540]LogActorFactory: Actor Factory created Sphere
[2017.02.19-16.26.06:419][840]LogTemp: Repeting last play command: Selected Viewport
[2017.02.19-16.26.06:430][840]LogPlayLevel: PlayLevel: No blueprints needed recompiling
[2017.02.19-16.26.06:432][840]PIE: New page: PIE session: Untitled_1 (Feb 19, 2017, 6:26:06 PM)
[2017.02.19-16.26.06:432][840]LogPlayLevel: Creating play world package: /Temp/UEDPIE_0_Untitled_1
[2017.02.19-16.26.06:437][840]LogPlayLevel: PIE: StaticDuplicateObject took: (0.004354s)
[2017.02.19-16.26.06:438][840]LogAIModule: Creating AISystem for world Untitled_1
[2017.02.19-16.26.06:438][840]LogPlayLevel: PIE: World Init took: (0.001561s)
[2017.02.19-16.26.06:439][840]LogPlayLevel: PIE: Created PIE world by copying editor world from /Temp/Untitled_1.Untitled_1 to /Temp/UEDPIE_0_Untitled_1.Untitled_1 (0.006578s)
[2017.02.19-16.26.06:472][840]LogInit: XAudio2 using 'Altoparlanti (Realtek High Definition Audio)' : 2 channels at 48 kHz using 32 bits per sample (channel mask 0x3)
[2017.02.19-16.26.06:487][840]LogInit: FAudioDevice initialized.
[2017.02.19-16.26.06:534][840]LogLoad: Game class is 'GameModeBase'
[2017.02.19-16.26.06:539][840]LogWorld: Bringing World /Temp/UEDPIE_0_Untitled_1.Untitled_1 up for play (max tick rate 0) at 2017.02.19-17.26.06
[2017.02.19-16.26.06:539][840]LogWorld: Bringing up level for play took: 0.001533
[2017.02.19-16.26.06:592][840]LogContentBrowser: Native class hierarchy updated for 'MovieSceneCapture' in 0.0008 seconds. Added 11 classes and 0 folders.
[2017.02.19-16.26.06:594][840]PIE: Info Play in editor start time for /Temp/UEDPIE_0_Untitled_1 -0.643
[2017.02.19-16.26.34:322][401]LogEditorViewport: Clicking on Actor (LMB): StaticMeshActor (Sphere)
[2017.02.19-16.26.35:007][434]Cmd: DELETE
[2017.02.19-16.26.35:007][434]Cmd: ACTOR DELETE
[2017.02.19-16.26.35:010][434]LogEditorActor: Deleted Actor: StaticMeshActor
[2017.02.19-16.26.35:032][434]LogEditorActor: Deleted 1 Actors (0.024 secs)
[2017.02.19-16.26.53:394][616]LogSlate: Took 0.000292 seconds to synchronously load lazily loaded font '../../../Engine/Content/Slate/Fonts/Roboto-Light.ttf' (159K)
[2017.02.19-16.27.02:393][643]LogSlate: Took 0.000273 seconds to synchronously load lazily loaded font '../../../Engine/Content/Slate/Fonts/Roboto-Light.ttf' (159K)
[2017.02.19-16.27.02:500][643]LogSavePackage: Save=40.09ms
[2017.02.19-16.27.02:500][643]LogSavePackage: Moving '../../../../../../Users/ALBERTO/Documents/VLabs_EditorAndMinimap/Vlabs_EWM/Saved/Untitled_1_Auto17BDD66B44AE46C35DE658DB8DC8DA8A3.tmp' to '../../../../../../Users/ALBERTO/Documents/VLabs_EditorAndMinimap/Vlabs_EWM/Saved/Autosaves/Temp/Untitled_1_Auto1.umap'
[2017.02.19-16.27.02:504][643]LogSavePackage:Display: Finished SavePackage ../../../../../../Users/ALBERTO/Documents/VLabs_EditorAndMinimap/Vlabs_EWM/Saved/Autosaves/Temp/Untitled_1_Auto1.umap
[2017.02.19-16.27.02:507][643]LogFileHelpers: Editor autosave (incl. sublevels) for '/Temp/Untitled_1' took 0.073
[2017.02.19-16.27.02:507][643]LogFileHelpers: Editor autosave (incl. sublevels) for all levels took 0.073
[2017.02.19-16.30.14:888][578]LogActorFactory: Actor Factory created Cube
[2017.02.19-16.30.16:217][645]LogActorFactory: Actor Factory created Cube
[2017.02.19-16.30.17:785][715]LogActorFactory: Actor Factory created Sphere
[2017.02.19-16.30.19:836][816]LogActorFactory: Actor Factory created Sphere
[2017.02.19-16.31.28:769][505]LogContentBrowser: Native class hierarchy updated for 'BlueprintGraph' in 0.0010 seconds. Added 112 classes and 0 folders.
[2017.02.19-16.31.29:464][505]LogSlate: Took 0.000281 seconds to synchronously load lazily loaded font '../../../Engine/Content/Slate/Fonts/Roboto-Regular.ttf' (155K)
[2017.02.19-16.31.32:695][589]LogRenderer: Reallocating scene render targets to support 856x588 NumSamples 1 (Frame:9013).
[2017.02.19-16.31.36:169][756]LogSlate: Took 0.001952 seconds to synchronously load lazily loaded font '../../../Engine/Content/Editor/Slate/Fonts/Roboto-BoldCondensed.ttf' (158K)
[2017.02.19-16.31.39:979][ 55]LogSlate: Took 0.001944 seconds to synchronously load lazily loaded font '../../../Engine/Content/Editor/Slate/Fonts/Roboto-Italic.ttf' (157K)
[2017.02.19-16.32.50:775][643]BlueprintLog: New page: Compile minimap
[2017.02.19-16.37.03:504][747]LogSavePackage: Save=46.65ms
[2017.02.19-16.37.03:504][747]LogSavePackage: Moving '../../../../../../Users/ALBERTO/Documents/VLabs_EditorAndMinimap/Vlabs_EWM/Saved/Untitled_1_Auto229AEC08A4223DA3711D0DCAB433649B6.tmp' to '../../../../../../Users/ALBERTO/Documents/VLabs_EditorAndMinimap/Vlabs_EWM/Saved/Autosaves/Temp/Untitled_1_Auto2.umap'
[2017.02.19-16.37.03:508][747]LogSavePackage:Display: Finished SavePackage ../../../../../../Users/ALBERTO/Documents/VLabs_EditorAndMinimap/Vlabs_EWM/Saved/Autosaves/Temp/Untitled_1_Auto2.umap
[2017.02.19-16.37.03:511][747]LogFileHelpers: Editor autosave (incl. sublevels) for '/Temp/Untitled_1' took 0.098
[2017.02.19-16.37.03:511][747]LogFileHelpers: Editor autosave (incl. sublevels) for all levels took 0.098
[2017.02.19-16.37.03:516][747]OBJ SavePackage: Generating thumbnails for [0] asset(s) in package [/Game/minimap] ([1] browsable assets)...
[2017.02.19-16.37.03:516][747]OBJ SavePackage: Finished generating thumbnails for package [/Game/minimap]
[2017.02.19-16.37.03:516][747]Cmd: OBJ SAVEPACKAGE PACKAGE="/Game/minimap" FILE="../../../../../../Users/ALBERTO/Documents/VLabs_EditorAndMinimap/Vlabs_EWM/Saved/Autosaves/Game/minimap_Auto2.uasset" SILENT=false AUTOSAVING=true
[2017.02.19-16.37.03:533][747]LogSavePackage: Save=14.57ms
[2017.02.19-16.37.03:533][747]LogSavePackage: Moving '../../../../../../Users/ALBERTO/Documents/VLabs_EditorAndMinimap/Vlabs_EWM/Saved/minimap_Auto27CDE7B234219EB7D9539E6AED16426BB.tmp' to '../../../../../../Users/ALBERTO/Documents/VLabs_EditorAndMinimap/Vlabs_EWM/Saved/Autosaves/Game/minimap_Auto2.uasset'
[2017.02.19-16.37.03:536][747]LogSavePackage:Display: Finished SavePackage ../../../../../../Users/ALBERTO/Documents/VLabs_EditorAndMinimap/Vlabs_EWM/Saved/Autosaves/Game/minimap_Auto2.uasset
[2017.02.19-16.37.03:537][747]LogFileHelpers: Auto-saving content packages took 0.024
[2017.02.19-16.41.42:064][400]BlueprintLog: New page: Compile minimap
[2017.02.19-16.42.48:981][527]LogMetaData: Removing '/Game/map_Widget.SKEL_map_Widget_C' ref from Metadata '/Game/map_scene.PackageMetaData'
[2017.02.19-16.42.48:981][527]LogMetaData: Removing '/Game/map_Widget.map_Widget_C' ref from Metadata '/Game/map_scene.PackageMetaData'
[2017.02.19-16.42.48:981][527]LogMetaData: Removing '/Game/map_Widget.map_Widget:EventGraph.K2Node_Event_0' ref from Metadata '/Game/map_scene.PackageMetaData'
[2017.02.19-16.42.48:981][527]LogMetaData: Removing '/Game/map_Widget.map_Widget:EventGraph.K2Node_Event_1' ref from Metadata '/Game/map_scene.PackageMetaData'
[2017.02.19-16.42.49:002][527]Cmd: OBJ SAVEPACKAGE PACKAGE="/Game/map_Widget" FILE="../../../../../../Users/ALBERTO/Documents/VLabs_EditorAndMinimap/Vlabs_EWM/Content/map_Widget.uasset" SILENT=true
[2017.02.19-16.42.49:014][527]LogSavePackage: Save=7.87ms
[2017.02.19-16.42.49:014][527]LogSavePackage: Moving '../../../../../../Users/ALBERTO/Documents/VLabs_EditorAndMinimap/Vlabs_EWM/Saved/map_Widget09B6C1C048BA8E3F6F675F9222917EF4.tmp' to '../../../../../../Users/ALBERTO/Documents/VLabs_EditorAndMinimap/Vlabs_EWM/Content/map_Widget.uasset'
[2017.02.19-16.42.49:024][527]LogSavePackage:Display: Finished SavePackage ../../../../../../Users/ALBERTO/Documents/VLabs_EditorAndMinimap/Vlabs_EWM/Content/map_Widget.uasset
[2017.02.19-16.44.53:872][128]BlueprintLog: New page: Compile minimap
[2017.02.19-16.45.58:672][946]BlueprintLog: New page: Compile map_Widget
[2017.02.19-16.47.09:486][346]LogFileHelpers: Editor autosave (incl. sublevels) for '/Temp/Untitled_1' took 0.043
[2017.02.19-16.47.09:489][346]OBJ SavePackage: Generating thumbnails for [0] asset(s) in package [/Game/minimap] ([1] browsable assets)...
[2017.02.19-16.47.09:489][346]OBJ SavePackage: Finished generating thumbnails for package [/Game/minimap]
[2017.02.19-16.47.09:489][346]Cmd: OBJ SAVEPACKAGE PACKAGE="/Game/minimap" FILE="../../../../../../Users/ALBERTO/Documents/VLabs_EditorAndMinimap/Vlabs_EWM/Saved/Autosaves/Game/minimap_Auto3.uasset" SILENT=false AUTOSAVING=true
[2017.02.19-16.47.09:511][346]LogSavePackage: Save=20.22ms
[2017.02.19-16.47.09:511][346]LogSavePackage: Moving '../../../../../../Users/ALBERTO/Documents/VLabs_EditorAndMinimap/Vlabs_EWM/Saved/minimap_Auto3403BE909497038DFF8C7AF80A1FA9221.tmp' to '../../../../../../Users/ALBERTO/Documents/VLabs_EditorAndMinimap/Vlabs_EWM/Saved/Autosaves/Game/minimap_Auto3.uasset'
[2017.02.19-16.47.09:514][346]LogSavePackage:Display: Finished SavePackage ../../../../../../Users/ALBERTO/Documents/VLabs_EditorAndMinimap/Vlabs_EWM/Saved/Autosaves/Game/minimap_Auto3.uasset
[2017.02.19-16.47.09:516][346]Cmd: OBJ SAVEPACKAGE PACKAGE="/Game/map_scene" FILE="../../../../../../Users/ALBERTO/Documents/VLabs_EditorAndMinimap/Vlabs_EWM/Saved/Autosaves/Game/map_scene_Auto3.uasset" SILENT=false AUTOSAVING=true
[2017.02.19-16.47.09:520][346]LogSavePackage: Save=1.86ms
[2017.02.19-16.47.09:520][346]LogSavePackage: Moving '../../../../../../Users/ALBERTO/Documents/VLabs_EditorAndMinimap/Vlabs_EWM/Saved/map_scene_Auto3D77C7022430604316F2F8F9CB0C0BDC0.tmp' to '../../../../../../Users/ALBERTO/Documents/VLabs_EditorAndMinimap/Vlabs_EWM/Saved/Autosaves/Game/map_scene_Auto3.uasset'
[2017.02.19-16.47.09:523][346]LogSavePackage:Display: Finished SavePackage ../../../../../../Users/ALBERTO/Documents/VLabs_EditorAndMinimap/Vlabs_EWM/Saved/Autosaves/Game/map_scene_Auto3.uasset
[2017.02.19-16.47.09:525][346]OBJ SavePackage: Generating thumbnails for [0] asset(s) in package [/Game/map_Widget] ([1] browsable assets)...
[2017.02.19-16.47.09:525][346]OBJ SavePackage: Finished generating thumbnails for package [/Game/map_Widget]
[2017.02.19-16.47.09:525][346]Cmd: OBJ SAVEPACKAGE PACKAGE="/Game/map_Widget" FILE="../../../../../../Users/ALBERTO/Documents/VLabs_EditorAndMinimap/Vlabs_EWM/Saved/Autosaves/Game/map_Widget_Auto3.uasset" SILENT=false AUTOSAVING=true
[2017.02.19-16.47.09:538][346]LogSavePackage: Save=8.21ms
[2017.02.19-16.47.09:539][346]LogSavePackage: Moving '../../../../../../Users/ALBERTO/Documents/VLabs_EditorAndMinimap/Vlabs_EWM/Saved/map_Widget_Auto3C25693EA427893C81FCD10B994282066.tmp' to '../../../../../../Users/ALBERTO/Documents/VLabs_EditorAndMinimap/Vlabs_EWM/Saved/Autosaves/Game/map_Widget_Auto3.uasset'
[2017.02.19-16.47.09:542][346]LogSavePackage:Display: Finished SavePackage ../../../../../../Users/ALBERTO/Documents/VLabs_EditorAndMinimap/Vlabs_EWM/Saved/Autosaves/Game/map_Widget_Auto3.uasset
[2017.02.19-16.47.09:543][346]LogFileHelpers: Auto-saving content packages took 0.056
[2017.02.19-16.47.30:693][638]BlueprintLog: New page: Compile map_Widget
[2017.02.19-16.50.03:888][593]Cmd: OBJ SAVEPACKAGE PACKAGE="/Game/Render-Map" FILE="../../../../../../Users/ALBERTO/Documents/VLabs_EditorAndMinimap/Vlabs_EWM/Content/Render-Map.uasset" SILENT=true
[2017.02.19-16.50.03:897][593]LogSavePackage: Save=5.77ms
[2017.02.19-16.50.03:897][593]LogSavePackage: Moving '../../../../../../Users/ALBERTO/Documents/VLabs_EditorAndMinimap/Vlabs_EWM/Saved/Render-MapFEB38EFC499AC4791174BDB7DF34F6AF.tmp' to '../../../../../../Users/ALBERTO/Documents/VLabs_EditorAndMinimap/Vlabs_EWM/Content/Render-Map.uasset'
[2017.02.19-16.50.03:907][593]LogSavePackage:Display: Finished SavePackage ../../../../../../Users/ALBERTO/Documents/VLabs_EditorAndMinimap/Vlabs_EWM/Content/Render-Map.uasset
[2017.02.19-16.50.40:084][848]LogContentBrowser: Native class hierarchy updated for 'TextureEditor' in 0.0007 seconds. Added 1 classes and 2 folders.
[2017.02.19-16.51.49:117][434]Cmd: OBJ SAVEPACKAGE PACKAGE="/Game/Render-Map" FILE="../../../../../../Users/ALBERTO/Documents/VLabs_EditorAndMinimap/Vlabs_EWM/Content/Render-Map.uasset" SILENT=true
[2017.02.19-16.51.49:129][434]LogSavePackage: Save=6.17ms
[2017.02.19-16.51.49:129][434]LogSavePackage: Moving '../../../../../../Users/ALBERTO/Documents/VLabs_EditorAndMinimap/Vlabs_EWM/Saved/Render-MapEE8CAEF34790C9DBF8900F9DA91C5F2A.tmp' to '../../../../../../Users/ALBERTO/Documents/VLabs_EditorAndMinimap/Vlabs_EWM/Content/Render-Map.uasset'
[2017.02.19-16.51.49:136][434]LogSavePackage:Display: Finished SavePackage ../../../../../../Users/ALBERTO/Documents/VLabs_EditorAndMinimap/Vlabs_EWM/Content/Render-Map.uasset
[2017.02.19-16.52.50:858][772]LogEditorViewport: Clicking on Actor (LMB): PlayerStart (Player Start)
[2017.02.19-16.52.57:343][ 78]LogEditorViewport: Clicking on Actor (LMB): minimap_C (minimap)
[2017.02.19-16.53.59:613][714]BlueprintLog: New page: Compile minimap
[2017.02.19-16.53.59:740][714]LogUObjectGlobals:Warning: Guid referenced by StaticMeshComponent /Temp/Untitled_1.Untitled_1:PersistentLevel.minimap_2.CamMesh0 is already used by StaticMeshComponent /Temp/Untitled_1.Untitled_1:PersistentLevel.REINST_minimap_C_0.CamMesh0, which should never happen in the editor but could happen at runtime with duplicate level loading or PIE
[2017.02.19-16.53.59:740][714]LogUObjectGlobals:Warning: Guid referenced by DrawFrustumComponent /Temp/Untitled_1.Untitled_1:PersistentLevel.minimap_2.DrawFrust0 is already used by DrawFrustumComponent /Temp/Untitled_1.Untitled_1:PersistentLevel.REINST_minimap_C_0.DrawFrust0, which should never happen in the editor but could happen at runtime with duplicate level loading or PIE
[2017.02.19-16.53.59:740][714]LogUObjectGlobals:Warning: Guid referenced by SceneCaptureComponent2D /Temp/Untitled_1.Untitled_1:PersistentLevel.minimap_2.NewSceneCaptureComponent2D is already used by SceneCaptureComponent2D /Temp/Untitled_1.Untitled_1:PersistentLevel.REINST_minimap_C_0.NewSceneCaptureComponent2D, which should never happen in the editor but could happen at runtime with duplicate level loading or PIE
[2017.02.19-16.57.10:037][459]LogSavePackage: Save=46.10ms
[2017.02.19-16.57.10:037][459]LogSavePackage: Moving '../../../../../../Users/ALBERTO/Documents/VLabs_EditorAndMinimap/Vlabs_EWM/Saved/Untitled_1_Auto4A5FF9EAC4C264802C44A0A95703613D7.tmp' to '../../../../../../Users/ALBERTO/Documents/VLabs_EditorAndMinimap/Vlabs_EWM/Saved/Autosaves/Temp/Untitled_1_Auto4.umap'
[2017.02.19-16.57.10:041][459]LogSavePackage:Display: Finished SavePackage ../../../../../../Users/ALBERTO/Documents/VLabs_EditorAndMinimap/Vlabs_EWM/Saved/Autosaves/Temp/Untitled_1_Auto4.umap
[2017.02.19-16.57.10:044][459]LogFileHelpers: Editor autosave (incl. sublevels) for '/Temp/Untitled_1' took 0.101
[2017.02.19-16.57.10:044][459]LogFileHelpers: Editor autosave (incl. sublevels) for all levels took 0.101
[2017.02.19-16.57.10:048][459]OBJ SavePackage: Generating thumbnails for [0] asset(s) in package [/Game/minimap] ([1] browsable assets)...
[2017.02.19-16.57.10:048][459]OBJ SavePackage: Finished generating thumbnails for package [/Game/minimap]
[2017.02.19-16.57.10:048][459]Cmd: OBJ SAVEPACKAGE PACKAGE="/Game/minimap" FILE="../../../../../../Users/ALBERTO/Documents/VLabs_EditorAndMinimap/Vlabs_EWM/Saved/Autosaves/Game/minimap_Auto4.uasset" SILENT=false AUTOSAVING=true
[2017.02.19-16.57.10:067][459]LogSavePackage: Save=16.69ms
[2017.02.19-16.57.10:067][459]LogSavePackage: Moving '../../../../../../Users/ALBERTO/Documents/VLabs_EditorAndMinimap/Vlabs_EWM/Saved/minimap_Auto41297825D42E1448A450B5A86C612294D.tmp' to '../../../../../../Users/ALBERTO/Documents/VLabs_EditorAndMinimap/Vlabs_EWM/Saved/Autosaves/Game/minimap_Auto4.uasset'
[2017.02.19-16.57.10:071][459]LogSavePackage:Display: Finished SavePackage ../../../../../../Users/ALBERTO/Documents/VLabs_EditorAndMinimap/Vlabs_EWM/Saved/Autosaves/Game/minimap_Auto4.uasset
[2017.02.19-16.57.10:073][459]OBJ SavePackage: Generating thumbnails for [0] asset(s) in package [/Game/map_Widget] ([1] browsable assets)...
[2017.02.19-16.57.10:073][459]OBJ SavePackage: Finished generating thumbnails for package [/Game/map_Widget]
[2017.02.19-16.57.10:073][459]Cmd: OBJ SAVEPACKAGE PACKAGE="/Game/map_Widget" FILE="../../../../../../Users/ALBERTO/Documents/VLabs_EditorAndMinimap/Vlabs_EWM/Saved/Autosaves/Game/map_Widget_Auto4.uasset" SILENT=false AUTOSAVING=true
[2017.02.19-16.57.10:085][459]LogSavePackage: Save=6.77ms
[2017.02.19-16.57.10:085][459]LogSavePackage: Moving '../../../../../../Users/ALBERTO/Documents/VLabs_EditorAndMinimap/Vlabs_EWM/Saved/map_Widget_Auto4D02F131844BD64EBC78752B39D643D15.tmp' to '../../../../../../Users/ALBERTO/Documents/VLabs_EditorAndMinimap/Vlabs_EWM/Saved/Autosaves/Game/map_Widget_Auto4.uasset'
[2017.02.19-16.57.10:089][459]LogSavePackage:Display: Finished SavePackage ../../../../../../Users/ALBERTO/Documents/VLabs_EditorAndMinimap/Vlabs_EWM/Saved/Autosaves/Game/map_Widget_Auto4.uasset
[2017.02.19-16.57.10:095][459]LogSavePackage: Save=2.05ms
[2017.02.19-16.57.10:095][459]LogSavePackage: Moving '../../../../../../Users/ALBERTO/Documents/VLabs_EditorAndMinimap/Vlabs_EWM/Saved/NewTextureRenderTarget2D_Auto44649FCFD4A3D9670AFED80A71FA1DF32.tmp' to '../../../../../../Users/ALBERTO/Documents/VLabs_EditorAndMinimap/Vlabs_EWM/Saved/Autosaves/Game/NewTextureRenderTarget2D_Auto4.uasset'
[2017.02.19-16.57.10:098][459]LogSavePackage:Display: Finished SavePackage ../../../../../../Users/ALBERTO/Documents/VLabs_EditorAndMinimap/Vlabs_EWM/Saved/Autosaves/Game/NewTextureRenderTarget2D_Auto4.uasset
[2017.02.19-16.57.10:098][459]LogFileHelpers: Auto-saving content packages took 0.052
[2017.02.19-17.55.45:542][656]Cmd: OBJ SAVEPACKAGE PACKAGE="/Game/minimap" FILE="../../../../../../Users/ALBERTO/Documents/VLabs_EditorAndMinimap/Vlabs_EWM/Content/minimap.uasset" SILENT=true
[2017.02.19-17.55.45:563][656]LogSavePackage: Save=16.96ms
[2017.02.19-17.55.45:563][656]LogSavePackage: Moving '../../../../../../Users/ALBERTO/Documents/VLabs_EditorAndMinimap/Vlabs_EWM/Saved/minimapF4B4EB5F451D4322603AB1B37CB71DC3.tmp' to '../../../../../../Users/ALBERTO/Documents/VLabs_EditorAndMinimap/Vlabs_EWM/Content/minimap.uasset'
[2017.02.19-17.55.45:570][656]LogSavePackage:Display: Finished SavePackage ../../../../../../Users/ALBERTO/Documents/VLabs_EditorAndMinimap/Vlabs_EWM/Content/minimap.uasset
[2017.02.19-17.55.48:068][786]Cmd: OBJ SAVEPACKAGE PACKAGE="/Game/map_Widget" FILE="../../../../../../Users/ALBERTO/Documents/VLabs_EditorAndMinimap/Vlabs_EWM/Content/map_Widget.uasset" SILENT=true
[2017.02.19-17.55.48:084][786]LogSavePackage: Save=9.75ms
[2017.02.19-17.55.48:084][786]LogSavePackage: Moving '../../../../../../Users/ALBERTO/Documents/VLabs_EditorAndMinimap/Vlabs_EWM/Saved/map_Widget41A1A53E4EDB291CB573AEBDC0E15327.tmp' to '../../../../../../Users/ALBERTO/Documents/VLabs_EditorAndMinimap/Vlabs_EWM/Content/map_Widget.uasset'
[2017.02.19-17.55.48:091][786]LogSavePackage:Display: Finished SavePackage ../../../../../../Users/ALBERTO/Documents/VLabs_EditorAndMinimap/Vlabs_EWM/Content/map_Widget.uasset
[2017.02.19-17.55.50:368][920]Cmd: OBJ SAVEPACKAGE PACKAGE="/Game/Render-Map" FILE="../../../../../../Users/ALBERTO/Documents/VLabs_EditorAndMinimap/Vlabs_EWM/Content/Render-Map.uasset" SILENT=true
[2017.02.19-17.55.50:379][920]LogSavePackage: Save=3.80ms
[2017.02.19-17.55.50:379][920]LogSavePackage: Moving '../../../../../../Users/ALBERTO/Documents/VLabs_EditorAndMinimap/Vlabs_EWM/Saved/Render-Map677286004871A5C4227C13BB935349A1.tmp' to '../../../../../../Users/ALBERTO/Documents/VLabs_EditorAndMinimap/Vlabs_EWM/Content/Render-Map.uasset'
[2017.02.19-17.55.50:382][920]LogSavePackage:Display: Finished SavePackage ../../../../../../Users/ALBERTO/Documents/VLabs_EditorAndMinimap/Vlabs_EWM/Content/Render-Map.uasset
[2017.02.19-17.56.09:550][262]LogSavePackage: Save=39.01ms
[2017.02.19-17.56.09:550][262]LogSavePackage: Moving '../../../../../../Users/ALBERTO/Documents/VLabs_EditorAndMinimap/Vlabs_EWM/Saved/minimap_textA27DBF584F7DB87814FF12A08E93BF95.tmp' to '../../../../../../Users/ALBERTO/Documents/VLabs_EditorAndMinimap/Vlabs_EWM/Content/Maps/minimap_text.umap'
[2017.02.19-17.56.09:557][262]LogSavePackage:Display: Finished SavePackage ../../../../../../Users/ALBERTO/Documents/VLabs_EditorAndMinimap/Vlabs_EWM/Content/Maps/minimap_text.umap
[2017.02.19-17.56.09:599][262]LogFileHelpers: Saving map 'minimap_text' took 0.456
[2017.02.19-17.56.37:443][971]Cmd: OBJ SAVEPACKAGE PACKAGE="/Game/map_scene" FILE="../../../../../../Users/ALBERTO/Documents/VLabs_EditorAndMinimap/Vlabs_EWM/Content/map_scene.uasset" SILENT=true
[2017.02.19-17.56.37:453][971]LogSavePackage: Save=5.29ms
[2017.02.19-17.56.37:453][971]LogSavePackage: Moving '../../../../../../Users/ALBERTO/Documents/VLabs_EditorAndMinimap/Vlabs_EWM/Saved/map_scene61DBACA24599E7DB8CC76A853C58F6C9.tmp' to '../../../../../../Users/ALBERTO/Documents/VLabs_EditorAndMinimap/Vlabs_EWM/Content/map_scene.uasset'
[2017.02.19-17.56.37:466][971]LogSavePackage:Display: Finished SavePackage ../../../../../../Users/ALBERTO/Documents/VLabs_EditorAndMinimap/Vlabs_EWM/Content/map_scene.uasset
[2017.02.19-17.56.37:475][971]Cmd: OBJ SAVEPACKAGE PACKAGE="/Game/NewTextureRenderTarget2D" FILE="../../../../../../Users/ALBERTO/Documents/VLabs_EditorAndMinimap/Vlabs_EWM/Content/NewTextureRenderTarget2D.uasset" SILENT=true
[2017.02.19-17.56.37:488][971]LogSavePackage: Save=6.84ms
[2017.02.19-17.56.37:488][971]LogSavePackage: Moving '../../../../../../Users/ALBERTO/Documents/VLabs_EditorAndMinimap/Vlabs_EWM/Saved/NewTextureRenderTarget2D3F5197C7417F8436231EE3A3C093B9F8.tmp' to '../../../../../../Users/ALBERTO/Documents/VLabs_EditorAndMinimap/Vlabs_EWM/Content/NewTextureRenderTarget2D.uasset'
[2017.02.19-17.56.37:504][971]LogSavePackage:Display: Finished SavePackage ../../../../../../Users/ALBERTO/Documents/VLabs_EditorAndMinimap/Vlabs_EWM/Content/NewTextureRenderTarget2D.uasset
[2017.02.19-17.56.38:295][972]Cmd: QUIT_EDITOR
[2017.02.19-17.56.39:312][972]LogWindowsTextInputMethodSystem:Display: IME system now deactivated.
[2017.02.19-17.56.39:683][972]LogExit: Preparing to exit.
[2017.02.19-17.56.40:013][972]LogDirectoryWatcher: A directory notification for 'C:/Users/ALBERTO/Documents/VLabs_EditorAndMinimap/Vlabs_EWM/Content/' was aborted.
[2017.02.19-17.56.40:094][972]LogExit: Editor shut down
[2017.02.19-17.56.40:094][972]LogExit: Transaction tracking system shut down
[2017.02.19-17.56.40:346][972]LogObj: Freed 0b from 0 cluster array pools.
[2017.02.19-17.56.40:346][972]LogExit: Object subsystem successfully closed.
[2017.02.19-17.56.40:373][972]LogD3D11RHI: Shutdown
[2017.02.19-17.56.40:373][972]LogD3D11RHI: CleanupD3DDevice
[2017.02.19-17.56.40:706][972]LogD3D11RHI: ~FD3D11DynamicRHI
[2017.02.19-17.56.40:790][972]LogModuleManager: Shutting down and abandoning module TextureEditor (506)
[2017.02.19-17.56.40:790][972]LogModuleManager: Shutting down and abandoning module SequencerWidgets (504)
[2017.02.19-17.56.40:790][972]LogModuleManager: Shutting down and abandoning module BlueprintGraph (502)
[2017.02.19-17.56.40:790][972]LogModuleManager: Shutting down and abandoning module BlueprintProfiler (500)
[2017.02.19-17.56.40:791][972]LogModuleManager: Shutting down and abandoning module MovieSceneCapture (498)
[2017.02.19-17.56.40:791][972]LogModuleManager: Shutting down and abandoning module HierarchicalLODOutliner (496)
[2017.02.19-17.56.40:791][972]LogModuleManager: Shutting down and abandoning module CrashTracker (494)
[2017.02.19-17.56.40:791][972]LogModuleManager: Shutting down and abandoning module SceneOutliner (492)
[2017.02.19-17.56.40:791][972]LogModuleManager: Shutting down and abandoning module AddContentDialog (490)
[2017.02.19-17.56.40:791][972]LogDirectoryWatcher: A directory notification for 'C:/Program Files/Epic Games/UE_4.15/FeaturePacks/' was aborted.
[2017.02.19-17.56.40:796][972]LogModuleManager: Shutting down and abandoning module WidgetCarousel (489)
[2017.02.19-17.56.40:796][972]LogModuleManager: Shutting down and abandoning module EditorWidgets (486)
[2017.02.19-17.56.40:796][972]LogModuleManager: Shutting down and abandoning module CollectionManager (484)
[2017.02.19-17.56.40:796][972]LogDirectoryWatcher: A directory notification for 'C:/Users/ALBERTO/Documents/VLabs_EditorAndMinimap/Vlabs_EWM/Content/Collections/' was aborted.
[2017.02.19-17.56.40:796][972]LogDirectoryWatcher: A directory notification for 'C:/Users/ALBERTO/Documents/VLabs_EditorAndMinimap/Vlabs_EWM/Content/Developers/ALBERTO/Collections/' was aborted.
[2017.02.19-17.56.40:796][972]LogDirectoryWatcher: A directory notification for 'C:/Users/ALBERTO/Documents/VLabs_EditorAndMinimap/Vlabs_EWM/Saved/Collections/' was aborted.
[2017.02.19-17.56.40:796][972]LogModuleManager: Shutting down and abandoning module StatsViewer (482)
[2017.02.19-17.56.40:797][972]LogModuleManager: Shutting down and abandoning module FoliageEdit (480)
[2017.02.19-17.56.40:797][972]LogModuleManager: Shutting down and abandoning module LandscapeEditor (478)
[2017.02.19-17.56.40:797][972]LogModuleManager: Shutting down and abandoning module SceneDepthPickerMode (476)
[2017.02.19-17.56.40:798][972]LogModuleManager: Shutting down and abandoning module ActorPickerMode (474)
[2017.02.19-17.56.40:798][972]LogModuleManager: Shutting down and abandoning module GeometryMode (472)
[2017.02.19-17.56.40:798][972]LogModuleManager: Shutting down and abandoning module TextureAlignMode (470)
[2017.02.19-17.56.40:798][972]LogModuleManager: Shutting down and abandoning module BspMode (468)
[2017.02.19-17.56.40:800][972]LogModuleManager: Shutting down and abandoning module HardwareSurvey (466)
[2017.02.19-17.56.40:800][972]LogModuleManager: Shutting down and abandoning module SequenceRecorderSections (464)
[2017.02.19-17.56.40:800][972]LogModuleManager: Shutting down and abandoning module AutomationWorker (462)
[2017.02.19-17.56.40:800][972]LogModuleManager: Shutting down and abandoning module MatineeToLevelSequence (460)
[2017.02.19-17.56.40:800][972]LogModuleManager: Shutting down and abandoning module LevelSequenceEditor (458)
[2017.02.19-17.56.40:801][972]LogModuleManager: Shutting down and abandoning module PlacementMode (457)
[2017.02.19-17.56.40:801][972]LogModuleManager: Shutting down and abandoning module WmfMediaFactory (454)
[2017.02.19-17.56.40:801][972]LogModuleManager: Shutting down and abandoning module WmfMediaEditor (452)
[2017.02.19-17.56.40:801][972]LogModuleManager: Shutting down and abandoning module MfMediaFactory (450)
[2017.02.19-17.56.40:802][972]LogModuleManager: Shutting down and abandoning module MfMediaEditor (448)
[2017.02.19-17.56.40:802][972]LogModuleManager: Shutting down and abandoning module AvfMediaFactory (446)
[2017.02.19-17.56.40:802][972]LogModuleManager: Shutting down and abandoning module AvfMediaEditor (444)
[2017.02.19-17.56.40:802][972]LogModuleManager: Shutting down and abandoning module AndroidMediaFactory (442)
[2017.02.19-17.56.40:802][972]LogModuleManager: Shutting down and abandoning module Media (441)
[2017.02.19-17.56.40:802][972]LogModuleManager: Shutting down and abandoning module AndroidMediaEditor (438)
[2017.02.19-17.56.40:802][972]LogModuleManager: Shutting down and abandoning module CharacterAI (436)
[2017.02.19-17.56.40:802][972]LogModuleManager: Shutting down and abandoning module AudioCapture (434)
[2017.02.19-17.56.40:802][972]LogModuleManager: Shutting down and abandoning module SequenceRecorder (433)
[2017.02.19-17.56.40:802][972]LogModuleManager: Shutting down and abandoning module SmartSnapping (430)
[2017.02.19-17.56.40:803][972]LogModuleManager: Shutting down and abandoning module SessionServices (428)
[2017.02.19-17.56.40:803][972]LogModuleManager: Shutting down and abandoning module ViewportSnapping (426)
[2017.02.19-17.56.40:803][972]LogModuleManager: Shutting down and abandoning module ViewportInteraction (424)
[2017.02.19-17.56.40:803][972]LogModuleManager: Shutting down and abandoning module LogVisualizer (422)
[2017.02.19-17.56.40:803][972]LogModuleManager: Shutting down and abandoning module IntroTutorials (420)
[2017.02.19-17.56.40:804][972]LogModuleManager: Shutting down and abandoning module GameProjectGeneration (419)
[2017.02.19-17.56.40:804][972]LogModuleManager: Shutting down and abandoning module EditorLiveStreaming (416)
[2017.02.19-17.56.40:804][972]LogModuleManager: Shutting down and abandoning module IOSPlatformEditor (414)
[2017.02.19-17.56.40:805][972]LogModuleManager: Shutting down and abandoning module HTML5PlatformEditor (412)
[2017.02.19-17.56.40:805][972]LogModuleManager: Shutting down and abandoning module AndroidPlatformEditor (410)
[2017.02.19-17.56.40:805][972]LogModuleManager: Shutting down and abandoning module AndroidDeviceDetection (409)
[2017.02.19-17.56.41:006][972]LogModuleManager: Shutting down and abandoning module IOSRuntimeSettings (406)
[2017.02.19-17.56.41:007][972]LogModuleManager: Shutting down and abandoning module AndroidRuntimeSettings (404)
[2017.02.19-17.56.41:007][972]LogModuleManager: Shutting down and abandoning module InputBindingEditor (402)
[2017.02.19-17.56.41:007][972]LogModuleManager: Shutting down and abandoning module NiagaraEditor (400)
[2017.02.19-17.56.41:008][972]LogModuleManager: Shutting down and abandoning module MergeActors (398)
[2017.02.19-17.56.41:009][972]LogModuleManager: Shutting down and abandoning module SizeMap (396)
[2017.02.19-17.56.41:009][972]LogModuleManager: Shutting down and abandoning module TreeMap (394)
[2017.02.19-17.56.41:009][972]LogModuleManager: Shutting down and abandoning module ReferenceViewer (392)
[2017.02.19-17.56.41:009][972]LogModuleManager: Shutting down and abandoning module LocalizationDashboard (390)
[2017.02.19-17.56.41:009][972]LogModuleManager: Shutting down and abandoning module LocalizationService (389)
[2017.02.19-17.56.41:010][972]LogModuleManager: Shutting down and abandoning module HardwareTargeting (386)
[2017.02.19-17.56.41:010][972]LogModuleManager: Shutting down and abandoning module DeviceProfileEditor (384)
[2017.02.19-17.56.41:010][972]LogModuleManager: Shutting down and abandoning module UndoHistory (382)
[2017.02.19-17.56.41:010][972]LogModuleManager: Shutting down and abandoning module UserFeedback (380)
[2017.02.19-17.56.41:010][972]LogModuleManager: Shutting down and abandoning module XmlParser (378)
[2017.02.19-17.56.41:010][972]LogModuleManager: Shutting down and abandoning module Blutility (376)
[2017.02.19-17.56.41:010][972]LogModuleManager: Shutting down and abandoning module ProjectSettingsViewer (374)
[2017.02.19-17.56.41:010][972]LogModuleManager: Shutting down and abandoning module ProjectTargetPlatformEditor (373)
[2017.02.19-17.56.41:011][972]LogModuleManager: Shutting down and abandoning module EditorSettingsViewer (370)
[2017.02.19-17.56.41:011][972]LogModuleManager: Shutting down and abandoning module SettingsEditor (368)
[2017.02.19-17.56.41:011][972]LogModuleManager: Shutting down and abandoning module ProjectLauncher (366)
[2017.02.19-17.56.41:011][972]LogModuleManager: Shutting down and abandoning module SessionFrontend (364)
[2017.02.19-17.56.41:012][972]LogModuleManager: Shutting down and abandoning module ProfilerClient (362)
[2017.02.19-17.56.41:012][972]LogModuleManager: Shutting down and abandoning module DeviceManager (360)
[2017.02.19-17.56.41:012][972]LogModuleManager: Shutting down and abandoning module TargetDeviceServices (359)
[2017.02.19-17.56.41:056][972]LogModuleManager: Shutting down and abandoning module AutomationController (356)
[2017.02.19-17.56.41:056][972]LogModuleManager: Shutting down and abandoning module AutomationWindow (354)
[2017.02.19-17.56.41:057][972]LogModuleManager: Shutting down and abandoning module Layers (352)
[2017.02.19-17.56.41:058][972]LogModuleManager: Shutting down and abandoning module ComponentVisualizers (350)
[2017.02.19-17.56.41:058][972]LogModuleManager: Shutting down and abandoning module DetailCustomizations (348)
[2017.02.19-17.56.41:058][972]LogModuleManager: Shutting down and abandoning module PackagesDialog (346)
[2017.02.19-17.56.41:059][972]LogModuleManager: Shutting down and abandoning module Persona (344)
[2017.02.19-17.56.41:059][972]LogModuleManager: Shutting down and abandoning module AnimGraph (343)
[2017.02.19-17.56.41:059][972]LogModuleManager: Shutting down and abandoning module Kismet (340)
[2017.02.19-17.56.41:077][972]LogModuleManager: Shutting down and abandoning module GraphEditor (338)
[2017.02.19-17.56.41:077][972]LogModuleManager: Shutting down and abandoning module ClassViewer (336)
[2017.02.19-17.56.41:081][972]LogModuleManager: Shutting down and abandoning module Toolbox (334)
[2017.02.19-17.56.41:081][972]LogModuleManager: Shutting down and abandoning module ModuleUI (332)
[2017.02.19-17.56.41:081][972]LogModuleManager: Shutting down and abandoning module MovieSceneTools (330)
[2017.02.19-17.56.41:082][972]LogModuleManager: Shutting down and abandoning module OutputLog (328)
[2017.02.19-17.56.41:082][972]LogModuleManager: Shutting down and abandoning module GammaUI (326)
[2017.02.19-17.56.41:082][972]LogModuleManager: Shutting down and abandoning module Documentation (324)
[2017.02.19-17.56.41:082][972]LogModuleManager: Shutting down and abandoning module Niagara (322)
[2017.02.19-17.56.41:082][972]LogModuleManager: Shutting down and abandoning module StreamingPauseRendering (320)
[2017.02.19-17.56.41:082][972]LogModuleManager: Shutting down and abandoning module AnalyticsET (318)
[2017.02.19-17.56.41:082][972]LogModuleManager: Shutting down and abandoning module PortalServices (316)
[2017.02.19-17.56.41:082][972]LogModuleManager: Shutting down and abandoning module PortalRpc (314)
[2017.02.19-17.56.41:082][972]LogModuleManager: Shutting down and abandoning module MessagingRpc (312)
[2017.02.19-17.56.41:082][972]LogModuleManager: Shutting down and abandoning module AIModule (310)
[2017.02.19-17.56.41:082][972]LogModuleManager: Shutting down and abandoning module GameplayDebugger (309)
[2017.02.19-17.56.41:082][972]LogModuleManager: Shutting down and abandoning module AITestSuite (307)
[2017.02.19-17.56.41:082][972]LogModuleManager: Shutting down and abandoning module ProfilerService (304)
[2017.02.19-17.56.41:159][972]LogModuleManager: Shutting down and abandoning module TaskGraph (302)
[2017.02.19-17.56.41:160][972]LogModuleManager: Shutting down and abandoning module SteamVRController (300)
[2017.02.19-17.56.41:160][972]LogModuleManager: Shutting down and abandoning module SteamVR (298)
[2017.02.19-17.56.41:160][972]LogModuleManager: Shutting down and abandoning module ProceduralMeshComponentEditor (296)
[2017.02.19-17.56.41:160][972]LogModuleManager: Shutting down and abandoning module ProceduralMeshComponent (294)
[2017.02.19-17.56.41:160][972]LogModuleManager: Shutting down and abandoning module OculusLibrary (292)
[2017.02.19-17.56.41:160][972]LogModuleManager: Shutting down and abandoning module OculusInput (290)
[2017.02.19-17.56.41:160][972]LogModuleManager: Shutting down and abandoning module MobilePatchingUtils (288)
[2017.02.19-17.56.41:160][972]LogModuleManager: Shutting down and abandoning module CustomMeshComponent (286)
[2017.02.19-17.56.41:160][972]LogModuleManager: Shutting down and abandoning module CableComponent (284)
[2017.02.19-17.56.41:160][972]LogModuleManager: Shutting down and abandoning module ArchVisCharacter (282)
[2017.02.19-17.56.41:160][972]LogModuleManager: Shutting down and abandoning module MediaPlayerEditor (278)
[2017.02.19-17.56.41:160][972]LogModuleManager: Shutting down and abandoning module HTML5Networking (276)
[2017.02.19-17.56.41:160][972]LogModuleManager: Shutting down and abandoning module AlembicImporter (274)
[2017.02.19-17.56.41:161][972]LogModuleManager: Shutting down and abandoning module AlembicLibrary (273)
[2017.02.19-17.56.41:161][972]LogModuleManager: Shutting down and abandoning module GeometryCache (272)
[2017.02.19-17.56.41:161][972]LogModuleManager: Shutting down and abandoning module GeometryCacheEd (271)
[2017.02.19-17.56.41:161][972]LogModuleManager: Shutting down and abandoning module SuperSearchEditor (266)
[2017.02.19-17.56.41:161][972]LogModuleManager: Shutting down and abandoning module SuperSearch (265)
[2017.02.19-17.56.41:161][972]LogModuleManager: Shutting down and abandoning module SpeedTreeImporter (262)
[2017.02.19-17.56.41:161][972]LogModuleManager: Shutting down and abandoning module PluginBrowser (260)
[2017.02.19-17.56.41:161][972]LogModuleManager: Shutting down and abandoning module MobileLauncherProfileWizard (258)
[2017.02.19-17.56.41:161][972]LogModuleManager: Shutting down and abandoning module EpicSurvey (256)
[2017.02.19-17.56.41:161][972]LogModuleManager: Shutting down and abandoning module VisualStudioSourceCodeAccess (254)
[2017.02.19-17.56.41:161][972]LogModuleManager: Shutting down and abandoning module DesktopPlatform (253)
[2017.02.19-17.56.41:161][972]LogModuleManager: Shutting down and abandoning module UObjectPlugin (250)
[2017.02.19-17.56.41:161][972]LogModuleManager: Shutting down and abandoning module SubversionSourceControl (248)
[2017.02.19-17.56.41:161][972]LogModuleManager: Shutting down and abandoning module PerforceSourceControl (246)
[2017.02.19-17.56.41:162][972]LogModuleManager: Shutting down and abandoning module GitSourceControl (244)
[2017.02.19-17.56.41:162][972]LogModuleManager: Shutting down and abandoning module SourceControl (243)
[2017.02.19-17.56.41:162][972]LogModuleManager: Shutting down and abandoning module LightPropagationVolumeEditor (240)
[2017.02.19-17.56.41:162][972]LogModuleManager: Shutting down and abandoning module PaperTiledImporter (238)
[2017.02.19-17.56.41:162][972]LogModuleManager: Shutting down and abandoning module PaperSpriteSheetImporter (236)
[2017.02.19-17.56.41:162][972]LogModuleManager: Shutting down and abandoning module Paper2DEditor (234)
[2017.02.19-17.56.41:162][972]LogModuleManager: Shutting down and abandoning module MeshPaint (233)
[2017.02.19-17.56.41:162][972]LogModuleManager: Shutting down and abandoning module LevelEditor (231)
[2017.02.19-17.56.41:165][972]LogModuleManager: Shutting down and abandoning module PixelInspectorModule (230)
[2017.02.19-17.56.41:165][972]LogModuleManager: Shutting down and abandoning module MainFrame (228)
[2017.02.19-17.56.41:165][972]LogModuleManager: Shutting down and abandoning module HotReload (227)
[2017.02.19-17.56.41:167][972]LogModuleManager: Shutting down and abandoning module ContentBrowser (223)
[2017.02.19-17.56.41:171][972]LogModuleManager: Shutting down and abandoning module PhysXVehiclesEditor (220)
[2017.02.19-17.56.41:171][972]LogModuleManager: Shutting down and abandoning module PhysXVehicles (218)
[2017.02.19-17.56.41:171][972]LogModuleManager: Shutting down and abandoning module LocationServicesBPLibrary (216)
[2017.02.19-17.56.41:171][972]LogModuleManager: Shutting down and abandoning module UdpMessaging (214)
[2017.02.19-17.56.41:272][972]LogModuleManager: Shutting down and abandoning module TcpMessaging (212)
[2017.02.19-17.56.41:372][972]LogModuleManager: Shutting down and abandoning module GameplayTagsEditor (210)
[2017.02.19-17.56.41:372][972]LogModuleManager: Shutting down and abandoning module FacialAnimationEditor (208)
[2017.02.19-17.56.41:372][972]LogModuleManager: Shutting down and abandoning module FacialAnimation (206)
[2017.02.19-17.56.41:372][972]LogModuleManager: Shutting down and abandoning module LightPropagationVolumeRuntime (204)
[2017.02.19-17.56.41:372][972]LogModuleManager: Shutting down and abandoning module Paper2D (202)
[2017.02.19-17.56.41:372][972]LogModuleManager: Shutting down and abandoning module WindowsMoviePlayer (200)
[2017.02.19-17.56.41:372][972]LogModuleManager: Shutting down and abandoning module WmfMedia (198)
[2017.02.19-17.56.41:373][972]LogModuleManager: Shutting down and abandoning module MfMedia (196)
[2017.02.19-17.56.41:373][972]LogModuleManager: Shutting down and abandoning module MediaAssets (194)
[2017.02.19-17.56.41:373][972]LogModuleManager: Shutting down and abandoning module GameLiveStreaming (192)
[2017.02.19-17.56.41:373][972]LogModuleManager: Shutting down and abandoning module VREditor (190)
[2017.02.19-17.56.41:373][972]LogModuleManager: Shutting down and abandoning module GameplayTasksEditor (188)
[2017.02.19-17.56.41:373][972]LogModuleManager: Shutting down and abandoning module BehaviorTreeEditor (186)
[2017.02.19-17.56.41:374][972]LogModuleManager: Shutting down and abandoning module FunctionalTesting (184)
[2017.02.19-17.56.41:374][972]LogModuleManager: Shutting down and abandoning module CollisionAnalyzer (182)
[2017.02.19-17.56.41:374][972]LogModuleManager: Shutting down and abandoning module UMG (180)
[2017.02.19-17.56.41:374][972]LogModuleManager: Shutting down and abandoning module UMGEditor (179)
[2017.02.19-17.56.41:374][972]LogModuleManager: Shutting down and abandoning module Sequencer (178)
[2017.02.19-17.56.41:375][972]LogModuleManager: Shutting down and abandoning module AssetTools (176)
[2017.02.19-17.56.41:375][972]LogModuleManager: Shutting down and abandoning module MessageLog (175)
[2017.02.19-17.56.41:375][972]LogModuleManager: Shutting down and abandoning module WorkspaceMenuStructure (174)
[2017.02.19-17.56.41:375][972]LogModuleManager: Shutting down and abandoning module SlateReflector (168)
[2017.02.19-17.56.41:376][972]LogModuleManager: Shutting down and abandoning module Slate (166)
[2017.02.19-17.56.41:376][972]LogModuleManager: Shutting down and abandoning module EditorStyle (164)
[2017.02.19-17.56.41:383][972]LogModuleManager: Shutting down and abandoning module SourceCodeAccess (162)
[2017.02.19-17.56.41:383][972]LogModuleManager: Shutting down and abandoning module HeadMountedDisplay (160)
[2017.02.19-17.56.41:383][972]LogModuleManager: Shutting down and abandoning module XAudio2 (158)
[2017.02.19-17.56.41:383][972]LogModuleManager: Shutting down and abandoning module Networking (156)
[2017.02.19-17.56.41:383][972]LogModuleManager: Shutting down and abandoning module Core (152)
[2017.02.19-17.56.41:383][972]LogModuleManager: Shutting down and abandoning module AssetRegistry (150)
[2017.02.19-17.56.41:641][972]LogDirectoryWatcher: A directory notification for '../../../Engine/Content/' was aborted.
[2017.02.19-17.56.41:641][972]LogDirectoryWatcher: A directory notification for '../../../../../../Users/ALBERTO/Documents/VLabs_EditorAndMinimap/Vlabs_EWM/Content/' was aborted.
[2017.02.19-17.56.41:641][972]LogDirectoryWatcher: A directory notification for '../../../Engine/Plugins/2D/Paper2D/Content/' was aborted.
[2017.02.19-17.56.41:642][972]LogModuleManager: Shutting down and abandoning module DirectoryWatcher (149)
[2017.02.19-17.56.41:644][972]LogModuleManager: Shutting down and abandoning module KismetCompiler (146)
[2017.02.19-17.56.41:644][972]LogModuleManager: Shutting down and abandoning module PhysXFormats (144)
[2017.02.19-17.56.41:644][972]LogModuleManager: Shutting down and abandoning module MeshUtilities (142)
[2017.02.19-17.56.41:644][972]LogModuleManager: Shutting down and abandoning module SimplygonSwarm (141)
[2017.02.19-17.56.41:644][972]LogModuleManager: Shutting down and abandoning module SimplygonMeshReduction (139)
[2017.02.19-17.56.41:644][972]LogModuleManager: Shutting down and abandoning module QuadricMeshReduction (137)
[2017.02.19-17.56.41:644][972]LogModuleManager: Shutting down and abandoning module PropertyEditor (135)
[2017.02.19-17.56.41:644][972]LogModuleManager: Shutting down and abandoning module DerivedDataCache (132)
[2017.02.19-17.56.41:679][972]LogDerivedDataCache: Shutdown
[2017.02.19-17.56.41:679][972]LogModuleManager: Shutting down and abandoning module TargetPlatform (130)
[2017.02.19-17.56.41:679][972]LogModuleManager: Shutting down and abandoning module VulkanShaderFormat (129)
[2017.02.19-17.56.41:680][972]LogModuleManager: Shutting down and abandoning module ShaderFormatOpenGL (127)
[2017.02.19-17.56.41:680][972]LogModuleManager: Shutting down and abandoning module ShaderFormatD3D (125)
[2017.02.19-17.56.41:680][972]LogModuleManager: Shutting down and abandoning module MetalShaderFormat (123)
[2017.02.19-17.56.41:680][972]LogModuleManager: Shutting down and abandoning module TextureFormatUncompressed (121)
[2017.02.19-17.56.41:680][972]LogModuleManager: Shutting down and abandoning module TextureFormatPVR (119)
[2017.02.19-17.56.41:680][972]LogModuleManager: Shutting down and abandoning module TextureFormatDXT (117)
[2017.02.19-17.56.41:680][972]LogModuleManager: Shutting down and abandoning module TextureFormatIntelISPCTexComp (115)
[2017.02.19-17.56.41:680][972]LogModuleManager: Shutting down and abandoning module TextureFormatASTC (113)
[2017.02.19-17.56.41:680][972]LogModuleManager: Shutting down and abandoning module ImageWrapper (112)
[2017.02.19-17.56.41:680][972]LogModuleManager: Shutting down and abandoning module TextureFormatAndroid (109)
[2017.02.19-17.56.41:680][972]LogModuleManager: Shutting down and abandoning module AudioFormatOpus (107)
[2017.02.19-17.56.41:680][972]LogModuleManager: Shutting down and abandoning module AudioFormatOgg (105)
[2017.02.19-17.56.41:680][972]LogModuleManager: Shutting down and abandoning module AudioFormatADPCM (103)
[2017.02.19-17.56.41:680][972]LogModuleManager: Shutting down and abandoning module LinuxTargetPlatform (101)
[2017.02.19-17.56.41:680][972]LogModuleManager: Shutting down and abandoning module LinuxServerTargetPlatform (99)
[2017.02.19-17.56.41:680][972]LogModuleManager: Shutting down and abandoning module LinuxNoEditorTargetPlatform (97)
[2017.02.19-17.56.41:680][972]LogModuleManager: Shutting down and abandoning module LinuxClientTargetPlatform (95)
[2017.02.19-17.56.41:680][972]LogModuleManager: Shutting down and abandoning module TVOSTargetPlatform (93)
[2017.02.19-17.56.41:680][972]LogModuleManager: Shutting down and abandoning module Messaging (91)
[2017.02.19-17.56.41:680][972]LogModuleManager: Shutting down and abandoning module IOSTargetPlatform (89)
[2017.02.19-17.56.41:680][972]LogModuleManager: Shutting down and abandoning module HTML5TargetPlatform (87)
[2017.02.19-17.56.41:680][972]LogModuleManager: Shutting down and abandoning module Android_PVRTCTargetPlatform (85)
[2017.02.19-17.56.41:680][972]LogModuleManager: Shutting down and abandoning module Android_MultiTargetPlatform (83)
[2017.02.19-17.56.41:680][972]LogModuleManager: Shutting down and abandoning module Android_ETC2TargetPlatform (81)
[2017.02.19-17.56.41:680][972]LogModuleManager: Shutting down and abandoning module Android_ETC1TargetPlatform (79)
[2017.02.19-17.56.41:680][972]LogModuleManager: Shutting down and abandoning module Android_DXTTargetPlatform (77)
[2017.02.19-17.56.41:680][972]LogModuleManager: Shutting down and abandoning module Android_ATCTargetPlatform (75)
[2017.02.19-17.56.41:680][972]LogModuleManager: Shutting down and abandoning module Android_ASTCTargetPlatform (73)
[2017.02.19-17.56.41:680][972]LogModuleManager: Shutting down and abandoning module AndroidTargetPlatform (71)
[2017.02.19-17.56.41:680][972]LogModuleManager: Shutting down and abandoning module WindowsTargetPlatform (69)
[2017.02.19-17.56.41:680][972]LogModuleManager: Shutting down and abandoning module WindowsServerTargetPlatform (67)
[2017.02.19-17.56.41:680][972]LogModuleManager: Shutting down and abandoning module WindowsNoEditorTargetPlatform (65)
[2017.02.19-17.56.41:681][972]LogModuleManager: Shutting down and abandoning module WindowsClientTargetPlatform (63)
[2017.02.19-17.56.41:681][972]LogModuleManager: Shutting down and abandoning module MacTargetPlatform (61)
[2017.02.19-17.56.41:681][972]LogModuleManager: Shutting down and abandoning module MacServerTargetPlatform (59)
[2017.02.19-17.56.41:681][972]LogModuleManager: Shutting down and abandoning module MacNoEditorTargetPlatform (57)
[2017.02.19-17.56.41:681][972]LogModuleManager: Shutting down and abandoning module MacClientTargetPlatform (55)
[2017.02.19-17.56.41:681][972]LogModuleManager: Shutting down and abandoning module AllDesktopTargetPlatform (53)
[2017.02.19-17.56.41:681][972]LogModuleManager: Shutting down and abandoning module InputCore (50)
[2017.02.19-17.56.41:681][972]LogModuleManager: Shutting down and abandoning module Settings (48)
[2017.02.19-17.56.41:681][972]LogModuleManager: Shutting down and abandoning module OculusRift (46)
[2017.02.19-17.56.41:681][972]LogModuleManager: Shutting down and abandoning module ExampleDeviceProfileSelector (44)
[2017.02.19-17.56.41:681][972]LogModuleManager: Shutting down and abandoning module OnlineBlueprintSupport (42)
[2017.02.19-17.56.41:681][972]LogModuleManager: Shutting down and abandoning module OnlineSubsystem (38)
[2017.02.19-17.56.41:681][972]LogOnline:Display: Unloading online subsystem: NULL
[2017.02.19-17.56.41:681][972]LogModuleManager: Shutting down and abandoning module XMPP (37)
[2017.02.19-17.56.41:681][972]LogModuleManager: Shutting down and abandoning module HTTP (35)
[2017.02.19-17.56.41:682][972]LogHttp:Display: Http module shutting down, but needs to wait on 1 outstanding Http requests:
[2017.02.19-17.56.41:682][972]LogHttp:Display: 	verb=[POST] url=[https://datarouter.ol.epicgames.com/datarouter/api/v1/public/data?SessionID=%7BA7B0E521-4CB8-54A2-0570-03BD561B1EF3%7D&AppID=UEEditor.Rocket.Release&AppVersion=4.15.0-3299760%2B%2B%2BUE4%2BRelease-4.15&UserID=a5291aa14ea540f516a58dbae9b5c0d1%7C4d5838da4a12450283be1c6d95e4f138%7Cedd6f1ac-7299-49cc-af49-5dd49ba70df9&AppEnvironment=datacollector-binary&UploadType=eteventstream] status=Processing
[2017.02.19-17.56.41:685][972]LogModuleManager: Shutting down and abandoning module SSL (34)
[2017.02.19-17.56.41:688][972]LogModuleManager: Shutting down and abandoning module AudioEditor (30)
[2017.02.19-17.56.41:689][972]LogModuleManager: Shutting down and abandoning module TextureCompressor (28)
[2017.02.19-17.56.41:689][972]LogModuleManager: Shutting down and abandoning module ShaderCore (26)
[2017.02.19-17.56.41:689][972]LogModuleManager: Shutting down and abandoning module Landscape (24)
[2017.02.19-17.56.41:689][972]LogModuleManager: Shutting down and abandoning module SlateRHIRenderer (22)
[2017.02.19-17.56.41:693][972]LogModuleManager: Shutting down and abandoning module OpenGLDrv (20)
[2017.02.19-17.56.41:694][972]LogModuleManager: Shutting down and abandoning module D3D11RHI (18)
[2017.02.19-17.56.41:694][972]LogModuleManager: Shutting down and abandoning module AnimGraphRuntime (16)
[2017.02.19-17.56.41:694][972]LogModuleManager: Shutting down and abandoning module Renderer (14)
[2017.02.19-17.56.41:694][972]LogModuleManager: Shutting down and abandoning module Engine (12)
[2017.02.19-17.56.41:694][972]LogModuleManager: Shutting down and abandoning module CoreUObject (10)
[2017.02.19-17.56.41:694][972]LogModuleManager: Shutting down and abandoning module NetworkFile (8)
[2017.02.19-17.56.41:694][972]LogModuleManager: Shutting down and abandoning module StreamingFile (6)
[2017.02.19-17.56.41:695][972]LogModuleManager: Shutting down and abandoning module SandboxFile (4)
[2017.02.19-17.56.41:695][972]LogModuleManager: Shutting down and abandoning module PakFile (2)
[2017.02.19-17.56.41:702][972]LogExit: Exiting.
[2017.02.19-17.56.41:723][972]Log file closed, 02/19/17 18:56:41
