Log file open, 02/19/17 18:51:32
LogInit:Display: Running engine for game: Vlabs_EWM
LogPlatformFile: Not using cached read wrapper
LogInit:Display: RandInit(1455094843) SRandInit(1455094843).
LogTaskGraph: Started task graph with 5 named threads and 6 total threads with 1 sets of task threads.
LogStats: Stats thread started at 0.058922
LogInit: Using libcurl 7.47.1
LogInit:  - built for x86_64-pc-win32
LogInit:  - supports SSL with OpenSSL/1.0.2g
LogInit:  - supports HTTP deflate (compression) using libz 1.2.8
LogInit:  - other features:
LogInit:      CURL_VERSION_SSL
LogInit:      CURL_VERSION_LIBZ
LogInit:      CURL_VERSION_IPV6
LogInit:      CURL_VERSION_ASYNCHDNS
LogInit:      CURL_VERSION_LARGEFILE
LogInit:      CURL_VERSION_IDN
LogInit:  CurlRequestOptions (configurable via config and command line):
LogInit:  - bVerifyPeer = false  - Libcurl will NOT verify peer certificate
LogInit:  - bUseHttpProxy = false  - Libcurl will NOT use HTTP proxy
LogInit:  - bDontReuseConnections = false  - Libcurl will reuse connections
LogInit:  - CertBundlePath = nullptr  - Libcurl will use whatever was configured at build time.
LogInit: Build: ++UE4+Release-4.15-CL-3299760
LogInit: Engine Version: 4.15.0-3299760+++UE4+Release-4.15
LogInit: Compatible Engine Version: 4.15.0-3299760+++UE4+Release-4.15
LogInit: Net CL: 3299760
LogDevObjectVersion: Number of dev versions registered: 14
LogDevObjectVersion:   Dev-Blueprints (B0D832E4-1F89-4F0D-ACCF-7EB736FD4AA2): 8
LogDevObjectVersion:   Dev-Build (E1C64328-A22C-4D53-A36C-8E866417BD8C): 0
LogDevObjectVersion:   Dev-Core (375EC13C-06E4-48FB-B500-84F0262A717E): 2
LogDevObjectVersion:   Dev-Editor (E4B068ED-F494-42E9-A231-DA0B2E46BB41): 14
LogDevObjectVersion:   Dev-Framework (CFFC743F-43B0-4480-9391-14DF171D2073): 22
LogDevObjectVersion:   Dev-Mobile (B02B49B5-BB20-44E9-A304-32B752E40360): 0
LogDevObjectVersion:   Dev-Networking (A4E4105C-59A1-49B5-A7C5-40C4547EDFEE): 0
LogDevObjectVersion:   Dev-Online (39C831C9-5AE6-47DC-9A44-9C173E1C8E7C): 0
LogDevObjectVersion:   Dev-Physics (78F01B33-EBEA-4F98-B9B4-84EACCB95AA2): 0
LogDevObjectVersion:   Dev-Platform (6631380F-2D4D-43E0-8009-CF276956A95A): 0
LogDevObjectVersion:   Dev-Rendering (12F88B9F-8875-4AFC-A67C-D90C383ABD29): 12
LogDevObjectVersion:   Dev-Sequencer (7B5AE74C-D270-4C10-A958-57980B212A5A): 3
LogDevObjectVersion:   Dev-VR (D7296918-1DD6-4BDD-9DE2-64A83CC13884): 0
LogDevObjectVersion:   Dev-LoadTimes (C2A15278-BFE7-4AFE-6C17-90FF531DF755): 1
LogInit: Compiled (64-bit): Feb 14 2017 02:04:14
LogInit: Compiled with Visual C++: 19.00.23026.00
LogInit: Build Configuration: Development
LogInit: Branch Name: ++UE4+Release-4.15
LogInit: Command line:  
LogInit: Base directory: D:/UnrealInstallations/UE4.15/UE_4.15/Engine/Binaries/Win64/
LogInit: Installed Engine Build: 1
LogInit: Presizing for max 8388607 objects, including 0 objects not considered by GC, pre-allocating 0 bytes for permanent pool.
LogInit: Object subsystem initialized
[2017.02.19-17.51.33:325][  0]LogInit: Selected Device Profile: [Windows]
[2017.02.19-17.51.33:325][  0]LogInit: Applying CVar settings loaded from the selected device profile: [Windows]
[2017.02.19-17.51.33:389][  0]LogInit: Computer: VIGAMUS-07
[2017.02.19-17.51.33:389][  0]LogInit: User: vigamus07
[2017.02.19-17.51.33:389][  0]LogInit: CPU Page size=65536, Cores=2
[2017.02.19-17.51.33:389][  0]LogInit: High frequency timer resolution =2.533200 MHz
[2017.02.19-17.51.33:390][  0]LogMemory: Memory total: Physical=7.9GB (8GB approx)
[2017.02.19-17.51.33:390][  0]LogMemory: Platform Memory Stats for Windows
[2017.02.19-17.51.33:390][  0]LogMemory: Process Physical Memory: 262.40 MB used, 262.40 MB peak
[2017.02.19-17.51.33:390][  0]LogMemory: Process Virtual Memory: 262.15 MB used, 262.15 MB peak
[2017.02.19-17.51.33:390][  0]LogMemory: Physical Memory: 2980.51 MB used,  5120.99 MB free, 8101.50 MB total
[2017.02.19-17.51.33:390][  0]LogMemory: Virtual Memory: 641.94 MB used,  5120.99 MB free, 134217728.00 MB total
[2017.02.19-17.51.33:507][  0]LogTextLocalizationManager: No specific translations for ('en-GB') exist, so ('en') translations will be used.
[2017.02.19-17.51.35:816][  0]LogD3D11RHI: D3D11 adapters:
[2017.02.19-17.51.35:843][  0]LogD3D11RHI:    0. 'NVIDIA GeForce GTX 750 Ti' (Feature Level 11_0)
[2017.02.19-17.51.35:843][  0]LogD3D11RHI:       1995/0/4050 MB DedicatedVideo/DedicatedSystem/SharedSystem, Outputs:1, VendorId:0x10de
[2017.02.19-17.51.35:849][  0]LogD3D11RHI:    1. 'Intel(R) HD Graphics Family' (Feature Level 11_0)
[2017.02.19-17.51.35:849][  0]LogD3D11RHI:       112/0/4050 MB DedicatedVideo/DedicatedSystem/SharedSystem, Outputs:0, VendorId:0x8086
[2017.02.19-17.51.35:850][  0]LogD3D11RHI:    2. 'Microsoft Basic Render Driver' (Feature Level 11_0)
[2017.02.19-17.51.35:850][  0]LogD3D11RHI:       0/0/4050 MB DedicatedVideo/DedicatedSystem/SharedSystem, Outputs:0, VendorId:0x1414
[2017.02.19-17.51.35:850][  0]LogD3D11RHI: Chosen D3D11 Adapter: 0
[2017.02.19-17.51.35:853][  0]LogD3D11RHI: Creating new Direct3DDevice
[2017.02.19-17.51.35:853][  0]LogD3D11RHI:     GPU DeviceId: 0x1392 (for the marketing name, search the web for "GPU Device Id")
[2017.02.19-17.51.35:853][  0]LogWindows: EnumDisplayDevices:
[2017.02.19-17.51.35:853][  0]LogWindows:    0. 'Intel(R) HD Graphics Family' (P:1 D:1)
[2017.02.19-17.51.35:854][  0]LogWindows:    1. 'Intel(R) HD Graphics Family' (P:0 D:0)
[2017.02.19-17.51.35:854][  0]LogWindows:    2. 'Intel(R) HD Graphics Family' (P:0 D:0)
[2017.02.19-17.51.35:854][  0]LogWindows: DebugString: PrimaryIsNotTheChoosenAdapter PrimaryIsNotTheChoosenAdapter PrimaryIsNotTheChoosenAdapter FoundDriverCount:0 
[2017.02.19-17.51.35:854][  0]LogD3D11RHI:     Adapter Name: NVIDIA GeForce GTX 750 Ti
[2017.02.19-17.51.35:854][  0]LogD3D11RHI:   Driver Version: Unknown (internal:Unknown, unified:Unknown)
[2017.02.19-17.51.35:854][  0]LogD3D11RHI:      Driver Date: Unknown
[2017.02.19-17.51.35:854][  0]LogRHI: Texture pool is 1361 MB (70% of 1945 MB)
[2017.02.19-17.51.35:868][  0]LogD3D11RHI: NvAPI_D3D_GetCurrentSLIState failed: 0xfffffff7
[2017.02.19-17.51.35:868][  0]LogD3D11RHI: Async texture creation enabled
[2017.02.19-17.51.35:885][  0]LogD3D11RHI: GPU Timing Frequency: 1000.000000 (Debug: 2 2)
[2017.02.19-17.51.35:885][  0]LogShaderCompilers: Guid format shader working directory is -6 characters bigger than the processId version (../../../../../../Repos/VlabsEditorPlusMinimap/Vlabs_EWM/Intermediate/Shaders/WorkingDirectory/5884/).
[2017.02.19-17.51.35:885][  0]LogShaderCompilers: Cleaned the shader compiler working directory 'C:/Users/vigamus07/AppData/Local/Temp/UnrealShaderWorkingDir/222BF940494F68ABC6580DAE530ACF71/'.
[2017.02.19-17.51.35:885][  0]LogShaderCompilers:Display: Using Local Shader Compiler.
[2017.02.19-17.51.38:619][  0]LogTemp:Display: Loaded TP AllDesktopTargetPlatform
[2017.02.19-17.51.38:667][  0]LogTemp:Display: Loaded TP MacClientTargetPlatform
[2017.02.19-17.51.38:713][  0]LogTemp:Display: Loaded TP MacNoEditorTargetPlatform
[2017.02.19-17.51.38:760][  0]LogTemp:Display: Loaded TP MacServerTargetPlatform
[2017.02.19-17.51.38:834][  0]LogTemp:Display: Loaded TP MacTargetPlatform
[2017.02.19-17.51.38:883][  0]LogTemp:Display: Loaded TP WindowsClientTargetPlatform
[2017.02.19-17.51.38:928][  0]LogTemp:Display: Loaded TP WindowsNoEditorTargetPlatform
[2017.02.19-17.51.38:974][  0]LogTemp:Display: Loaded TP WindowsServerTargetPlatform
[2017.02.19-17.51.39:010][  0]LogTemp:Display: Loaded TP WindowsTargetPlatform
[2017.02.19-17.51.39:057][  0]LogTemp:Display: Loaded TP AndroidTargetPlatform
[2017.02.19-17.51.39:102][  0]LogTemp:Display: Loaded TP Android_ASTCTargetPlatform
[2017.02.19-17.51.39:147][  0]LogTemp:Display: Loaded TP Android_ATCTargetPlatform
[2017.02.19-17.51.39:192][  0]LogTemp:Display: Loaded TP Android_DXTTargetPlatform
[2017.02.19-17.51.39:238][  0]LogTemp:Display: Loaded TP Android_ETC1TargetPlatform
[2017.02.19-17.51.39:285][  0]LogTemp:Display: Loaded TP Android_ETC2TargetPlatform
[2017.02.19-17.51.39:375][  0]LogTemp:Display: Loaded TP Android_MultiTargetPlatform
[2017.02.19-17.51.39:375][  0]LogTemp:Display: Loaded TP Android_PVRTCTargetPlatform
[2017.02.19-17.51.39:403][  0]LogTemp:Display: Loaded TP HTML5TargetPlatform
[2017.02.19-17.51.39:528][  0]LogTemp:Display: Loaded TP IOSTargetPlatform
[2017.02.19-17.51.39:617][  0]LogTemp:Display: Loaded TP TVOSTargetPlatform
[2017.02.19-17.51.39:698][  0]LogTemp:Display: Loaded TP LinuxClientTargetPlatform
[2017.02.19-17.51.39:789][  0]LogTemp:Display: Loaded TP LinuxNoEditorTargetPlatform
[2017.02.19-17.51.39:885][  0]LogTemp:Display: Loaded TP LinuxServerTargetPlatform
[2017.02.19-17.51.39:981][  0]LogTemp:Display: Loaded TP LinuxTargetPlatform
[2017.02.19-17.51.39:981][  0]LogTargetPlatformManager:Display: Building Assets For Windows
[2017.02.19-17.51.40:609][  0]LogDerivedDataCache:Display: Max Cache Size: 512 MB
[2017.02.19-17.51.41:049][  0]LogDerivedDataCache: Loaded boot cache 0.44s 50MB C:/Users/vigamus07/AppData/Local/UnrealEngine/4.15/DerivedDataCache/Boot.ddc.
[2017.02.19-17.51.41:049][  0]LogDerivedDataCache:Display: Loaded Boot cache: C:/Users/vigamus07/AppData/Local/UnrealEngine/4.15/DerivedDataCache/Boot.ddc
[2017.02.19-17.51.41:049][  0]LogDerivedDataCache: FDerivedDataBackendGraph:  Pak pak cache file ../../../../../../Repos/VlabsEditorPlusMinimap/Vlabs_EWM/DerivedDataCache/DDC.ddp not found, will not use a pak cache.
[2017.02.19-17.51.41:049][  0]LogDerivedDataCache: Unable to find inner node Pak for hierarchical cache Hierarchy.
[2017.02.19-17.51.41:049][  0]LogDerivedDataCache: FDerivedDataBackendGraph:  CompressedPak pak cache file ../../../../../../Repos/VlabsEditorPlusMinimap/Vlabs_EWM/DerivedDataCache/Compressed.ddp not found, will not use a pak cache.
[2017.02.19-17.51.41:049][  0]LogDerivedDataCache: Unable to find inner node CompressedPak for hierarchical cache Hierarchy.
[2017.02.19-17.51.41:073][  0]LogDerivedDataCache:Display: Pak cache opened for reading ../../../Engine/DerivedDataCache/Compressed.ddp.
[2017.02.19-17.51.41:086][  0]LogDerivedDataCache: Using Local data cache path C:/Users/vigamus07/AppData/Local/UnrealEngine/Common/DerivedDataCache: Writable
[2017.02.19-17.51.41:099][  0]LogSlate: Using Freetype 2.6.0
[2017.02.19-17.51.41:118][  0]LogSlate: SlateFontCache - WITH_FREETYPE: 1, WITH_HARFBUZZ: 1
[2017.02.19-17.51.41:118][  0]LogSlate: SlateFontCache - WITH_FREETYPE: 1, WITH_HARFBUZZ: 1
[2017.02.19-17.51.41:528][  0]LogInit: Selected Device Profile: [Windows]
[2017.02.19-17.51.41:531][  0]LogContentStreaming: Texture pool size is 0.00 MB
[2017.02.19-17.51.41:703][  0]LogMeshUtilities: Using QuadricMeshReduction for automatic static mesh reduction
[2017.02.19-17.51.41:733][  0]LogSimplygon: Simplygon DLL not present - disabling.
[2017.02.19-17.51.41:763][  0]LogMeshUtilities: Using SimplygonSwarm for distributed automatic mesh merging
[2017.02.19-17.51.41:763][  0]LogMeshUtilities: No automatic skeletal mesh reduction module available
[2017.02.19-17.51.41:763][  0]LogMeshUtilities: No automatic mesh merging module available
[2017.02.19-17.51.42:367][  0]LogNetVersion: GetLocalNetworkVersion: CL: 3299760, ProjectName: vlabs_ewm, ProjectVersion: , EngineNetworkVersion: 2, GameNetworkVersion: 0, NetworkChecksum: 4118958680
[2017.02.19-17.51.42:414][  0]LogAssetRegistry: FAssetRegistry took 0.0220 seconds to start up
[2017.02.19-17.51.42:463][  0]LogPackageLocalizationCache: Processed 3 localized package path(s) for 2 prioritized culture(s) in 0.026490 seconds
[2017.02.19-17.51.42:469][  0]LogUObjectArray: 32475 objects as part of root set at end of initial load.
[2017.02.19-17.51.42:469][  0]LogUObjectAllocator: 7073368 out of 0 bytes used by permanent object pool.
[2017.02.19-17.51.42:469][  0]LogUObjectArray: CloseDisregardForGC: 0/0 objects in disregard for GC pool
[2017.02.19-17.51.42:509][  0]LogInit: WinSock: version 1.1 (2.2), MaxSocks=32767, MaxUdp=65467
[2017.02.19-17.51.47:889][  0]LogTcpMessaging: Initializing TcpMessaging bridge
[2017.02.19-17.51.47:919][  0]LogUdpMessaging: Initializing bridge on interface 0.0.0.0:0 to multicast group 230.0.0.1:6666.
[2017.02.19-17.51.48:282][  0]LogMaterial: Uniform references updated for custom material expression Custom.
[2017.02.19-17.51.48:559][  0]SourceControl: Info Source control is disabled
[2017.02.19-17.51.48:602][  0]SourceControl: Info Source control is disabled
[2017.02.19-17.51.48:639][  0]SourceControl: Info Source control is disabled
[2017.02.19-17.51.48:668][  0]SourceControl: Info Source control is disabled
[2017.02.19-17.51.49:626][  0]LogEngine: Initializing Engine...
[2017.02.19-17.51.49:626][  0]LogHMD: Failed to initialize OpenVR with code 110
[2017.02.19-17.51.49:838][  0]LogAIModule: Creating AISystem for world Untitled
[2017.02.19-17.51.49:845][  0]LogInit: XAudio2 using 'SAMSUNG (Audio Intel(R) per schermi)' : 2 channels at 48 kHz using 16 bits per sample (channel mask 0x3)
[2017.02.19-17.51.49:856][  0]LogInit: FAudioDevice initialized.
[2017.02.19-17.51.49:884][  0]LogDerivedDataCache: Saved boot cache 0.03s 50MB C:/Users/vigamus07/AppData/Local/UnrealEngine/4.15/DerivedDataCache/Boot.ddc.
[2017.02.19-17.51.49:892][  0]LogInit: Texture streaming: Enabled
[2017.02.19-17.51.49:959][  0]LogEngineSessionManager: EngineSessionManager initialized
[2017.02.19-17.51.50:020][  0]LogInit: Transaction tracking system initialized
[2017.02.19-17.51.50:293][  0]BlueprintLog: New page: Editor Load
[2017.02.19-17.51.51:820][  0]LocalizationService: Info Localization service is disabled
[2017.02.19-17.51.52:674][  0]LogConsoleResponse:Display: 
[2017.02.19-17.51.52:897][  0]LogCook:Display: Max memory allowance for cook 16384mb min free memory 0mb
[2017.02.19-17.51.52:897][  0]LogCook:Display: Mobile HDR setting 1
[2017.02.19-17.51.53:618][  0]LogFileCache: Scanning file cache for directory 'D:/Repos/VlabsEditorPlusMinimap/Vlabs_EWM/Content/' took 0.01s
[2017.02.19-17.51.53:954][  0]SourceControl: Info Source control is disabled
[2017.02.19-17.51.53:954][  0]Cmd: MAP LOAD FILE="../../../Engine/Content/Maps/Templates/Template_Default.umap" TEMPLATE=1 SHOWPROGRESS=1 FEATURELEVEL=3
[2017.02.19-17.51.53:955][  0]LightingResults: New page: Lighting Build
[2017.02.19-17.51.54:012][  0]MapCheck: New page: Map Check
[2017.02.19-17.51.54:012][  0]LightingResults: New page: Lighting Build
[2017.02.19-17.51.54:462][  0]LogAIModule: Creating AISystem for world Untitled_1
[2017.02.19-17.51.54:464][  0]LogActorComponent: RegisterComponentWithWorld: (/Temp/Untitled_1.Untitled_1:PersistentLevel.WorldSettings_1.StaticMeshComponent0) Trying to register component with IsPendingKill() == true. Aborting.
[2017.02.19-17.51.54:471][  0]LogEditorServer: Finished looking for orphan Actors (0.000 secs)
[2017.02.19-17.51.54:476][  0]Cmd: MAP CHECKDEP NOCLEARLOG
[2017.02.19-17.51.54:527][  0]MapCheck: Info Map check complete: 0 Error(s), 0 Warning(s), took 50.666ms to complete.
[2017.02.19-17.51.54:527][  0]LogFileHelpers: Loading map 'Template_Default' took 0.573
[2017.02.19-17.51.54:867][  0]LogCollectionManager: Loaded 0 collections in 0.001583 seconds
[2017.02.19-17.51.54:960][  0]LogFileCache: Scanning file cache for directory 'D:/Repos/VlabsEditorPlusMinimap/Vlabs_EWM/Saved/Collections/' took 0.01s
[2017.02.19-17.51.54:960][  0]LogFileCache: Scanning file cache for directory 'D:/Repos/VlabsEditorPlusMinimap/Vlabs_EWM/Content/Developers/vigamus07/Collections/' took 0.01s
[2017.02.19-17.51.54:960][  0]LogFileCache: Scanning file cache for directory 'D:/Repos/VlabsEditorPlusMinimap/Vlabs_EWM/Content/Collections/' took 0.01s
[2017.02.19-17.51.54:960][  0]LogCollectionManager: Rebuilt the GUID cache for 0 collections in 0.000002 seconds
[2017.02.19-17.51.54:977][  0]LogContentBrowser: Native class hierarchy populated in 0.0172 seconds. Added 2244 classes and 450 folders.
[2017.02.19-17.51.54:985][  0]LogStats: UGameplayTagsManager::ConstructGameplayTagTree: Construct from data asset -  0.000 s
[2017.02.19-17.51.54:985][  0]LogStats: UGameplayTagsManager::ConstructGameplayTagTree: GameplayTagTreeChangedEvent.Broadcast -  0.000 s
[2017.02.19-17.51.55:069][  0]LogContentBrowser: Native class hierarchy updated for 'WidgetCarousel' in 0.0009 seconds. Added 0 classes and 0 folders.
[2017.02.19-17.51.55:629][  0]LogContentBrowser: Native class hierarchy updated for 'AddContentDialog' in 0.0009 seconds. Added 0 classes and 0 folders.
[2017.02.19-17.51.55:692][  0]LogContentBrowser: Native class hierarchy updated for 'SceneOutliner' in 0.0014 seconds. Added 1 classes and 2 folders.
[2017.02.19-17.51.55:768][  0]LogCrashTracker: Crashtracker disabled due to settings.
[2017.02.19-17.51.55:788][  0]LogUObjectGlobals:Warning: Failed to find object 'Class None.'
[2017.02.19-17.51.55:862][  0]LogContentBrowser: Native class hierarchy updated for 'HierarchicalLODOutliner' in 0.0010 seconds. Added 1 classes and 2 folders.
[2017.02.19-17.51.55:863][  0]LogLoad: (Engine Initialization) Total time: 24.12 seconds
[2017.02.19-17.51.55:863][  0]LogLoad: (Engine Initialization) Total Blueprint compile time: 0.21 seconds
[2017.02.19-17.51.55:863][  0]LogExternalProfiler: Found external profiler: VSPerf
[2017.02.19-17.51.55:863][  0]LogExternalProfiler: Using external profiler: VSPerf
[2017.02.19-17.51.55:873][  0]LogOcInput: OculusInput pre-init called
[2017.02.19-17.51.55:894][  0]LogContentStreaming: Texture pool size now 1000 MB
[2017.02.19-17.51.55:896][  0]LogSlate: Took 0.000231 seconds to synchronously load lazily loaded font '../../../Engine/Content/Slate/Fonts/Roboto-Regular.ttf' (155K)
[2017.02.19-17.51.55:951][  0]LogSlate: Took 0.048863 seconds to synchronously load lazily loaded font '../../../Engine/Content/Slate/Fonts/Roboto-Bold.ttf' (160K)
[2017.02.19-17.51.55:985][  0]LogSlate: Took 0.024664 seconds to synchronously load lazily loaded font '../../../Engine/Content/Editor/Slate/Fonts/FontAwesome.ttf' (139K)
[2017.02.19-17.51.55:986][  0]LogSlate: Took 0.000145 seconds to synchronously load lazily loaded font '../../../Engine/Content/Editor/Slate/Fonts/DroidSansMono.ttf' (77K)
[2017.02.19-17.51.56:208][  0]LogRenderer: Reallocating scene render targets to support 804x276 NumSamples 1 (Frame:2).
[2017.02.19-17.51.56:379][  2]LogAssetRegistry: Asset discovery search completed in 13.9877 seconds
[2017.02.19-17.51.56:380][  2]LogCollectionManager: Rebuilt the object cache for 0 collections in 0.000004 seconds (found 0 objects)
[2017.02.19-17.51.56:380][  2]LogCollectionManager: Fixed up redirectors for 0 collections in 0.000149 seconds (updated 0 objects)
[2017.02.19-17.51.56:917][ 50]LogSlate: Took 0.005747 seconds to synchronously load lazily loaded font '../../../Engine/Content/Slate/Fonts/Roboto-Light.ttf' (159K)
[2017.02.19-17.52.06:180][478]LogDesktopPlatform:Warning: Error reading results of folder dialog.
[2017.02.19-17.52.07:142][568]LogSlate: Took 0.000313 seconds to synchronously load lazily loaded font '../../../Engine/Content/Slate/Fonts/Roboto-Light.ttf' (159K)
[2017.02.19-17.52.09:966][870]LogSlate: Took 0.000174 seconds to synchronously load lazily loaded font '../../../Engine/Content/Slate/Fonts/Roboto-Light.ttf' (159K)
[2017.02.19-17.52.10:473][870]LogContentBrowser: Native class hierarchy updated for 'BlueprintGraph' in 0.0010 seconds. Added 112 classes and 0 folders.
[2017.02.19-17.52.11:126][870]LogSlate: Took 0.000243 seconds to synchronously load lazily loaded font '../../../Engine/Content/Slate/Fonts/Roboto-Regular.ttf' (155K)
[2017.02.19-17.52.11:302][870]LogSlate: Took 0.008139 seconds to synchronously load lazily loaded font '../../../Engine/Content/Editor/Slate/Fonts/Roboto-BoldCondensed.ttf' (158K)
[2017.02.19-17.52.11:560][871]LogSlate: Took 0.003760 seconds to synchronously load lazily loaded font '../../../Engine/Content/Editor/Slate/Fonts/Roboto-Italic.ttf' (157K)
[2017.02.19-17.52.41:802][992]BlueprintLog: New page: Compile BP_EditorPawn
[2017.02.19-17.52.46:997][452]LogAIModule: Creating AISystem for world InGameEditor
[2017.02.19-17.52.49:530][452]Cmd: OBJ SAVEPACKAGE PACKAGE="/Game/Blueprints/BP_EditorPawn" FILE="../../../../../../Repos/VlabsEditorPlusMinimap/Vlabs_EWM/Content/Blueprints/BP_EditorPawn.uasset" SILENT=true
[2017.02.19-17.52.49:583][452]LogSavePackage: Save=49.16ms
[2017.02.19-17.52.49:583][452]LogSavePackage: Moving '../../../../../../Repos/VlabsEditorPlusMinimap/Vlabs_EWM/Saved/BP_EditorPawn3BD8AB954981EBAB0BA7DA8EF6C7F336.tmp' to '../../../../../../Repos/VlabsEditorPlusMinimap/Vlabs_EWM/Content/Blueprints/BP_EditorPawn.uasset'
[2017.02.19-17.52.49:586][452]LogSavePackage:Display: Finished SavePackage ../../../../../../Repos/VlabsEditorPlusMinimap/Vlabs_EWM/Content/Blueprints/BP_EditorPawn.uasset
[2017.02.19-17.52.49:587][452]Cmd: MAP LOAD FILE="../../../../../../Repos/VlabsEditorPlusMinimap/Vlabs_EWM/Content/Maps/InGameEditor.umap" TEMPLATE=0 SHOWPROGRESS=1 FEATURELEVEL=3
[2017.02.19-17.52.49:588][452]LightingResults: New page: Lighting Build
[2017.02.19-17.52.49:590][452]LoadErrors: New page: Loading map: InGameEditor.umap
[2017.02.19-17.52.49:591][452]MapCheck: New page: Map Check
[2017.02.19-17.52.49:591][452]LightingResults: New page: Lighting Build
[2017.02.19-17.52.49:629][452]LogEditorServer: Finished looking for orphan Actors (0.000 secs)
[2017.02.19-17.52.49:659][452]Cmd: MAP CHECKDEP NOCLEARLOG
[2017.02.19-17.52.49:696][452]MapCheck: Info Map check complete: 0 Error(s), 0 Warning(s), took 36.85ms to complete.
[2017.02.19-17.52.49:697][452]LogFileHelpers: Loading map 'InGameEditor' took 0.111
[2017.02.19-17.52.51:187][584]LogTemp: Repeting last play command: New Editor Window (PIE)
[2017.02.19-17.52.51:216][584]LogPlayLevel: PlayLevel: No blueprints needed recompiling
[2017.02.19-17.52.51:216][584]PIE: New page: PIE session: InGameEditor (19 Feb 2017 19:52:51)
[2017.02.19-17.52.51:217][584]LogPlayLevel: Creating play world package: /Game/Maps/UEDPIE_0_InGameEditor
[2017.02.19-17.52.51:219][584]LogPlayLevel: PIE: StaticDuplicateObject took: (0.002173s)
[2017.02.19-17.52.51:221][584]LogAIModule: Creating AISystem for world InGameEditor
[2017.02.19-17.52.51:221][584]LogPlayLevel: PIE: World Init took: (0.001666s)
[2017.02.19-17.52.51:221][584]LogPlayLevel: PIE: Created PIE world by copying editor world from /Game/Maps/InGameEditor.InGameEditor to /Game/Maps/UEDPIE_0_InGameEditor.InGameEditor (0.004699s)
[2017.02.19-17.52.51:257][584]LogInit: XAudio2 using 'SAMSUNG (Audio Intel(R) per schermi)' : 2 channels at 48 kHz using 16 bits per sample (channel mask 0x3)
[2017.02.19-17.52.51:260][584]LogInit: FAudioDevice initialized.
[2017.02.19-17.52.51:315][584]LogLoad: Game class is 'GameModeBase'
[2017.02.19-17.52.51:318][584]LogWorld: Bringing World /Game/Maps/UEDPIE_0_InGameEditor.InGameEditor up for play (max tick rate 0) at 2017.02.19-18.52.51
[2017.02.19-17.52.51:318][584]LogWorld: Bringing up level for play took: 0.002284
[2017.02.19-17.52.51:352][584]LogContentBrowser: Native class hierarchy updated for 'MovieSceneCapture' in 0.0016 seconds. Added 11 classes and 0 folders.
[2017.02.19-17.52.51:360][584]PIE: Info Play in editor start time for /Game/Maps/UEDPIE_0_InGameEditor -0.652
[2017.02.19-17.52.51:451][584]LogRenderer: Reallocating scene render targets to support 1292x756 NumSamples 1 (Frame:2709).
[2017.02.19-17.54.11:301][437]LogEditorViewport: Clicking on Actor (LMB): StaticMeshActor (Floor)
[2017.02.19-17.54.27:026][704]Cmd: OBJ SAVEPACKAGE PACKAGE="/Game/Maps/InGameEditor" FILE="../../../../../../Repos/VlabsEditorPlusMinimap/Vlabs_EWM/Content/Maps/InGameEditor.umap" SILENT=true AUTOSAVING=false KEEPDIRTY=false
[2017.02.19-17.54.27:107][704]LogSavePackage: Save=40.23ms
[2017.02.19-17.54.27:107][704]LogSavePackage: Moving '../../../../../../Repos/VlabsEditorPlusMinimap/Vlabs_EWM/Saved/InGameEditor1E1F94AF40C373FD3DE4D49A6FBF468B.tmp' to '../../../../../../Repos/VlabsEditorPlusMinimap/Vlabs_EWM/Content/Maps/InGameEditor.umap'
[2017.02.19-17.54.27:109][704]LogSavePackage:Display: Finished SavePackage ../../../../../../Repos/VlabsEditorPlusMinimap/Vlabs_EWM/Content/Maps/InGameEditor.umap
[2017.02.19-17.54.27:139][704]LogFileHelpers: Saving map 'InGameEditor' took 0.153
[2017.02.19-17.54.27:283][704]LogWindowsTextInputMethodSystem:Display: IME system now deactivated.
[2017.02.19-17.54.27:514][705]Cmd: QUIT_EDITOR
[2017.02.19-17.54.28:424][705]LogExit: Preparing to exit.
[2017.02.19-17.54.29:095][705]LogDirectoryWatcher: A directory notification for 'D:/Repos/VlabsEditorPlusMinimap/Vlabs_EWM/Content/' was aborted.
[2017.02.19-17.54.29:128][705]LogExit: Editor shut down
[2017.02.19-17.54.29:129][705]LogExit: Transaction tracking system shut down
[2017.02.19-17.54.29:235][705]LogObj: Freed 0b from 0 cluster array pools.
[2017.02.19-17.54.29:235][705]LogExit: Object subsystem successfully closed.
[2017.02.19-17.54.29:246][705]LogD3D11RHI: Shutdown
[2017.02.19-17.54.29:246][705]LogD3D11RHI: CleanupD3DDevice
[2017.02.19-17.54.29:329][705]LogD3D11RHI: ~FD3D11DynamicRHI
[2017.02.19-17.54.29:336][705]LogModuleManager: Shutting down and abandoning module MovieSceneCapture (502)
[2017.02.19-17.54.29:336][705]LogModuleManager: Shutting down and abandoning module BlueprintGraph (500)
[2017.02.19-17.54.29:336][705]LogModuleManager: Shutting down and abandoning module BlueprintProfiler (498)
[2017.02.19-17.54.29:336][705]LogModuleManager: Shutting down and abandoning module HierarchicalLODOutliner (496)
[2017.02.19-17.54.29:336][705]LogModuleManager: Shutting down and abandoning module CrashTracker (494)
[2017.02.19-17.54.29:336][705]LogModuleManager: Shutting down and abandoning module SceneOutliner (492)
[2017.02.19-17.54.29:336][705]LogModuleManager: Shutting down and abandoning module AddContentDialog (490)
[2017.02.19-17.54.29:336][705]LogDirectoryWatcher: A directory notification for 'D:/UnrealInstallations/UE4.15/UE_4.15/FeaturePacks/' was aborted.
[2017.02.19-17.54.29:337][705]LogModuleManager: Shutting down and abandoning module WidgetCarousel (489)
[2017.02.19-17.54.29:337][705]LogModuleManager: Shutting down and abandoning module EditorWidgets (486)
[2017.02.19-17.54.29:337][705]LogModuleManager: Shutting down and abandoning module CollectionManager (484)
[2017.02.19-17.54.29:337][705]LogDirectoryWatcher: A directory notification for 'D:/Repos/VlabsEditorPlusMinimap/Vlabs_EWM/Content/Collections/' was aborted.
[2017.02.19-17.54.29:338][705]LogDirectoryWatcher: A directory notification for 'D:/Repos/VlabsEditorPlusMinimap/Vlabs_EWM/Content/Developers/vigamus07/Collections/' was aborted.
[2017.02.19-17.54.29:338][705]LogDirectoryWatcher: A directory notification for 'D:/Repos/VlabsEditorPlusMinimap/Vlabs_EWM/Saved/Collections/' was aborted.
[2017.02.19-17.54.29:338][705]LogModuleManager: Shutting down and abandoning module StatsViewer (482)
[2017.02.19-17.54.29:338][705]LogModuleManager: Shutting down and abandoning module FoliageEdit (480)
[2017.02.19-17.54.29:338][705]LogModuleManager: Shutting down and abandoning module LandscapeEditor (478)
[2017.02.19-17.54.29:338][705]LogModuleManager: Shutting down and abandoning module SceneDepthPickerMode (476)
[2017.02.19-17.54.29:338][705]LogModuleManager: Shutting down and abandoning module ActorPickerMode (474)
[2017.02.19-17.54.29:338][705]LogModuleManager: Shutting down and abandoning module GeometryMode (472)
[2017.02.19-17.54.29:338][705]LogModuleManager: Shutting down and abandoning module TextureAlignMode (470)
[2017.02.19-17.54.29:338][705]LogModuleManager: Shutting down and abandoning module BspMode (468)
[2017.02.19-17.54.29:338][705]LogModuleManager: Shutting down and abandoning module HardwareSurvey (466)
[2017.02.19-17.54.29:338][705]LogModuleManager: Shutting down and abandoning module SequenceRecorderSections (464)
[2017.02.19-17.54.29:338][705]LogModuleManager: Shutting down and abandoning module AutomationWorker (462)
[2017.02.19-17.54.29:338][705]LogModuleManager: Shutting down and abandoning module MatineeToLevelSequence (460)
[2017.02.19-17.54.29:338][705]LogModuleManager: Shutting down and abandoning module LevelSequenceEditor (458)
[2017.02.19-17.54.29:338][705]LogModuleManager: Shutting down and abandoning module PlacementMode (457)
[2017.02.19-17.54.29:338][705]LogModuleManager: Shutting down and abandoning module WmfMediaFactory (454)
[2017.02.19-17.54.29:338][705]LogModuleManager: Shutting down and abandoning module WmfMediaEditor (452)
[2017.02.19-17.54.29:338][705]LogModuleManager: Shutting down and abandoning module MfMediaFactory (450)
[2017.02.19-17.54.29:338][705]LogModuleManager: Shutting down and abandoning module MfMediaEditor (448)
[2017.02.19-17.54.29:338][705]LogModuleManager: Shutting down and abandoning module AvfMediaFactory (446)
[2017.02.19-17.54.29:338][705]LogModuleManager: Shutting down and abandoning module AvfMediaEditor (444)
[2017.02.19-17.54.29:338][705]LogModuleManager: Shutting down and abandoning module AndroidMediaFactory (442)
[2017.02.19-17.54.29:338][705]LogModuleManager: Shutting down and abandoning module Media (441)
[2017.02.19-17.54.29:338][705]LogModuleManager: Shutting down and abandoning module AndroidMediaEditor (438)
[2017.02.19-17.54.29:338][705]LogModuleManager: Shutting down and abandoning module CharacterAI (436)
[2017.02.19-17.54.29:338][705]LogModuleManager: Shutting down and abandoning module AudioCapture (434)
[2017.02.19-17.54.29:338][705]LogModuleManager: Shutting down and abandoning module SequenceRecorder (433)
[2017.02.19-17.54.29:338][705]LogModuleManager: Shutting down and abandoning module SmartSnapping (430)
[2017.02.19-17.54.29:338][705]LogModuleManager: Shutting down and abandoning module SessionServices (428)
[2017.02.19-17.54.29:338][705]LogModuleManager: Shutting down and abandoning module ViewportSnapping (426)
[2017.02.19-17.54.29:338][705]LogModuleManager: Shutting down and abandoning module ViewportInteraction (424)
[2017.02.19-17.54.29:338][705]LogModuleManager: Shutting down and abandoning module LogVisualizer (422)
[2017.02.19-17.54.29:338][705]LogModuleManager: Shutting down and abandoning module IntroTutorials (420)
[2017.02.19-17.54.29:338][705]LogModuleManager: Shutting down and abandoning module GameProjectGeneration (419)
[2017.02.19-17.54.29:338][705]LogModuleManager: Shutting down and abandoning module EditorLiveStreaming (416)
[2017.02.19-17.54.29:338][705]LogModuleManager: Shutting down and abandoning module IOSPlatformEditor (414)
[2017.02.19-17.54.29:338][705]LogModuleManager: Shutting down and abandoning module HTML5PlatformEditor (412)
[2017.02.19-17.54.29:338][705]LogModuleManager: Shutting down and abandoning module AndroidPlatformEditor (410)
[2017.02.19-17.54.29:338][705]LogModuleManager: Shutting down and abandoning module AndroidDeviceDetection (409)
[2017.02.19-17.54.30:274][705]LogModuleManager: Shutting down and abandoning module IOSRuntimeSettings (406)
[2017.02.19-17.54.30:274][705]LogModuleManager: Shutting down and abandoning module AndroidRuntimeSettings (404)
[2017.02.19-17.54.30:274][705]LogModuleManager: Shutting down and abandoning module InputBindingEditor (402)
[2017.02.19-17.54.30:274][705]LogModuleManager: Shutting down and abandoning module NiagaraEditor (400)
[2017.02.19-17.54.30:274][705]LogModuleManager: Shutting down and abandoning module MergeActors (398)
[2017.02.19-17.54.30:274][705]LogModuleManager: Shutting down and abandoning module SizeMap (396)
[2017.02.19-17.54.30:274][705]LogModuleManager: Shutting down and abandoning module TreeMap (394)
[2017.02.19-17.54.30:274][705]LogModuleManager: Shutting down and abandoning module ReferenceViewer (392)
[2017.02.19-17.54.30:274][705]LogModuleManager: Shutting down and abandoning module LocalizationDashboard (390)
[2017.02.19-17.54.30:274][705]LogModuleManager: Shutting down and abandoning module LocalizationService (389)
[2017.02.19-17.54.30:274][705]LogModuleManager: Shutting down and abandoning module HardwareTargeting (386)
[2017.02.19-17.54.30:274][705]LogModuleManager: Shutting down and abandoning module DeviceProfileEditor (384)
[2017.02.19-17.54.30:274][705]LogModuleManager: Shutting down and abandoning module UndoHistory (382)
[2017.02.19-17.54.30:274][705]LogModuleManager: Shutting down and abandoning module UserFeedback (380)
[2017.02.19-17.54.30:274][705]LogModuleManager: Shutting down and abandoning module XmlParser (378)
[2017.02.19-17.54.30:274][705]LogModuleManager: Shutting down and abandoning module Blutility (376)
[2017.02.19-17.54.30:274][705]LogModuleManager: Shutting down and abandoning module ProjectSettingsViewer (374)
[2017.02.19-17.54.30:274][705]LogModuleManager: Shutting down and abandoning module ProjectTargetPlatformEditor (373)
[2017.02.19-17.54.30:274][705]LogModuleManager: Shutting down and abandoning module EditorSettingsViewer (370)
[2017.02.19-17.54.30:275][705]LogModuleManager: Shutting down and abandoning module SettingsEditor (368)
[2017.02.19-17.54.30:275][705]LogModuleManager: Shutting down and abandoning module ProjectLauncher (366)
[2017.02.19-17.54.30:275][705]LogModuleManager: Shutting down and abandoning module SessionFrontend (364)
[2017.02.19-17.54.30:275][705]LogModuleManager: Shutting down and abandoning module ProfilerClient (362)
[2017.02.19-17.54.30:275][705]LogModuleManager: Shutting down and abandoning module DeviceManager (360)
[2017.02.19-17.54.30:275][705]LogModuleManager: Shutting down and abandoning module TargetDeviceServices (359)
[2017.02.19-17.54.30:329][705]LogModuleManager: Shutting down and abandoning module AutomationController (356)
[2017.02.19-17.54.30:329][705]LogModuleManager: Shutting down and abandoning module AutomationWindow (354)
[2017.02.19-17.54.30:329][705]LogModuleManager: Shutting down and abandoning module Layers (352)
[2017.02.19-17.54.30:329][705]LogModuleManager: Shutting down and abandoning module ComponentVisualizers (350)
[2017.02.19-17.54.30:329][705]LogModuleManager: Shutting down and abandoning module DetailCustomizations (348)
[2017.02.19-17.54.30:329][705]LogModuleManager: Shutting down and abandoning module PackagesDialog (346)
[2017.02.19-17.54.30:329][705]LogModuleManager: Shutting down and abandoning module Persona (344)
[2017.02.19-17.54.30:329][705]LogModuleManager: Shutting down and abandoning module AnimGraph (343)
[2017.02.19-17.54.30:329][705]LogModuleManager: Shutting down and abandoning module Kismet (340)
[2017.02.19-17.54.30:334][705]LogModuleManager: Shutting down and abandoning module GraphEditor (338)
[2017.02.19-17.54.30:335][705]LogModuleManager: Shutting down and abandoning module ClassViewer (336)
[2017.02.19-17.54.30:335][705]LogModuleManager: Shutting down and abandoning module Toolbox (334)
[2017.02.19-17.54.30:335][705]LogModuleManager: Shutting down and abandoning module ModuleUI (332)
[2017.02.19-17.54.30:335][705]LogModuleManager: Shutting down and abandoning module MovieSceneTools (330)
[2017.02.19-17.54.30:335][705]LogModuleManager: Shutting down and abandoning module OutputLog (328)
[2017.02.19-17.54.30:335][705]LogModuleManager: Shutting down and abandoning module GammaUI (326)
[2017.02.19-17.54.30:335][705]LogModuleManager: Shutting down and abandoning module Documentation (324)
[2017.02.19-17.54.30:335][705]LogModuleManager: Shutting down and abandoning module Niagara (322)
[2017.02.19-17.54.30:335][705]LogModuleManager: Shutting down and abandoning module StreamingPauseRendering (320)
[2017.02.19-17.54.30:335][705]LogModuleManager: Shutting down and abandoning module AnalyticsET (318)
[2017.02.19-17.54.30:335][705]LogModuleManager: Shutting down and abandoning module PortalServices (316)
[2017.02.19-17.54.30:335][705]LogModuleManager: Shutting down and abandoning module PortalRpc (314)
[2017.02.19-17.54.30:335][705]LogModuleManager: Shutting down and abandoning module MessagingRpc (312)
[2017.02.19-17.54.30:335][705]LogModuleManager: Shutting down and abandoning module AIModule (310)
[2017.02.19-17.54.30:335][705]LogModuleManager: Shutting down and abandoning module GameplayDebugger (309)
[2017.02.19-17.54.30:335][705]LogModuleManager: Shutting down and abandoning module AITestSuite (307)
[2017.02.19-17.54.30:335][705]LogModuleManager: Shutting down and abandoning module ProfilerService (304)
[2017.02.19-17.54.30:501][705]LogModuleManager: Shutting down and abandoning module TaskGraph (302)
[2017.02.19-17.54.30:501][705]LogModuleManager: Shutting down and abandoning module SteamVRController (300)
[2017.02.19-17.54.30:501][705]LogModuleManager: Shutting down and abandoning module SteamVR (298)
[2017.02.19-17.54.30:501][705]LogModuleManager: Shutting down and abandoning module ProceduralMeshComponentEditor (296)
[2017.02.19-17.54.30:501][705]LogModuleManager: Shutting down and abandoning module ProceduralMeshComponent (294)
[2017.02.19-17.54.30:501][705]LogModuleManager: Shutting down and abandoning module OculusLibrary (292)
[2017.02.19-17.54.30:501][705]LogModuleManager: Shutting down and abandoning module OculusInput (290)
[2017.02.19-17.54.30:501][705]LogModuleManager: Shutting down and abandoning module MobilePatchingUtils (288)
[2017.02.19-17.54.30:501][705]LogModuleManager: Shutting down and abandoning module CustomMeshComponent (286)
[2017.02.19-17.54.30:501][705]LogModuleManager: Shutting down and abandoning module CableComponent (284)
[2017.02.19-17.54.30:501][705]LogModuleManager: Shutting down and abandoning module ArchVisCharacter (282)
[2017.02.19-17.54.30:501][705]LogModuleManager: Shutting down and abandoning module MediaPlayerEditor (278)
[2017.02.19-17.54.30:501][705]LogModuleManager: Shutting down and abandoning module HTML5Networking (276)
[2017.02.19-17.54.30:501][705]LogModuleManager: Shutting down and abandoning module AlembicImporter (274)
[2017.02.19-17.54.30:501][705]LogModuleManager: Shutting down and abandoning module AlembicLibrary (273)
[2017.02.19-17.54.30:501][705]LogModuleManager: Shutting down and abandoning module GeometryCache (272)
[2017.02.19-17.54.30:501][705]LogModuleManager: Shutting down and abandoning module GeometryCacheEd (271)
[2017.02.19-17.54.30:501][705]LogModuleManager: Shutting down and abandoning module SuperSearchEditor (266)
[2017.02.19-17.54.30:501][705]LogModuleManager: Shutting down and abandoning module SuperSearch (265)
[2017.02.19-17.54.30:501][705]LogModuleManager: Shutting down and abandoning module SpeedTreeImporter (262)
[2017.02.19-17.54.30:501][705]LogModuleManager: Shutting down and abandoning module PluginBrowser (260)
[2017.02.19-17.54.30:501][705]LogModuleManager: Shutting down and abandoning module MobileLauncherProfileWizard (258)
[2017.02.19-17.54.30:501][705]LogModuleManager: Shutting down and abandoning module EpicSurvey (256)
[2017.02.19-17.54.30:501][705]LogModuleManager: Shutting down and abandoning module VisualStudioSourceCodeAccess (254)
[2017.02.19-17.54.30:501][705]LogModuleManager: Shutting down and abandoning module DesktopPlatform (253)
[2017.02.19-17.54.30:501][705]LogModuleManager: Shutting down and abandoning module UObjectPlugin (250)
[2017.02.19-17.54.30:501][705]LogModuleManager: Shutting down and abandoning module SubversionSourceControl (248)
[2017.02.19-17.54.30:501][705]LogModuleManager: Shutting down and abandoning module PerforceSourceControl (246)
[2017.02.19-17.54.30:501][705]LogModuleManager: Shutting down and abandoning module GitSourceControl (244)
[2017.02.19-17.54.30:502][705]LogModuleManager: Shutting down and abandoning module SourceControl (243)
[2017.02.19-17.54.30:502][705]LogModuleManager: Shutting down and abandoning module LightPropagationVolumeEditor (240)
[2017.02.19-17.54.30:502][705]LogModuleManager: Shutting down and abandoning module PaperTiledImporter (238)
[2017.02.19-17.54.30:502][705]LogModuleManager: Shutting down and abandoning module PaperSpriteSheetImporter (236)
[2017.02.19-17.54.30:502][705]LogModuleManager: Shutting down and abandoning module Paper2DEditor (234)
[2017.02.19-17.54.30:502][705]LogModuleManager: Shutting down and abandoning module MeshPaint (233)
[2017.02.19-17.54.30:502][705]LogModuleManager: Shutting down and abandoning module LevelEditor (231)
[2017.02.19-17.54.30:502][705]LogModuleManager: Shutting down and abandoning module PixelInspectorModule (230)
[2017.02.19-17.54.30:502][705]LogModuleManager: Shutting down and abandoning module MainFrame (228)
[2017.02.19-17.54.30:502][705]LogModuleManager: Shutting down and abandoning module HotReload (227)
[2017.02.19-17.54.30:503][705]LogModuleManager: Shutting down and abandoning module ContentBrowser (223)
[2017.02.19-17.54.30:504][705]LogModuleManager: Shutting down and abandoning module PhysXVehiclesEditor (220)
[2017.02.19-17.54.30:504][705]LogModuleManager: Shutting down and abandoning module PhysXVehicles (218)
[2017.02.19-17.54.30:504][705]LogModuleManager: Shutting down and abandoning module LocationServicesBPLibrary (216)
[2017.02.19-17.54.30:504][705]LogModuleManager: Shutting down and abandoning module UdpMessaging (214)
[2017.02.19-17.54.30:604][705]LogModuleManager: Shutting down and abandoning module TcpMessaging (212)
[2017.02.19-17.54.30:705][705]LogModuleManager: Shutting down and abandoning module GameplayTagsEditor (210)
[2017.02.19-17.54.30:705][705]LogModuleManager: Shutting down and abandoning module FacialAnimationEditor (208)
[2017.02.19-17.54.30:705][705]LogModuleManager: Shutting down and abandoning module FacialAnimation (206)
[2017.02.19-17.54.30:705][705]LogModuleManager: Shutting down and abandoning module LightPropagationVolumeRuntime (204)
[2017.02.19-17.54.30:705][705]LogModuleManager: Shutting down and abandoning module Paper2D (202)
[2017.02.19-17.54.30:705][705]LogModuleManager: Shutting down and abandoning module WindowsMoviePlayer (200)
[2017.02.19-17.54.30:705][705]LogModuleManager: Shutting down and abandoning module WmfMedia (198)
[2017.02.19-17.54.30:705][705]LogModuleManager: Shutting down and abandoning module MfMedia (196)
[2017.02.19-17.54.30:705][705]LogModuleManager: Shutting down and abandoning module MediaAssets (194)
[2017.02.19-17.54.30:705][705]LogModuleManager: Shutting down and abandoning module GameLiveStreaming (192)
[2017.02.19-17.54.30:705][705]LogModuleManager: Shutting down and abandoning module VREditor (190)
[2017.02.19-17.54.30:705][705]LogModuleManager: Shutting down and abandoning module GameplayTasksEditor (188)
[2017.02.19-17.54.30:705][705]LogModuleManager: Shutting down and abandoning module BehaviorTreeEditor (186)
[2017.02.19-17.54.30:705][705]LogModuleManager: Shutting down and abandoning module FunctionalTesting (184)
[2017.02.19-17.54.30:705][705]LogModuleManager: Shutting down and abandoning module CollisionAnalyzer (182)
[2017.02.19-17.54.30:705][705]LogModuleManager: Shutting down and abandoning module UMG (180)
[2017.02.19-17.54.30:705][705]LogModuleManager: Shutting down and abandoning module UMGEditor (179)
[2017.02.19-17.54.30:705][705]LogModuleManager: Shutting down and abandoning module Sequencer (178)
[2017.02.19-17.54.30:705][705]LogModuleManager: Shutting down and abandoning module AssetTools (176)
[2017.02.19-17.54.30:705][705]LogModuleManager: Shutting down and abandoning module MessageLog (175)
[2017.02.19-17.54.30:705][705]LogModuleManager: Shutting down and abandoning module WorkspaceMenuStructure (174)
[2017.02.19-17.54.30:705][705]LogModuleManager: Shutting down and abandoning module SlateReflector (168)
[2017.02.19-17.54.30:705][705]LogModuleManager: Shutting down and abandoning module Slate (166)
[2017.02.19-17.54.30:705][705]LogModuleManager: Shutting down and abandoning module EditorStyle (164)
[2017.02.19-17.54.30:707][705]LogModuleManager: Shutting down and abandoning module SourceCodeAccess (162)
[2017.02.19-17.54.30:707][705]LogModuleManager: Shutting down and abandoning module HeadMountedDisplay (160)
[2017.02.19-17.54.30:707][705]LogModuleManager: Shutting down and abandoning module XAudio2 (158)
[2017.02.19-17.54.30:707][705]LogModuleManager: Shutting down and abandoning module Networking (156)
[2017.02.19-17.54.30:707][705]LogModuleManager: Shutting down and abandoning module Core (152)
[2017.02.19-17.54.30:707][705]LogModuleManager: Shutting down and abandoning module AssetRegistry (150)
[2017.02.19-17.54.30:784][705]LogDirectoryWatcher: A directory notification for '../../../Engine/Content/' was aborted.
[2017.02.19-17.54.30:784][705]LogDirectoryWatcher: A directory notification for '../../../../../../Repos/VlabsEditorPlusMinimap/Vlabs_EWM/Content/' was aborted.
[2017.02.19-17.54.30:784][705]LogDirectoryWatcher: A directory notification for '../../../Engine/Plugins/2D/Paper2D/Content/' was aborted.
[2017.02.19-17.54.30:784][705]LogModuleManager: Shutting down and abandoning module DirectoryWatcher (149)
[2017.02.19-17.54.30:785][705]LogModuleManager: Shutting down and abandoning module KismetCompiler (146)
[2017.02.19-17.54.30:785][705]LogModuleManager: Shutting down and abandoning module PhysXFormats (144)
[2017.02.19-17.54.30:785][705]LogModuleManager: Shutting down and abandoning module MeshUtilities (142)
[2017.02.19-17.54.30:785][705]LogModuleManager: Shutting down and abandoning module SimplygonSwarm (141)
[2017.02.19-17.54.30:785][705]LogModuleManager: Shutting down and abandoning module SimplygonMeshReduction (139)
[2017.02.19-17.54.30:785][705]LogModuleManager: Shutting down and abandoning module QuadricMeshReduction (137)
[2017.02.19-17.54.30:785][705]LogModuleManager: Shutting down and abandoning module PropertyEditor (135)
[2017.02.19-17.54.30:785][705]LogModuleManager: Shutting down and abandoning module DerivedDataCache (132)
[2017.02.19-17.54.30:826][705]LogDerivedDataCache: Shutdown
[2017.02.19-17.54.30:826][705]LogModuleManager: Shutting down and abandoning module TargetPlatform (130)
[2017.02.19-17.54.30:826][705]LogModuleManager: Shutting down and abandoning module VulkanShaderFormat (129)
[2017.02.19-17.54.30:826][705]LogModuleManager: Shutting down and abandoning module ShaderFormatOpenGL (127)
[2017.02.19-17.54.30:826][705]LogModuleManager: Shutting down and abandoning module ShaderFormatD3D (125)
[2017.02.19-17.54.30:826][705]LogModuleManager: Shutting down and abandoning module MetalShaderFormat (123)
[2017.02.19-17.54.30:826][705]LogModuleManager: Shutting down and abandoning module TextureFormatUncompressed (121)
[2017.02.19-17.54.30:826][705]LogModuleManager: Shutting down and abandoning module TextureFormatPVR (119)
[2017.02.19-17.54.30:826][705]LogModuleManager: Shutting down and abandoning module TextureFormatDXT (117)
[2017.02.19-17.54.30:826][705]LogModuleManager: Shutting down and abandoning module TextureFormatIntelISPCTexComp (115)
[2017.02.19-17.54.30:826][705]LogModuleManager: Shutting down and abandoning module TextureFormatASTC (113)
[2017.02.19-17.54.30:826][705]LogModuleManager: Shutting down and abandoning module ImageWrapper (112)
[2017.02.19-17.54.30:826][705]LogModuleManager: Shutting down and abandoning module TextureFormatAndroid (109)
[2017.02.19-17.54.30:826][705]LogModuleManager: Shutting down and abandoning module AudioFormatOpus (107)
[2017.02.19-17.54.30:826][705]LogModuleManager: Shutting down and abandoning module AudioFormatOgg (105)
[2017.02.19-17.54.30:826][705]LogModuleManager: Shutting down and abandoning module AudioFormatADPCM (103)
[2017.02.19-17.54.30:826][705]LogModuleManager: Shutting down and abandoning module LinuxTargetPlatform (101)
[2017.02.19-17.54.30:826][705]LogModuleManager: Shutting down and abandoning module LinuxServerTargetPlatform (99)
[2017.02.19-17.54.30:826][705]LogModuleManager: Shutting down and abandoning module LinuxNoEditorTargetPlatform (97)
[2017.02.19-17.54.30:826][705]LogModuleManager: Shutting down and abandoning module LinuxClientTargetPlatform (95)
[2017.02.19-17.54.30:826][705]LogModuleManager: Shutting down and abandoning module TVOSTargetPlatform (93)
[2017.02.19-17.54.30:826][705]LogModuleManager: Shutting down and abandoning module Messaging (91)
[2017.02.19-17.54.30:826][705]LogModuleManager: Shutting down and abandoning module IOSTargetPlatform (89)
[2017.02.19-17.54.30:826][705]LogModuleManager: Shutting down and abandoning module HTML5TargetPlatform (87)
[2017.02.19-17.54.30:826][705]LogModuleManager: Shutting down and abandoning module Android_PVRTCTargetPlatform (85)
[2017.02.19-17.54.30:826][705]LogModuleManager: Shutting down and abandoning module Android_MultiTargetPlatform (83)
[2017.02.19-17.54.30:826][705]LogModuleManager: Shutting down and abandoning module Android_ETC2TargetPlatform (81)
[2017.02.19-17.54.30:826][705]LogModuleManager: Shutting down and abandoning module Android_ETC1TargetPlatform (79)
[2017.02.19-17.54.30:826][705]LogModuleManager: Shutting down and abandoning module Android_DXTTargetPlatform (77)
[2017.02.19-17.54.30:826][705]LogModuleManager: Shutting down and abandoning module Android_ATCTargetPlatform (75)
[2017.02.19-17.54.30:826][705]LogModuleManager: Shutting down and abandoning module Android_ASTCTargetPlatform (73)
[2017.02.19-17.54.30:826][705]LogModuleManager: Shutting down and abandoning module AndroidTargetPlatform (71)
[2017.02.19-17.54.30:826][705]LogModuleManager: Shutting down and abandoning module WindowsTargetPlatform (69)
[2017.02.19-17.54.30:826][705]LogModuleManager: Shutting down and abandoning module WindowsServerTargetPlatform (67)
[2017.02.19-17.54.30:826][705]LogModuleManager: Shutting down and abandoning module WindowsNoEditorTargetPlatform (65)
[2017.02.19-17.54.30:826][705]LogModuleManager: Shutting down and abandoning module WindowsClientTargetPlatform (63)
[2017.02.19-17.54.30:827][705]LogModuleManager: Shutting down and abandoning module MacTargetPlatform (61)
[2017.02.19-17.54.30:827][705]LogModuleManager: Shutting down and abandoning module MacServerTargetPlatform (59)
[2017.02.19-17.54.30:827][705]LogModuleManager: Shutting down and abandoning module MacNoEditorTargetPlatform (57)
[2017.02.19-17.54.30:827][705]LogModuleManager: Shutting down and abandoning module MacClientTargetPlatform (55)
[2017.02.19-17.54.30:827][705]LogModuleManager: Shutting down and abandoning module AllDesktopTargetPlatform (53)
[2017.02.19-17.54.30:827][705]LogModuleManager: Shutting down and abandoning module InputCore (50)
[2017.02.19-17.54.30:827][705]LogModuleManager: Shutting down and abandoning module Settings (48)
[2017.02.19-17.54.30:827][705]LogModuleManager: Shutting down and abandoning module OculusRift (46)
[2017.02.19-17.54.30:827][705]LogModuleManager: Shutting down and abandoning module ExampleDeviceProfileSelector (44)
[2017.02.19-17.54.30:827][705]LogModuleManager: Shutting down and abandoning module OnlineBlueprintSupport (42)
[2017.02.19-17.54.30:827][705]LogModuleManager: Shutting down and abandoning module OnlineSubsystem (38)
[2017.02.19-17.54.30:827][705]LogOnline:Display: Unloading online subsystem: NULL
[2017.02.19-17.54.30:827][705]LogModuleManager: Shutting down and abandoning module XMPP (37)
[2017.02.19-17.54.30:827][705]LogModuleManager: Shutting down and abandoning module HTTP (35)
[2017.02.19-17.54.30:827][705]LogHttp:Display: Http module shutting down, but needs to wait on 1 outstanding Http requests:
[2017.02.19-17.54.30:827][705]LogHttp:Display: 	verb=[POST] url=[https://datarouter.ol.epicgames.com/datarouter/api/v1/public/data?SessionID=%7B3408040F-4CE0-0DEB-8771-D1A2DE085714%7D&AppID=UEEditor.Rocket.Release&AppVersion=4.15.0-3299760%2B%2B%2BUE4%2BRelease-4.15&UserID=fb9b42b642a7815554e2c486cf3e3edb%7C894935d2fb384cffab5e9c9c750f59bb%7Cdb94e6ab-d868-4210-8be5-52235d9d2baa&AppEnvironment=datacollector-binary&UploadType=eteventstream] status=Processing
[2017.02.19-17.54.30:831][705]LogModuleManager: Shutting down and abandoning module SSL (34)
[2017.02.19-17.54.30:832][705]LogModuleManager: Shutting down and abandoning module AudioEditor (30)
[2017.02.19-17.54.30:832][705]LogModuleManager: Shutting down and abandoning module TextureCompressor (28)
[2017.02.19-17.54.30:832][705]LogModuleManager: Shutting down and abandoning module ShaderCore (26)
[2017.02.19-17.54.30:832][705]LogModuleManager: Shutting down and abandoning module Landscape (24)
[2017.02.19-17.54.30:832][705]LogModuleManager: Shutting down and abandoning module SlateRHIRenderer (22)
[2017.02.19-17.54.30:834][705]LogModuleManager: Shutting down and abandoning module OpenGLDrv (20)
[2017.02.19-17.54.30:834][705]LogModuleManager: Shutting down and abandoning module D3D11RHI (18)
[2017.02.19-17.54.30:834][705]LogModuleManager: Shutting down and abandoning module AnimGraphRuntime (16)
[2017.02.19-17.54.30:834][705]LogModuleManager: Shutting down and abandoning module Renderer (14)
[2017.02.19-17.54.30:834][705]LogModuleManager: Shutting down and abandoning module Engine (12)
[2017.02.19-17.54.30:834][705]LogModuleManager: Shutting down and abandoning module CoreUObject (10)
[2017.02.19-17.54.30:834][705]LogModuleManager: Shutting down and abandoning module NetworkFile (8)
[2017.02.19-17.54.30:834][705]LogModuleManager: Shutting down and abandoning module StreamingFile (6)
[2017.02.19-17.54.30:834][705]LogModuleManager: Shutting down and abandoning module SandboxFile (4)
[2017.02.19-17.54.30:834][705]LogModuleManager: Shutting down and abandoning module PakFile (2)
[2017.02.19-17.54.30:835][705]LogExit: Exiting.
[2017.02.19-17.54.30:837][705]Log file closed, 02/19/17 18:54:30
