Log file open, 02/20/17 12:51:59
LogInit:Display: Running engine for game: Vlabs_EWM
LogPlatformFile: Not using cached read wrapper
LogInit:Display: RandInit(-630936860) SRandInit(-630936860).
LogTaskGraph: Started task graph with 5 named threads and 6 total threads with 1 sets of task threads.
LogStats: Stats thread started at 0.075944
LogInit: Using libcurl 7.47.1
LogInit:  - built for x86_64-pc-win32
LogInit:  - supports SSL with OpenSSL/1.0.2g
LogInit:  - supports HTTP deflate (compression) using libz 1.2.8
LogInit:  - other features:
LogInit:      CURL_VERSION_SSL
LogInit:      CURL_VERSION_LIBZ
LogInit:      CURL_VERSION_IPV6
LogInit:      CURL_VERSION_ASYNCHDNS
LogInit:      CURL_VERSION_LARGEFILE
LogInit:      CURL_VERSION_IDN
LogInit:  CurlRequestOptions (configurable via config and command line):
LogInit:  - bVerifyPeer = false  - Libcurl will NOT verify peer certificate
LogInit:  - bUseHttpProxy = false  - Libcurl will NOT use HTTP proxy
LogInit:  - bDontReuseConnections = false  - Libcurl will reuse connections
LogInit:  - CertBundlePath = nullptr  - Libcurl will use whatever was configured at build time.
LogInit: Build: ++UE4+Release-4.15-CL-3299760
LogInit: Engine Version: 4.15.0-3299760+++UE4+Release-4.15
LogInit: Compatible Engine Version: 4.15.0-3299760+++UE4+Release-4.15
LogInit: Net CL: 3299760
LogDevObjectVersion: Number of dev versions registered: 14
LogDevObjectVersion:   Dev-Blueprints (B0D832E4-1F89-4F0D-ACCF-7EB736FD4AA2): 8
LogDevObjectVersion:   Dev-Build (E1C64328-A22C-4D53-A36C-8E866417BD8C): 0
LogDevObjectVersion:   Dev-Core (375EC13C-06E4-48FB-B500-84F0262A717E): 2
LogDevObjectVersion:   Dev-Editor (E4B068ED-F494-42E9-A231-DA0B2E46BB41): 14
LogDevObjectVersion:   Dev-Framework (CFFC743F-43B0-4480-9391-14DF171D2073): 22
LogDevObjectVersion:   Dev-Mobile (B02B49B5-BB20-44E9-A304-32B752E40360): 0
LogDevObjectVersion:   Dev-Networking (A4E4105C-59A1-49B5-A7C5-40C4547EDFEE): 0
LogDevObjectVersion:   Dev-Online (39C831C9-5AE6-47DC-9A44-9C173E1C8E7C): 0
LogDevObjectVersion:   Dev-Physics (78F01B33-EBEA-4F98-B9B4-84EACCB95AA2): 0
LogDevObjectVersion:   Dev-Platform (6631380F-2D4D-43E0-8009-CF276956A95A): 0
LogDevObjectVersion:   Dev-Rendering (12F88B9F-8875-4AFC-A67C-D90C383ABD29): 12
LogDevObjectVersion:   Dev-Sequencer (7B5AE74C-D270-4C10-A958-57980B212A5A): 3
LogDevObjectVersion:   Dev-VR (D7296918-1DD6-4BDD-9DE2-64A83CC13884): 0
LogDevObjectVersion:   Dev-LoadTimes (C2A15278-BFE7-4AFE-6C17-90FF531DF755): 1
LogInit: Compiled (64-bit): Feb 14 2017 02:04:14
LogInit: Compiled with Visual C++: 19.00.23026.00
LogInit: Build Configuration: Development
LogInit: Branch Name: ++UE4+Release-4.15
LogInit: Command line: 
LogInit: Base directory: C:/Program Files/Epic Games/UE_4.15/Engine/Binaries/Win64/
LogInit: Installed Engine Build: 1
LogInit: Presizing for max 8388607 objects, including 0 objects not considered by GC, pre-allocating 0 bytes for permanent pool.
LogInit: Object subsystem initialized
[2017.02.20-11.52.00:928][  0]LogInit: Selected Device Profile: [Windows]
[2017.02.20-11.52.00:928][  0]LogInit: Applying CVar settings loaded from the selected device profile: [Windows]
[2017.02.20-11.52.00:945][  0]LogInit: Computer: DESKTOP-MB4QQP4
[2017.02.20-11.52.00:945][  0]LogInit: User: ALBERTO
[2017.02.20-11.52.00:945][  0]LogInit: CPU Page size=65536, Cores=2
[2017.02.20-11.52.00:945][  0]LogInit: High frequency timer resolution =2.143476 MHz
[2017.02.20-11.52.00:946][  0]LogMemory: Memory total: Physical=7.9GB (8GB approx)
[2017.02.20-11.52.00:946][  0]LogMemory: Platform Memory Stats for Windows
[2017.02.20-11.52.00:946][  0]LogMemory: Process Physical Memory: 262.88 MB used, 262.88 MB peak
[2017.02.20-11.52.00:946][  0]LogMemory: Process Virtual Memory: 262.42 MB used, 262.42 MB peak
[2017.02.20-11.52.00:946][  0]LogMemory: Physical Memory: 3753.68 MB used,  4352.16 MB free, 8105.84 MB total
[2017.02.20-11.52.00:946][  0]LogMemory: Virtual Memory: 642.49 MB used,  4352.16 MB free, 134217728.00 MB total
[2017.02.20-11.52.01:092][  0]LogTextLocalizationManager: No translations for ('it-IT') exist, falling back to 'en' for localization and internationalization data.
[2017.02.20-11.52.01:951][  0]LogD3D11RHI: D3D11 adapters:
[2017.02.20-11.52.01:958][  0]LogD3D11RHI:    0. 'Intel(R) HD Graphics 5500' (Feature Level 11_0)
[2017.02.20-11.52.01:958][  0]LogD3D11RHI:       128/0/4052 MB DedicatedVideo/DedicatedSystem/SharedSystem, Outputs:1, VendorId:0x8086
[2017.02.20-11.52.02:332][  0]LogD3D11RHI:    1. 'AMD Radeon (TM) R5 M330' (Feature Level 11_0)
[2017.02.20-11.52.02:332][  0]LogD3D11RHI:       1015/0/4052 MB DedicatedVideo/DedicatedSystem/SharedSystem, Outputs:0, VendorId:0x1002
[2017.02.20-11.52.02:334][  0]LogD3D11RHI:    2. 'Microsoft Basic Render Driver' (Feature Level 11_0)
[2017.02.20-11.52.02:334][  0]LogD3D11RHI:       0/0/4052 MB DedicatedVideo/DedicatedSystem/SharedSystem, Outputs:0, VendorId:0x1414
[2017.02.20-11.52.02:334][  0]LogD3D11RHI: Chosen D3D11 Adapter: 1
[2017.02.20-11.52.02:338][  0]LogD3D11RHI: Creating new Direct3DDevice
[2017.02.20-11.52.02:338][  0]LogD3D11RHI:     GPU DeviceId: 0x6660 (for the marketing name, search the web for "GPU Device Id")
[2017.02.20-11.52.02:338][  0]LogWindows: EnumDisplayDevices:
[2017.02.20-11.52.02:338][  0]LogWindows:    0. 'Intel(R) HD Graphics 5500' (P:1 D:1)
[2017.02.20-11.52.02:338][  0]LogWindows:    1. 'Intel(R) HD Graphics 5500' (P:0 D:0)
[2017.02.20-11.52.02:339][  0]LogWindows:    2. 'Intel(R) HD Graphics 5500' (P:0 D:0)
[2017.02.20-11.52.02:339][  0]LogWindows: DebugString: PrimaryIsNotTheChoosenAdapter PrimaryIsNotTheChoosenAdapter PrimaryIsNotTheChoosenAdapter FoundDriverCount:0 
[2017.02.20-11.52.02:339][  0]LogD3D11RHI:     Adapter Name: AMD Radeon (TM) R5 M330
[2017.02.20-11.52.02:339][  0]LogD3D11RHI:   Driver Version: Unknown (internal:Unknown, unified:Unknown)
[2017.02.20-11.52.02:339][  0]LogD3D11RHI:      Driver Date: Unknown
[2017.02.20-11.52.02:339][  0]LogRHI: Texture pool is 710 MB (70% of 1015 MB)
[2017.02.20-11.52.02:358][  0]LogD3D11RHI: Async texture creation enabled
[2017.02.20-11.52.02:372][  0]LogD3D11RHI: GPU Timing Frequency: 27.000000 (Debug: 2 1)
[2017.02.20-11.52.02:373][  0]LogShaderCompilers: Guid format shader working directory is -27 characters bigger than the processId version (../../../../../../Users/ALBERTO/Documents/VLabs_EditorAndMinimap/Vlabs_EWM/Intermediate/Shaders/WorkingDirectory/10536/).
[2017.02.20-11.52.02:373][  0]LogShaderCompilers: Cleaned the shader compiler working directory 'C:/Users/ALBERTO/AppData/Local/Temp/UnrealShaderWorkingDir/C2B2F8BE4A082EC6759159A41FAC4EB7/'.
[2017.02.20-11.52.02:374][  0]LogShaderCompilers:Display: Using Local Shader Compiler.
[2017.02.20-11.52.04:241][  0]LogTemp:Display: Loaded TP AllDesktopTargetPlatform
[2017.02.20-11.52.04:368][  0]LogTemp:Display: Loaded TP MacClientTargetPlatform
[2017.02.20-11.52.04:491][  0]LogTemp:Display: Loaded TP MacNoEditorTargetPlatform
[2017.02.20-11.52.04:613][  0]LogTemp:Display: Loaded TP MacServerTargetPlatform
[2017.02.20-11.52.04:734][  0]LogTemp:Display: Loaded TP MacTargetPlatform
[2017.02.20-11.52.04:852][  0]LogTemp:Display: Loaded TP WindowsClientTargetPlatform
[2017.02.20-11.52.04:956][  0]LogTemp:Display: Loaded TP WindowsNoEditorTargetPlatform
[2017.02.20-11.52.05:036][  0]LogTemp:Display: Loaded TP WindowsServerTargetPlatform
[2017.02.20-11.52.05:097][  0]LogTemp:Display: Loaded TP WindowsTargetPlatform
[2017.02.20-11.52.05:176][  0]LogTemp:Display: Loaded TP AndroidTargetPlatform
[2017.02.20-11.52.05:255][  0]LogTemp:Display: Loaded TP Android_ASTCTargetPlatform
[2017.02.20-11.52.05:323][  0]LogTemp:Display: Loaded TP Android_ATCTargetPlatform
[2017.02.20-11.52.05:390][  0]LogTemp:Display: Loaded TP Android_DXTTargetPlatform
[2017.02.20-11.52.05:453][  0]LogTemp:Display: Loaded TP Android_ETC1TargetPlatform
[2017.02.20-11.52.05:515][  0]LogTemp:Display: Loaded TP Android_ETC2TargetPlatform
[2017.02.20-11.52.05:641][  0]LogTemp:Display: Loaded TP Android_MultiTargetPlatform
[2017.02.20-11.52.05:641][  0]LogTemp:Display: Loaded TP Android_PVRTCTargetPlatform
[2017.02.20-11.52.05:685][  0]LogTemp:Display: Loaded TP HTML5TargetPlatform
[2017.02.20-11.52.05:797][  0]LogTemp:Display: Loaded TP IOSTargetPlatform
[2017.02.20-11.52.05:838][  0]LogTemp:Display: Loaded TP TVOSTargetPlatform
[2017.02.20-11.52.05:901][  0]LogTemp:Display: Loaded TP LinuxClientTargetPlatform
[2017.02.20-11.52.05:965][  0]LogTemp:Display: Loaded TP LinuxNoEditorTargetPlatform
[2017.02.20-11.52.06:029][  0]LogTemp:Display: Loaded TP LinuxServerTargetPlatform
[2017.02.20-11.52.06:092][  0]LogTemp:Display: Loaded TP LinuxTargetPlatform
[2017.02.20-11.52.06:092][  0]LogTargetPlatformManager:Display: Building Assets For Windows
[2017.02.20-11.52.06:571][  0]LogDerivedDataCache:Display: Max Cache Size: 512 MB
[2017.02.20-11.52.06:642][  0]LogDerivedDataCache: Loaded boot cache 0.07s 50MB C:/Users/ALBERTO/AppData/Local/UnrealEngine/4.15/DerivedDataCache/Boot.ddc.
[2017.02.20-11.52.06:642][  0]LogDerivedDataCache:Display: Loaded Boot cache: C:/Users/ALBERTO/AppData/Local/UnrealEngine/4.15/DerivedDataCache/Boot.ddc
[2017.02.20-11.52.06:642][  0]LogDerivedDataCache: FDerivedDataBackendGraph:  Pak pak cache file ../../../../../../Users/ALBERTO/Documents/VLabs_EditorAndMinimap/Vlabs_EWM/DerivedDataCache/DDC.ddp not found, will not use a pak cache.
[2017.02.20-11.52.06:642][  0]LogDerivedDataCache: Unable to find inner node Pak for hierarchical cache Hierarchy.
[2017.02.20-11.52.06:642][  0]LogDerivedDataCache: FDerivedDataBackendGraph:  CompressedPak pak cache file ../../../../../../Users/ALBERTO/Documents/VLabs_EditorAndMinimap/Vlabs_EWM/DerivedDataCache/Compressed.ddp not found, will not use a pak cache.
[2017.02.20-11.52.06:642][  0]LogDerivedDataCache: Unable to find inner node CompressedPak for hierarchical cache Hierarchy.
[2017.02.20-11.52.06:664][  0]LogDerivedDataCache:Display: Pak cache opened for reading ../../../Engine/DerivedDataCache/Compressed.ddp.
[2017.02.20-11.52.06:677][  0]LogDerivedDataCache: Using Local data cache path C:/Users/ALBERTO/AppData/Local/UnrealEngine/Common/DerivedDataCache: Writable
[2017.02.20-11.52.06:687][  0]LogSlate: Using Freetype 2.6.0
[2017.02.20-11.52.06:687][  0]LogSlate: SlateFontCache - WITH_FREETYPE: 1, WITH_HARFBUZZ: 1
[2017.02.20-11.52.06:687][  0]LogSlate: SlateFontCache - WITH_FREETYPE: 1, WITH_HARFBUZZ: 1
[2017.02.20-11.52.06:978][  0]LogInit: Selected Device Profile: [Windows]
[2017.02.20-11.52.06:980][  0]LogContentStreaming: Texture pool size is 0.00 MB
[2017.02.20-11.52.07:212][  0]LogMeshUtilities: Using QuadricMeshReduction for automatic static mesh reduction
[2017.02.20-11.52.07:261][  0]LogSimplygon: Simplygon DLL not present - disabling.
[2017.02.20-11.52.07:310][  0]LogMeshUtilities: Using SimplygonSwarm for distributed automatic mesh merging
[2017.02.20-11.52.07:310][  0]LogMeshUtilities: No automatic skeletal mesh reduction module available
[2017.02.20-11.52.07:310][  0]LogMeshUtilities: No automatic mesh merging module available
[2017.02.20-11.52.07:993][  0]LogNetVersion: GetLocalNetworkVersion: CL: 3299760, ProjectName: vlabs_ewm, ProjectVersion: , EngineNetworkVersion: 2, GameNetworkVersion: 0, NetworkChecksum: 4118958680
[2017.02.20-11.52.08:041][  0]LogAssetRegistry: FAssetRegistry took 0.0219 seconds to start up
[2017.02.20-11.52.08:098][  0]LogPackageLocalizationCache: Processed 3 localized package path(s) for 1 prioritized culture(s) in 0.023389 seconds
[2017.02.20-11.52.08:107][  0]LogUObjectArray: 32475 objects as part of root set at end of initial load.
[2017.02.20-11.52.08:107][  0]LogUObjectAllocator: 7073368 out of 0 bytes used by permanent object pool.
[2017.02.20-11.52.08:107][  0]LogUObjectArray: CloseDisregardForGC: 0/0 objects in disregard for GC pool
[2017.02.20-11.52.08:195][  0]LogInit: WinSock: version 1.1 (2.2), MaxSocks=32767, MaxUdp=65467
[2017.02.20-11.52.10:750][  0]LogTcpMessaging: Initializing TcpMessaging bridge
[2017.02.20-11.52.10:797][  0]LogUdpMessaging: Initializing bridge on interface 0.0.0.0:0 to multicast group 230.0.0.1:6666.
[2017.02.20-11.52.11:306][  0]LogMaterial: Uniform references updated for custom material expression Custom.
[2017.02.20-11.52.11:722][  0]SourceControl: Info Source control is disabled
[2017.02.20-11.52.11:764][  0]SourceControl: Info Source control is disabled
[2017.02.20-11.52.11:815][  0]SourceControl: Info Source control is disabled
[2017.02.20-11.52.11:869][  0]SourceControl: Info Source control is disabled
[2017.02.20-11.52.13:197][  0]LogEngine: Initializing Engine...
[2017.02.20-11.52.13:198][  0]LogHMD: Failed to initialize OpenVR with code 110
[2017.02.20-11.52.13:465][  0]LogAIModule: Creating AISystem for world Untitled
[2017.02.20-11.52.13:471][  0]LogInit: XAudio2 using 'Altoparlanti (Realtek High Definition Audio)' : 2 channels at 48 kHz using 32 bits per sample (channel mask 0x3)
[2017.02.20-11.52.13:502][  0]LogInit: FAudioDevice initialized.
[2017.02.20-11.52.13:538][  0]LogDerivedDataCache: Saved boot cache 0.04s 50MB C:/Users/ALBERTO/AppData/Local/UnrealEngine/4.15/DerivedDataCache/Boot.ddc.
[2017.02.20-11.52.13:543][  0]LogInit: Texture streaming: Enabled
[2017.02.20-11.52.13:648][  0]LogEngineSessionManager: EngineSessionManager initialized
[2017.02.20-11.52.13:779][  0]LogInit: Transaction tracking system initialized
[2017.02.20-11.52.14:519][  0]BlueprintLog: New page: Editor Load
[2017.02.20-11.52.16:075][  0]LocalizationService: Info Localization service is disabled
[2017.02.20-11.52.16:828][  0]LogConsoleResponse:Display: 
[2017.02.20-11.52.16:991][  0]LogCook:Display: Max memory allowance for cook 16384mb min free memory 0mb
[2017.02.20-11.52.16:991][  0]LogCook:Display: Mobile HDR setting 1
[2017.02.20-11.52.17:143][  0]LogFileCache: Scanning file cache for directory 'C:/Users/ALBERTO/Documents/VLabs_EditorAndMinimap/Vlabs_EWM/Content/' took 0.01s
[2017.02.20-11.52.18:164][  0]SourceControl: Info Source control is disabled
[2017.02.20-11.52.18:165][  0]Cmd: MAP LOAD FILE="../../../Engine/Content/Maps/Templates/Template_Default.umap" TEMPLATE=1 SHOWPROGRESS=1 FEATURELEVEL=3
[2017.02.20-11.52.18:165][  0]LightingResults: New page: Lighting Build
[2017.02.20-11.52.18:248][  0]MapCheck: New page: Map Check
[2017.02.20-11.52.18:248][  0]LightingResults: New page: Lighting Build
[2017.02.20-11.52.18:749][  0]LogAIModule: Creating AISystem for world Untitled_1
[2017.02.20-11.52.18:750][  0]LogActorComponent: RegisterComponentWithWorld: (/Temp/Untitled_1.Untitled_1:PersistentLevel.WorldSettings_1.StaticMeshComponent0) Trying to register component with IsPendingKill() == true. Aborting.
[2017.02.20-11.52.18:758][  0]LogEditorServer: Finished looking for orphan Actors (0.000 secs)
[2017.02.20-11.52.18:766][  0]Cmd: MAP CHECKDEP NOCLEARLOG
[2017.02.20-11.52.18:834][  0]MapCheck: Info Map check complete: 0 Error(s), 0 Warning(s), took 67.983ms to complete.
[2017.02.20-11.52.18:834][  0]LogFileHelpers: Loading map 'Template_Default' took 0.670
[2017.02.20-11.52.18:905][  0]LogWindowsTextInputMethodSystem:Display: IME system now deactivated.
[2017.02.20-11.52.19:092][  0]LogCollectionManager: Loaded 0 collections in 0.001389 seconds
[2017.02.20-11.52.19:208][  0]LogFileCache: Scanning file cache for directory 'C:/Users/ALBERTO/Documents/VLabs_EditorAndMinimap/Vlabs_EWM/Saved/Collections/' took 0.01s
[2017.02.20-11.52.19:208][  0]LogFileCache: Scanning file cache for directory 'C:/Users/ALBERTO/Documents/VLabs_EditorAndMinimap/Vlabs_EWM/Content/Developers/ALBERTO/Collections/' took 0.01s
[2017.02.20-11.52.19:208][  0]LogFileCache: Scanning file cache for directory 'C:/Users/ALBERTO/Documents/VLabs_EditorAndMinimap/Vlabs_EWM/Content/Collections/' took 0.01s
[2017.02.20-11.52.19:208][  0]LogCollectionManager: Rebuilt the GUID cache for 0 collections in 0.000003 seconds
[2017.02.20-11.52.19:228][  0]LogContentBrowser: Native class hierarchy populated in 0.0190 seconds. Added 2244 classes and 450 folders.
[2017.02.20-11.52.19:237][  0]LogStats: UGameplayTagsManager::ConstructGameplayTagTree: Construct from data asset -  0.000 s
[2017.02.20-11.52.19:237][  0]LogStats: UGameplayTagsManager::ConstructGameplayTagTree: GameplayTagTreeChangedEvent.Broadcast -  0.000 s
[2017.02.20-11.52.19:364][  0]LogContentBrowser: Native class hierarchy updated for 'WidgetCarousel' in 0.0014 seconds. Added 0 classes and 0 folders.
[2017.02.20-11.52.19:438][  0]LogContentBrowser: Native class hierarchy updated for 'AddContentDialog' in 0.0010 seconds. Added 0 classes and 0 folders.
[2017.02.20-11.52.19:526][  0]LogContentBrowser: Native class hierarchy updated for 'SceneOutliner' in 0.0010 seconds. Added 1 classes and 2 folders.
[2017.02.20-11.52.19:629][  0]LogCrashTracker: Crashtracker disabled due to settings.
[2017.02.20-11.52.19:641][  0]LogUObjectGlobals:Warning: Failed to find object 'Class None.'
[2017.02.20-11.52.19:761][  0]LogContentBrowser: Native class hierarchy updated for 'HierarchicalLODOutliner' in 0.0016 seconds. Added 1 classes and 2 folders.
[2017.02.20-11.52.19:761][  0]LogLoad: (Engine Initialization) Total time: 20.97 seconds
[2017.02.20-11.52.19:761][  0]LogLoad: (Engine Initialization) Total Blueprint compile time: 0.15 seconds
[2017.02.20-11.52.19:761][  0]LogExternalProfiler: Found external profiler: VSPerf
[2017.02.20-11.52.19:761][  0]LogExternalProfiler: Using external profiler: VSPerf
[2017.02.20-11.52.19:772][  0]LogOcInput: OculusInput pre-init called
[2017.02.20-11.52.19:793][  0]LogContentStreaming: Texture pool size now 1000 MB
[2017.02.20-11.52.19:795][  0]LogSlate: Took 0.000292 seconds to synchronously load lazily loaded font '../../../Engine/Content/Slate/Fonts/Roboto-Regular.ttf' (155K)
[2017.02.20-11.52.19:801][  0]LogSlate: Took 0.000456 seconds to synchronously load lazily loaded font '../../../Engine/Content/Slate/Fonts/Roboto-Bold.ttf' (160K)
[2017.02.20-11.52.19:813][  0]LogSlate: Took 0.000429 seconds to synchronously load lazily loaded font '../../../Engine/Content/Editor/Slate/Fonts/FontAwesome.ttf' (139K)
[2017.02.20-11.52.20:042][  0]LogRenderer: Reallocating scene render targets to support 764x372 NumSamples 1 (Frame:2).
[2017.02.20-11.52.20:325][  2]LogAssetRegistry: Asset discovery search completed in 12.3067 seconds
[2017.02.20-11.52.20:325][  2]LogCollectionManager: Rebuilt the object cache for 0 collections in 0.000006 seconds (found 0 objects)
[2017.02.20-11.52.20:325][  2]LogCollectionManager: Fixed up redirectors for 0 collections in 0.000021 seconds (updated 0 objects)
[2017.02.20-11.52.20:833][ 26]LogSlate: Took 0.000373 seconds to synchronously load lazily loaded font '../../../Engine/Content/Slate/Fonts/Roboto-Light.ttf' (159K)
[2017.02.20-11.52.23:990][253]LogSlate: Took 0.000268 seconds to synchronously load lazily loaded font '../../../Engine/Content/Slate/Fonts/Roboto-Light.ttf' (159K)
[2017.02.20-11.53.57:633][ 25]LogSlate: Took 0.000514 seconds to synchronously load lazily loaded font '../../../Engine/Content/Slate/Fonts/Roboto-Light.ttf' (159K)
[2017.02.20-11.53.57:688][ 25]LogAIModule: Creating AISystem for world minimap_text
[2017.02.20-11.53.57:723][ 25]Cmd: MAP LOAD FILE="../../../../../../Users/ALBERTO/Documents/VLabs_EditorAndMinimap/Vlabs_EWM/Content/Maps/minimap_text.umap" TEMPLATE=0 SHOWPROGRESS=1 FEATURELEVEL=3
[2017.02.20-11.53.57:723][ 25]LightingResults: New page: Lighting Build
[2017.02.20-11.53.57:725][ 25]LoadErrors: New page: Loading map: minimap_text.umap
[2017.02.20-11.53.57:725][ 25]MapCheck: New page: Map Check
[2017.02.20-11.53.57:725][ 25]LightingResults: New page: Lighting Build
[2017.02.20-11.53.57:750][ 25]LogEditorServer: Finished looking for orphan Actors (0.000 secs)
[2017.02.20-11.53.57:774][ 25]Cmd: MAP CHECKDEP NOCLEARLOG
[2017.02.20-11.53.57:817][ 25]MapCheck: Info Map check complete: 0 Error(s), 0 Warning(s), took 43.21ms to complete.
[2017.02.20-11.53.57:817][ 25]LogFileHelpers: Loading map 'minimap_text' took 0.096
[2017.02.20-11.54.01:137][194]LogEditorViewport: Clicking on Actor (context menu): StaticMeshActor (Floor)
[2017.02.20-11.54.12:204][726]LogEditorViewport: Clicking on Actor (context menu): BP_Sky_Sphere_C (Sky Sphere)
[2017.02.20-11.54.13:099][804]LogEditorViewport: Clicking on Actor (LMB): BP_Sky_Sphere_C (Sky Sphere)
[2017.02.20-11.54.15:853][931]LogEditorViewport: Clicking on Actor (context menu): BP_Sky_Sphere_C (Sky Sphere)
[2017.02.20-11.54.16:783][  6]LogEditorViewport: Clicking on Actor (LMB): BP_Sky_Sphere_C (Sky Sphere)
[2017.02.20-11.54.20:413][159]LogEditorViewport: Clicking on Actor (LMB): PlayerStart (Player Start)
[2017.02.20-11.55.45:455][ 17]LogContentBrowser: Native class hierarchy updated for 'BlueprintGraph' in 0.0011 seconds. Added 112 classes and 0 folders.
[2017.02.20-11.55.46:135][ 17]LogSlate: Took 0.000291 seconds to synchronously load lazily loaded font '../../../Engine/Content/Slate/Fonts/Roboto-Regular.ttf' (155K)
[2017.02.20-11.55.46:226][ 17]LogSlate: Took 0.000381 seconds to synchronously load lazily loaded font '../../../Engine/Content/Editor/Slate/Fonts/Roboto-BoldCondensed.ttf' (158K)
[2017.02.20-11.55.46:336][ 18]LogSlate: Took 0.000454 seconds to synchronously load lazily loaded font '../../../Engine/Content/Editor/Slate/Fonts/Roboto-Italic.ttf' (157K)
[2017.02.20-11.55.51:845][275]LogRenderer: Reallocating scene render targets to support 808x588 NumSamples 1 (Frame:7110).
[2017.02.20-11.56.17:575][894]BlueprintLog: New page: Compile minimap
[2017.02.20-11.56.17:832][894]LogUObjectGlobals:Warning: Guid referenced by StaticMeshComponent /Game/Maps/minimap_text.minimap_text:PersistentLevel.minimap_2.CamMesh0 is already used by StaticMeshComponent /Game/Maps/minimap_text.minimap_text:PersistentLevel.REINST_minimap_C_0.CamMesh0, which should never happen in the editor but could happen at runtime with duplicate level loading or PIE
[2017.02.20-11.56.17:832][894]LogUObjectGlobals:Warning: Guid referenced by DrawFrustumComponent /Game/Maps/minimap_text.minimap_text:PersistentLevel.minimap_2.DrawFrust0 is already used by DrawFrustumComponent /Game/Maps/minimap_text.minimap_text:PersistentLevel.REINST_minimap_C_0.DrawFrust0, which should never happen in the editor but could happen at runtime with duplicate level loading or PIE
[2017.02.20-11.56.17:832][894]LogUObjectGlobals:Warning: Guid referenced by SceneCaptureComponent2D /Game/Maps/minimap_text.minimap_text:PersistentLevel.minimap_2.NewSceneCaptureComponent2D is already used by SceneCaptureComponent2D /Game/Maps/minimap_text.minimap_text:PersistentLevel.REINST_minimap_C_0.NewSceneCaptureComponent2D, which should never happen in the editor but could happen at runtime with duplicate level loading or PIE
[2017.02.20-11.56.30:906][399]LogEditorViewport: Clicking on Actor (context menu): BP_Sky_Sphere_C (Sky Sphere)
[2017.02.20-11.56.32:531][551]LogEditorViewport: Clicking on Actor (LMB): BP_Sky_Sphere_C (Sky Sphere)
[2017.02.20-11.56.40:525][868]LogD3D11RHI: Timed out while waiting for GPU to catch up. (0.5 s)
[2017.02.20-11.56.49:516][273]LogEditorActor: Deleted Actor: PlayerStart
[2017.02.20-11.56.49:553][273]LogEditorActor: Deleted 1 Actors (0.038 secs)
[2017.02.20-11.56.51:594][372]LogEditorViewport: Clicking on Actor (LMB): BP_EditorPawn_C (BP_EditorPawn)
[2017.02.20-11.57.58:743][777]LogMetaData: Removing '/Game/minimap_folder/Widget_MInimap.Widget_MInimap_C' ref from Metadata '/Game/Widget_MInimap.PackageMetaData'
[2017.02.20-11.57.58:743][777]LogMetaData: Removing '/Game/minimap_folder/Widget_MInimap.Widget_MInimap:EventGraph.K2Node_Event_0' ref from Metadata '/Game/Widget_MInimap.PackageMetaData'
[2017.02.20-11.57.58:743][777]LogMetaData: Removing '/Game/minimap_folder/Widget_MInimap.Widget_MInimap:EventGraph.K2Node_Event_1' ref from Metadata '/Game/Widget_MInimap.PackageMetaData'
[2017.02.20-11.57.58:743][777]LogMetaData: Removing '/Game/minimap_folder/Widget_MInimap.Widget_MInimap_C:Image_154' ref from Metadata '/Game/Widget_MInimap.PackageMetaData'
[2017.02.20-11.57.58:743][777]LogMetaData: Removing '/Game/minimap_folder/Widget_MInimap.SKEL_Widget_MInimap_C:Image_154' ref from Metadata '/Game/Widget_MInimap.PackageMetaData'
[2017.02.20-11.57.58:743][777]LogMetaData: Removing '/Game/minimap_folder/Widget_MInimap.SKEL_Widget_MInimap_C' ref from Metadata '/Game/Widget_MInimap.PackageMetaData'
[2017.02.20-11.57.58:775][777]LogSavePackage: Save=7.48ms
[2017.02.20-11.57.58:775][777]LogSavePackage: Moving '../../../../../../Users/ALBERTO/Documents/VLabs_EditorAndMinimap/Vlabs_EWM/Saved/Widget_MInimapCB650EC14BD1ACCFDDF72E91B0D5C973.tmp' to '../../../../../../Users/ALBERTO/Documents/VLabs_EditorAndMinimap/Vlabs_EWM/Content/minimap_folder/Widget_MInimap.uasset'
[2017.02.20-11.57.58:781][777]LogSavePackage:Display: Finished SavePackage ../../../../../../Users/ALBERTO/Documents/VLabs_EditorAndMinimap/Vlabs_EWM/Content/minimap_folder/Widget_MInimap.uasset
[2017.02.20-11.58.01:574][967]Cmd: OBJ SAVEPACKAGE PACKAGE="/Game/minimap_folder/Render-Map" FILE="../../../../../../Users/ALBERTO/Documents/VLabs_EditorAndMinimap/Vlabs_EWM/Content/minimap_folder/Render-Map.uasset" SILENT=true
[2017.02.20-11.58.01:585][967]LogSavePackage: Save=8.28ms
[2017.02.20-11.58.01:585][967]LogSavePackage: Moving '../../../../../../Users/ALBERTO/Documents/VLabs_EditorAndMinimap/Vlabs_EWM/Saved/Render-Map4F0592DC4324AF420DA146A4E02D3D3F.tmp' to '../../../../../../Users/ALBERTO/Documents/VLabs_EditorAndMinimap/Vlabs_EWM/Content/minimap_folder/Render-Map.uasset'
[2017.02.20-11.58.01:595][967]LogSavePackage:Display: Finished SavePackage ../../../../../../Users/ALBERTO/Documents/VLabs_EditorAndMinimap/Vlabs_EWM/Content/minimap_folder/Render-Map.uasset
[2017.02.20-11.58.01:926][967]Cmd: OBJ SAVEPACKAGE PACKAGE="/Game/minimap" FILE="../../../../../../Users/ALBERTO/Documents/VLabs_EditorAndMinimap/Vlabs_EWM/Content/minimap.uasset" SILENT=true
[2017.02.20-11.58.01:954][967]LogSavePackage: Save=20.60ms
[2017.02.20-11.58.01:954][967]LogSavePackage: Moving '../../../../../../Users/ALBERTO/Documents/VLabs_EditorAndMinimap/Vlabs_EWM/Saved/minimap81E839E044BF1623E99A558275444472.tmp' to '../../../../../../Users/ALBERTO/Documents/VLabs_EditorAndMinimap/Vlabs_EWM/Content/minimap.uasset'
[2017.02.20-11.58.01:962][967]LogSavePackage:Display: Finished SavePackage ../../../../../../Users/ALBERTO/Documents/VLabs_EditorAndMinimap/Vlabs_EWM/Content/minimap.uasset
[2017.02.20-11.58.02:014][967]Cmd: OBJ SAVEPACKAGE PACKAGE="/Game/M_mappingMaterial" FILE="../../../../../../Users/ALBERTO/Documents/VLabs_EditorAndMinimap/Vlabs_EWM/Content/M_mappingMaterial.uasset" SILENT=true
[2017.02.20-11.58.02:039][967]LogSavePackage: Save=17.52ms
[2017.02.20-11.58.02:039][967]LogSavePackage: Moving '../../../../../../Users/ALBERTO/Documents/VLabs_EditorAndMinimap/Vlabs_EWM/Saved/M_mappingMaterialD38AA99643971072FC1DB2A2A87F4FB4.tmp' to '../../../../../../Users/ALBERTO/Documents/VLabs_EditorAndMinimap/Vlabs_EWM/Content/M_mappingMaterial.uasset'
[2017.02.20-11.58.02:042][967]LogSavePackage:Display: Finished SavePackage ../../../../../../Users/ALBERTO/Documents/VLabs_EditorAndMinimap/Vlabs_EWM/Content/M_mappingMaterial.uasset
[2017.02.20-11.58.04:512][122]LogMetaData: Removing '/Game/minimap_folder/minimap.minimap:UserConstructionScript.K2Node_FunctionEntry_0' ref from Metadata '/Game/minimap.PackageMetaData'
[2017.02.20-11.58.04:513][122]LogMetaData: Removing '/Game/minimap_folder/minimap.minimap_C' ref from Metadata '/Game/minimap.PackageMetaData'
[2017.02.20-11.58.04:513][122]LogMetaData: Removing '/Game/minimap_folder/minimap.SKEL_minimap_C:ExecuteUbergraph_minimap' ref from Metadata '/Game/minimap.PackageMetaData'
[2017.02.20-11.58.04:513][122]LogMetaData: Removing '/Game/minimap_folder/minimap.SKEL_minimap_C:UserConstructionScript' ref from Metadata '/Game/minimap.PackageMetaData'
[2017.02.20-11.58.04:513][122]LogMetaData: Removing '/Game/minimap_folder/minimap.minimap_C:UserConstructionScript' ref from Metadata '/Game/minimap.PackageMetaData'
[2017.02.20-11.58.04:513][122]LogMetaData: Removing '/Game/minimap_folder/minimap.SKEL_minimap_C' ref from Metadata '/Game/minimap.PackageMetaData'
[2017.02.20-11.58.04:513][122]LogMetaData: Removing '/Game/minimap_folder/minimap.minimap_C:ExecuteUbergraph_minimap' ref from Metadata '/Game/minimap.PackageMetaData'
[2017.02.20-11.58.04:535][122]Cmd: OBJ SAVEPACKAGE PACKAGE="/Game/minimap_folder/minimap" FILE="../../../../../../Users/ALBERTO/Documents/VLabs_EditorAndMinimap/Vlabs_EWM/Content/minimap_folder/minimap.uasset" SILENT=true
[2017.02.20-11.58.04:564][122]LogSavePackage: Save=25.44ms
[2017.02.20-11.58.04:564][122]LogSavePackage: Moving '../../../../../../Users/ALBERTO/Documents/VLabs_EditorAndMinimap/Vlabs_EWM/Saved/minimap4C64C4444437176EC5D99BABC187AC7E.tmp' to '../../../../../../Users/ALBERTO/Documents/VLabs_EditorAndMinimap/Vlabs_EWM/Content/minimap_folder/minimap.uasset'
[2017.02.20-11.58.04:571][122]LogSavePackage:Display: Finished SavePackage ../../../../../../Users/ALBERTO/Documents/VLabs_EditorAndMinimap/Vlabs_EWM/Content/minimap_folder/minimap.uasset
[2017.02.20-11.58.04:578][122]Cmd: OBJ SAVEPACKAGE PACKAGE="/Game/minimap" FILE="../../../../../../Users/ALBERTO/Documents/VLabs_EditorAndMinimap/Vlabs_EWM/Content/minimap.uasset" SILENT=true
[2017.02.20-11.58.04:595][122]LogSavePackage: Save=11.54ms
[2017.02.20-11.58.04:595][122]LogSavePackage: Moving '../../../../../../Users/ALBERTO/Documents/VLabs_EditorAndMinimap/Vlabs_EWM/Saved/minimap79EFA6944672CAF8030A2C9E61F2D808.tmp' to '../../../../../../Users/ALBERTO/Documents/VLabs_EditorAndMinimap/Vlabs_EWM/Content/minimap.uasset'
[2017.02.20-11.58.04:603][122]LogSavePackage:Display: Finished SavePackage ../../../../../../Users/ALBERTO/Documents/VLabs_EditorAndMinimap/Vlabs_EWM/Content/minimap.uasset
[2017.02.20-11.58.07:392][271]LogSavePackage: Save=17.04ms
[2017.02.20-11.58.07:392][271]LogSavePackage: Moving '../../../../../../Users/ALBERTO/Documents/VLabs_EditorAndMinimap/Vlabs_EWM/Saved/M_mappingMaterialF0CEFFAF4AEA1DD576739191653F490F.tmp' to '../../../../../../Users/ALBERTO/Documents/VLabs_EditorAndMinimap/Vlabs_EWM/Content/minimap_folder/M_mappingMaterial.uasset'
[2017.02.20-11.58.07:399][271]LogSavePackage:Display: Finished SavePackage ../../../../../../Users/ALBERTO/Documents/VLabs_EditorAndMinimap/Vlabs_EWM/Content/minimap_folder/M_mappingMaterial.uasset
[2017.02.20-11.58.52:985][288]LogMaterial: Missing cached shader map for material M_mappingMaterial, compiling. 
[2017.02.20-11.58.52:986][288]LogTemp:Display: Added material ShaderMap 0x000002190DCA8480 with Material 0x000002192C859300 to ShaderMapsBeingCompiled
[2017.02.20-11.58.53:007][288]LogTemp:Display: Kicking off shader compilation for M_mappingMaterial, GameThreadShaderMap 0x000002190DCA8480
[2017.02.20-11.58.53:117][288]LogMaterial: Missing cached shader map for material M_mappingMaterial, compiling. 
[2017.02.20-11.58.53:118][288]LogTemp:Display: Added material ShaderMap 0x000002193FB12B00 with Material 0x000002192C859300 to ShaderMapsBeingCompiled
[2017.02.20-11.58.53:133][288]LogTemp:Display: Kicking off shader compilation for M_mappingMaterial, GameThreadShaderMap 0x000002193FB12B00
[2017.02.20-11.58.53:133][288]LogMaterial: 0.00 seconds spent updating 1 materials, 1 interfaces, 0 instances, 0 with static permutations.
[2017.02.20-11.58.53:161][288]LogMaterial: Missing cached shader map for material FMatExpressionPreview MaterialExpressionTextureSample_0, compiling. 
[2017.02.20-11.58.53:162][288]LogTemp:Display: Added material ShaderMap 0x000002193FA6E780 with Material 0x000002193FACFA00 to ShaderMapsBeingCompiled
[2017.02.20-11.58.53:167][288]LogTemp:Display: Kicking off shader compilation for FMatExpressionPreview MaterialExpressionTextureSample_0, GameThreadShaderMap 0x000002193FA6E780
[2017.02.20-11.58.57:992][600]LogTemp:Display: Finished compile of shader map 0x000002193FB12B00
[2017.02.20-11.58.57:992][600]LogTemp:Display: Shader map M_mappingMaterial complete, GameThreadShaderMap 0x000002193FB12B00, marking material M_mappingMaterial as finished
[2017.02.20-11.58.57:992][600]LogTemp:Display: Marking material as finished 0x000002192C859300
[2017.02.20-11.58.58:004][601]MaterialEditorStats: Info Base pass shader with only dynamic lighting: 82 instructions
[2017.02.20-11.58.58:005][601]MaterialEditorStats: Info Vertex shader: 31 instructions
[2017.02.20-11.58.58:005][601]MaterialEditorStats: Info Texture samplers: 2/16
[2017.02.20-11.58.58:434][628]LogTemp:Display: Finished compile of shader map 0x000002193FA6E780
[2017.02.20-11.58.58:434][628]LogTemp:Display: Shader map FMatExpressionPreview MaterialExpressionTextureSample_0 complete, GameThreadShaderMap 0x000002193FA6E780, marking material FMatExpressionPreview MaterialExpressionTextureSample_0 as finished
[2017.02.20-11.58.58:435][628]LogTemp:Display: Marking material as finished 0x000002193FACFA00
[2017.02.20-11.59.03:532][929]LogTemp: Repeting last play command: New Editor Window (PIE)
[2017.02.20-11.59.03:551][929]LogPlayLevel: PlayLevel: No blueprints needed recompiling
[2017.02.20-11.59.03:552][929]PIE: New page: PIE session: minimap_text (Feb 20, 2017, 1:59:03 PM)
[2017.02.20-11.59.03:552][929]LogPlayLevel: Creating play world package: /Game/Maps/UEDPIE_0_minimap_text
[2017.02.20-11.59.03:557][929]LogPlayLevel: PIE: StaticDuplicateObject took: (0.005131s)
[2017.02.20-11.59.03:558][929]LogAIModule: Creating AISystem for world minimap_text
[2017.02.20-11.59.03:559][929]LogPlayLevel: PIE: World Init took: (0.001556s)
[2017.02.20-11.59.03:559][929]LogPlayLevel: PIE: Created PIE world by copying editor world from /Game/Maps/minimap_text.minimap_text to /Game/Maps/UEDPIE_0_minimap_text.minimap_text (0.007104s)
[2017.02.20-11.59.03:597][929]LogInit: XAudio2 using 'Altoparlanti (Realtek High Definition Audio)' : 2 channels at 48 kHz using 32 bits per sample (channel mask 0x3)
[2017.02.20-11.59.03:610][929]LogInit: FAudioDevice initialized.
[2017.02.20-11.59.03:662][929]LogLoad: Game class is 'GameModeBase'
[2017.02.20-11.59.03:664][929]LogWorld: Bringing World /Game/Maps/UEDPIE_0_minimap_text.minimap_text up for play (max tick rate 0) at 2017.02.20-12.59.03
[2017.02.20-11.59.03:668][929]LogWorld: Bringing up level for play took: 0.005340
[2017.02.20-11.59.03:723][929]LogContentBrowser: Native class hierarchy updated for 'MovieSceneCapture' in 0.0007 seconds. Added 11 classes and 0 folders.
[2017.02.20-11.59.03:730][929]PIE: Info Play in editor start time for /Game/Maps/UEDPIE_0_minimap_text 0.982
[2017.02.20-11.59.03:784][929]LogRenderer: Reallocating scene render targets to support 1292x756 NumSamples 1 (Frame:14849).
[2017.02.20-11.59.14:236][202]LogEditorViewport: Clicking on Actor (LMB): BP_EditorPawn_C (BP_EditorPawn)
[2017.02.20-11.59.30:455][668]Cmd: TRANSACTION UNDO
[2017.02.20-11.59.30:455][668]LogEditorTransaction: Undo Clicking on Actors
[2017.02.20-11.59.30:482][668]LogMaterial: Missing cached shader map for material M_mappingMaterial, compiling. 
[2017.02.20-11.59.30:483][668]LogTemp:Display: Added material ShaderMap 0x000002190DCA9980 with Material 0x000002192C859300 to ShaderMapsBeingCompiled
[2017.02.20-11.59.30:494][668]LogTemp:Display: Kicking off shader compilation for M_mappingMaterial, GameThreadShaderMap 0x000002190DCA9980
[2017.02.20-11.59.30:494][668]LogMaterial: 0.00 seconds spent updating 1 materials, 1 interfaces, 0 instances, 0 with static permutations.
[2017.02.20-11.59.33:477][787]LogTemp:Display: Finished compile of shader map 0x000002190DCA9980
[2017.02.20-11.59.33:477][787]LogTemp:Display: Shader map M_mappingMaterial complete, GameThreadShaderMap 0x000002190DCA9980, marking material M_mappingMaterial as finished
[2017.02.20-11.59.33:477][787]LogTemp:Display: Marking material as finished 0x000002192C859300
[2017.02.20-11.59.33:511][788]MaterialEditorStats: Info Base pass shader with only dynamic lighting: 82 instructions
[2017.02.20-11.59.33:511][788]MaterialEditorStats: Info Vertex shader: 31 instructions
[2017.02.20-11.59.33:511][788]MaterialEditorStats: Info Texture samplers: 2/16
[2017.02.20-11.59.40:046][  7]LogAIModule: Creating AISystem for world InGameEditor
[2017.02.20-11.59.43:192][  7]Cmd: MAP LOAD FILE="../../../../../../Users/ALBERTO/Documents/VLabs_EditorAndMinimap/Vlabs_EWM/Content/Maps/InGameEditor.umap" TEMPLATE=0 SHOWPROGRESS=1 FEATURELEVEL=3
[2017.02.20-11.59.43:193][  7]LightingResults: New page: Lighting Build
[2017.02.20-11.59.43:197][  7]LoadErrors: New page: Loading map: InGameEditor.umap
[2017.02.20-11.59.43:198][  7]MapCheck: New page: Map Check
[2017.02.20-11.59.43:198][  7]LightingResults: New page: Lighting Build
[2017.02.20-11.59.43:238][  7]LogEditorServer: Finished looking for orphan Actors (0.000 secs)
[2017.02.20-11.59.43:266][  7]Cmd: MAP CHECKDEP NOCLEARLOG
[2017.02.20-11.59.43:316][  7]MapCheck: Info Map check complete: 0 Error(s), 0 Warning(s), took 49.865ms to complete.
[2017.02.20-11.59.43:316][  7]LogFileHelpers: Loading map 'InGameEditor' took 0.125
[2017.02.20-11.59.47:936][162]LogEditorViewport: Clicking on Actor (context menu): StaticMeshActor (Floor)
[2017.02.20-12.00.28:936][650]LogEditorViewport: Clicking on Actor (context menu): BP_Sky_Sphere_C (Sky Sphere)
[2017.02.20-12.00.30:315][731]LogEditorViewport: Clicking on Actor (LMB): BP_Sky_Sphere_C (Sky Sphere)
[2017.02.20-12.00.31:284][763]LogEditorViewport: Clicking on Actor (context menu): BP_Sky_Sphere_C (Sky Sphere)
[2017.02.20-12.00.32:324][859]LogEditorViewport: Clicking on Actor (LMB): BP_Sky_Sphere_C (Sky Sphere)
[2017.02.20-12.00.36:512][994]LogEditorViewport: Clicking on Actor (context menu): BP_Sky_Sphere_C (Sky Sphere)
[2017.02.20-12.00.38:082][138]LogEditorViewport: Clicking on Actor (LMB): BP_Sky_Sphere_C (Sky Sphere)
[2017.02.20-12.00.38:532][151]LogEditorViewport: Clicking on Actor (context menu): BP_Sky_Sphere_C (Sky Sphere)
[2017.02.20-12.00.39:047][168]LogEditorViewport: Clicking on Actor (context menu): BP_Sky_Sphere_C (Sky Sphere)
[2017.02.20-12.00.39:155][168]LogEditorViewport: Clicking on Actor (context menu): StaticMeshActor (Floor)
[2017.02.20-12.00.48:374][458]LogEditorViewport: Clicking on Actor (LMB): minimap_C (minimap)
[2017.02.20-12.00.49:520][493]LogEditorViewport: Clicking on Actor (LMB): BP_EditorPawn_C (EditorPawn)
[2017.02.20-12.00.52:031][573]LogEditorViewport: Clicking on Actor (LMB): minimap_C (minimap)
[2017.02.20-12.01.16:022][365]LogEditorViewport: Clicking on Actor (LMB): BP_EditorPawn_C (EditorPawn)
[2017.02.20-12.01.18:985][466]LogEditorViewport: Clicking on Actor (LMB): minimap_C (minimap)
[2017.02.20-12.01.30:383][864]LogEditorViewport: Clicking on Actor (LMB): BP_Sky_Sphere_C (Sky Sphere)
[2017.02.20-12.06.19:309][527]LogSavePackage: Save=43.43ms
[2017.02.20-12.06.19:309][527]LogSavePackage: Moving '../../../../../../Users/ALBERTO/Documents/VLabs_EditorAndMinimap/Vlabs_EWM/Saved/InGameEditorCA687F2C4C781CD0EE8ECBAA4C97F62B.tmp' to '../../../../../../Users/ALBERTO/Documents/VLabs_EditorAndMinimap/Vlabs_EWM/Content/Maps/InGameEditor.umap'
[2017.02.20-12.06.19:316][527]LogSavePackage:Display: Finished SavePackage ../../../../../../Users/ALBERTO/Documents/VLabs_EditorAndMinimap/Vlabs_EWM/Content/Maps/InGameEditor.umap
[2017.02.20-12.06.20:800][582]BlueprintLog: New page: Compile minimap
[2017.02.20-12.06.20:810][582]LogUObjectGlobals:Warning: Guid referenced by StaticMeshComponent /Game/Maps/InGameEditor.InGameEditor:PersistentLevel.minimap_2.CamMesh0 is already used by StaticMeshComponent /Game/Maps/InGameEditor.InGameEditor:PersistentLevel.REINST_minimap_C_0.CamMesh0, which should never happen in the editor but could happen at runtime with duplicate level loading or PIE
[2017.02.20-12.06.20:810][582]LogUObjectGlobals:Warning: Guid referenced by DrawFrustumComponent /Game/Maps/InGameEditor.InGameEditor:PersistentLevel.minimap_2.DrawFrust0 is already used by DrawFrustumComponent /Game/Maps/InGameEditor.InGameEditor:PersistentLevel.REINST_minimap_C_0.DrawFrust0, which should never happen in the editor but could happen at runtime with duplicate level loading or PIE
[2017.02.20-12.06.20:810][582]LogUObjectGlobals:Warning: Guid referenced by SceneCaptureComponent2D /Game/Maps/InGameEditor.InGameEditor:PersistentLevel.minimap_2.NewSceneCaptureComponent2D is already used by SceneCaptureComponent2D /Game/Maps/InGameEditor.InGameEditor:PersistentLevel.REINST_minimap_C_0.NewSceneCaptureComponent2D, which should never happen in the editor but could happen at runtime with duplicate level loading or PIE
[2017.02.20-12.06.21:943][628]Cmd: OBJ SAVEPACKAGE PACKAGE="/Game/minimap_folder/minimap" FILE="../../../../../../Users/ALBERTO/Documents/VLabs_EditorAndMinimap/Vlabs_EWM/Content/minimap_folder/minimap.uasset" SILENT=true
[2017.02.20-12.06.21:979][628]LogSavePackage: Save=26.16ms
[2017.02.20-12.06.21:979][628]LogSavePackage: Moving '../../../../../../Users/ALBERTO/Documents/VLabs_EditorAndMinimap/Vlabs_EWM/Saved/minimap64C9097647BCAF7FC6013D88CC0DD101.tmp' to '../../../../../../Users/ALBERTO/Documents/VLabs_EditorAndMinimap/Vlabs_EWM/Content/minimap_folder/minimap.uasset'
[2017.02.20-12.06.21:987][628]LogSavePackage:Display: Finished SavePackage ../../../../../../Users/ALBERTO/Documents/VLabs_EditorAndMinimap/Vlabs_EWM/Content/minimap_folder/minimap.uasset
[2017.02.20-12.06.23:911][729]LogMaterialEditor: Saving and Compiling material M_mappingMaterial
[2017.02.20-12.06.24:944][729]LogMaterial: Missing cached shader map for material M_mappingMaterial, compiling. 
[2017.02.20-12.06.24:945][729]LogTemp:Display: Added material ShaderMap 0x000002192D974F00 with Material 0x000002192C859300 to ShaderMapsBeingCompiled
[2017.02.20-12.06.24:967][729]LogTemp:Display: Kicking off shader compilation for M_mappingMaterial, GameThreadShaderMap 0x000002192D974F00
[2017.02.20-12.06.24:967][729]LogMaterial: 0.00 seconds spent updating 1 materials, 1 interfaces, 0 instances, 0 with static permutations.
[2017.02.20-12.06.24:992][729]LogMaterial: Missing cached shader map for material M_mappingMaterial, compiling. 
[2017.02.20-12.06.24:994][729]LogTemp:Display: Added material ShaderMap 0x00000219023BF200 with Material 0x0000021912951900 to ShaderMapsBeingCompiled
[2017.02.20-12.06.25:028][729]LogTemp:Display: Kicking off shader compilation for M_mappingMaterial, GameThreadShaderMap 0x00000219023BF200
[2017.02.20-12.06.25:032][729]LogMaterial: Missing cached shader map for material M_mappingMaterial, compiling. 
[2017.02.20-12.06.25:033][729]LogTemp:Display: Added material ShaderMap 0x00000219238E2400 with Material 0x0000021912951900 to ShaderMapsBeingCompiled
[2017.02.20-12.06.25:059][729]LogTemp:Display: Kicking off shader compilation for M_mappingMaterial, GameThreadShaderMap 0x00000219238E2400
[2017.02.20-12.06.25:060][729]LogMaterial: 0.00 seconds spent updating 1 materials, 1 interfaces, 0 instances, 0 with static permutations.
[2017.02.20-12.06.25:128][729]LogMaterial: Missing cached shader map for material FDebugViewModeMaterialProxy M_mappingMaterial, compiling. 
[2017.02.20-12.06.25:129][729]LogTemp:Display: Added material ShaderMap 0x000002192F7DC800 with Material 0x000002190D8A2800 to ShaderMapsBeingCompiled
[2017.02.20-12.06.27:004][729]LogTemp:Display: Finished compile of shader map 0x000002192F7DC800
[2017.02.20-12.06.27:004][729]LogTemp:Display: Shader map FDebugViewModeMaterialProxy M_mappingMaterial complete, GameThreadShaderMap 0x000002192F7DC800, marking material FDebugViewModeMaterialProxy M_mappingMaterial as finished
[2017.02.20-12.06.27:004][729]LogTemp:Display: Marking material as finished 0x000002190D8A2800
[2017.02.20-12.06.27:008][729]TextureStreamingBuild:Display: Compiling optional shaders took 1.890 seconds.
[2017.02.20-12.06.29:121][729]LogTemp:Display: Finished compile of shader map 0x00000219238E2400
[2017.02.20-12.06.29:121][729]LogTemp:Display: Shader map M_mappingMaterial complete, GameThreadShaderMap 0x00000219238E2400, marking material M_mappingMaterial as finished
[2017.02.20-12.06.29:121][729]LogTemp:Display: Marking material as finished 0x0000021912951900
[2017.02.20-12.06.29:129][729]LogTemp:Display: Finished compile of shader map 0x000002192D974F00
[2017.02.20-12.06.29:129][729]LogTemp:Display: Shader map M_mappingMaterial complete, GameThreadShaderMap 0x000002192D974F00, marking material M_mappingMaterial as finished
[2017.02.20-12.06.29:129][729]LogTemp:Display: Marking material as finished 0x000002192C859300
[2017.02.20-12.06.29:219][729]LogSavePackage: Save=15.44ms
[2017.02.20-12.06.29:219][729]LogSavePackage: Moving '../../../../../../Users/ALBERTO/Documents/VLabs_EditorAndMinimap/Vlabs_EWM/Saved/M_mappingMaterialEDB153B8476041C78D6A46BC921BA72F.tmp' to '../../../../../../Users/ALBERTO/Documents/VLabs_EditorAndMinimap/Vlabs_EWM/Content/minimap_folder/M_mappingMaterial.uasset'
[2017.02.20-12.06.29:227][729]LogSavePackage:Display: Finished SavePackage ../../../../../../Users/ALBERTO/Documents/VLabs_EditorAndMinimap/Vlabs_EWM/Content/minimap_folder/M_mappingMaterial.uasset
[2017.02.20-12.06.29:233][729]MaterialEditorStats: Info Base pass shader with only dynamic lighting: 82 instructions
[2017.02.20-12.06.29:233][729]MaterialEditorStats: Info Vertex shader: 31 instructions
[2017.02.20-12.06.29:233][729]MaterialEditorStats: Info Texture samplers: 3/16
[2017.02.20-12.06.32:522][792]LogSavePackage: Save=41.16ms
[2017.02.20-12.06.32:522][792]LogSavePackage: Moving '../../../../../../Users/ALBERTO/Documents/VLabs_EditorAndMinimap/Vlabs_EWM/Saved/InGameEditor94109C774596D479E54605A064BE2BB0.tmp' to '../../../../../../Users/ALBERTO/Documents/VLabs_EditorAndMinimap/Vlabs_EWM/Content/Maps/InGameEditor.umap'
[2017.02.20-12.06.32:530][792]LogSavePackage:Display: Finished SavePackage ../../../../../../Users/ALBERTO/Documents/VLabs_EditorAndMinimap/Vlabs_EWM/Content/Maps/InGameEditor.umap
[2017.02.20-12.06.32:558][792]LogFileHelpers: Saving map 'InGameEditor' took 0.170
[2017.02.20-12.06.33:015][793]Cmd: QUIT_EDITOR
[2017.02.20-12.06.33:948][793]LogWindowsTextInputMethodSystem:Display: IME system now deactivated.
[2017.02.20-12.06.33:982][793]LogExit: Preparing to exit.
[2017.02.20-12.06.35:186][793]LogDirectoryWatcher: A directory notification for 'C:/Users/ALBERTO/Documents/VLabs_EditorAndMinimap/Vlabs_EWM/Content/' was aborted.
[2017.02.20-12.06.35:223][793]LogExit: Editor shut down
[2017.02.20-12.06.35:224][793]LogExit: Transaction tracking system shut down
[2017.02.20-12.06.35:235][793]LogTemp:Display: Removed shader map 0x00000219023BF200 from material 0x0000021912951900
[2017.02.20-12.06.35:242][793]LogTemp:Display: Removed shader map 0x000002190DCA8480 from material 0x000002192C859300
[2017.02.20-12.06.35:331][793]LogObj: Freed 0b from 0 cluster array pools.
[2017.02.20-12.06.35:332][793]LogExit: Object subsystem successfully closed.
[2017.02.20-12.06.35:347][793]LogD3D11RHI: Shutdown
[2017.02.20-12.06.35:347][793]LogD3D11RHI: CleanupD3DDevice
[2017.02.20-12.06.35:499][793]LogD3D11RHI: ~FD3D11DynamicRHI
[2017.02.20-12.06.35:513][793]LogModuleManager: Shutting down and abandoning module MovieSceneCapture (504)
[2017.02.20-12.06.35:513][793]LogModuleManager: Shutting down and abandoning module MaterialEditor (502)
[2017.02.20-12.06.35:513][793]LogModuleManager: Shutting down and abandoning module BlueprintGraph (500)
[2017.02.20-12.06.35:513][793]LogModuleManager: Shutting down and abandoning module BlueprintProfiler (498)
[2017.02.20-12.06.35:513][793]LogModuleManager: Shutting down and abandoning module HierarchicalLODOutliner (496)
[2017.02.20-12.06.35:513][793]LogModuleManager: Shutting down and abandoning module CrashTracker (494)
[2017.02.20-12.06.35:513][793]LogModuleManager: Shutting down and abandoning module SceneOutliner (492)
[2017.02.20-12.06.35:513][793]LogModuleManager: Shutting down and abandoning module AddContentDialog (490)
[2017.02.20-12.06.35:513][793]LogDirectoryWatcher: A directory notification for 'C:/Program Files/Epic Games/UE_4.15/FeaturePacks/' was aborted.
[2017.02.20-12.06.35:515][793]LogModuleManager: Shutting down and abandoning module WidgetCarousel (489)
[2017.02.20-12.06.35:515][793]LogModuleManager: Shutting down and abandoning module EditorWidgets (486)
[2017.02.20-12.06.35:515][793]LogModuleManager: Shutting down and abandoning module CollectionManager (484)
[2017.02.20-12.06.35:515][793]LogDirectoryWatcher: A directory notification for 'C:/Users/ALBERTO/Documents/VLabs_EditorAndMinimap/Vlabs_EWM/Content/Collections/' was aborted.
[2017.02.20-12.06.35:515][793]LogDirectoryWatcher: A directory notification for 'C:/Users/ALBERTO/Documents/VLabs_EditorAndMinimap/Vlabs_EWM/Content/Developers/ALBERTO/Collections/' was aborted.
[2017.02.20-12.06.35:515][793]LogDirectoryWatcher: A directory notification for 'C:/Users/ALBERTO/Documents/VLabs_EditorAndMinimap/Vlabs_EWM/Saved/Collections/' was aborted.
[2017.02.20-12.06.35:515][793]LogModuleManager: Shutting down and abandoning module StatsViewer (482)
[2017.02.20-12.06.35:515][793]LogModuleManager: Shutting down and abandoning module FoliageEdit (480)
[2017.02.20-12.06.35:515][793]LogModuleManager: Shutting down and abandoning module LandscapeEditor (478)
[2017.02.20-12.06.35:515][793]LogModuleManager: Shutting down and abandoning module SceneDepthPickerMode (476)
[2017.02.20-12.06.35:515][793]LogModuleManager: Shutting down and abandoning module ActorPickerMode (474)
[2017.02.20-12.06.35:515][793]LogModuleManager: Shutting down and abandoning module GeometryMode (472)
[2017.02.20-12.06.35:515][793]LogModuleManager: Shutting down and abandoning module TextureAlignMode (470)
[2017.02.20-12.06.35:515][793]LogModuleManager: Shutting down and abandoning module BspMode (468)
[2017.02.20-12.06.35:515][793]LogModuleManager: Shutting down and abandoning module HardwareSurvey (466)
[2017.02.20-12.06.35:515][793]LogModuleManager: Shutting down and abandoning module SequenceRecorderSections (464)
[2017.02.20-12.06.35:515][793]LogModuleManager: Shutting down and abandoning module AutomationWorker (462)
[2017.02.20-12.06.35:515][793]LogModuleManager: Shutting down and abandoning module MatineeToLevelSequence (460)
[2017.02.20-12.06.35:515][793]LogModuleManager: Shutting down and abandoning module LevelSequenceEditor (458)
[2017.02.20-12.06.35:515][793]LogModuleManager: Shutting down and abandoning module PlacementMode (457)
[2017.02.20-12.06.35:515][793]LogModuleManager: Shutting down and abandoning module WmfMediaFactory (454)
[2017.02.20-12.06.35:515][793]LogModuleManager: Shutting down and abandoning module WmfMediaEditor (452)
[2017.02.20-12.06.35:515][793]LogModuleManager: Shutting down and abandoning module MfMediaFactory (450)
[2017.02.20-12.06.35:515][793]LogModuleManager: Shutting down and abandoning module MfMediaEditor (448)
[2017.02.20-12.06.35:515][793]LogModuleManager: Shutting down and abandoning module AvfMediaFactory (446)
[2017.02.20-12.06.35:515][793]LogModuleManager: Shutting down and abandoning module AvfMediaEditor (444)
[2017.02.20-12.06.35:515][793]LogModuleManager: Shutting down and abandoning module AndroidMediaFactory (442)
[2017.02.20-12.06.35:515][793]LogModuleManager: Shutting down and abandoning module Media (441)
[2017.02.20-12.06.35:515][793]LogModuleManager: Shutting down and abandoning module AndroidMediaEditor (438)
[2017.02.20-12.06.35:515][793]LogModuleManager: Shutting down and abandoning module CharacterAI (436)
[2017.02.20-12.06.35:515][793]LogModuleManager: Shutting down and abandoning module AudioCapture (434)
[2017.02.20-12.06.35:515][793]LogModuleManager: Shutting down and abandoning module SequenceRecorder (433)
[2017.02.20-12.06.35:515][793]LogModuleManager: Shutting down and abandoning module SmartSnapping (430)
[2017.02.20-12.06.35:515][793]LogModuleManager: Shutting down and abandoning module SessionServices (428)
[2017.02.20-12.06.35:515][793]LogModuleManager: Shutting down and abandoning module ViewportSnapping (426)
[2017.02.20-12.06.35:515][793]LogModuleManager: Shutting down and abandoning module ViewportInteraction (424)
[2017.02.20-12.06.35:515][793]LogModuleManager: Shutting down and abandoning module LogVisualizer (422)
[2017.02.20-12.06.35:515][793]LogModuleManager: Shutting down and abandoning module IntroTutorials (420)
[2017.02.20-12.06.35:515][793]LogModuleManager: Shutting down and abandoning module GameProjectGeneration (419)
[2017.02.20-12.06.35:515][793]LogModuleManager: Shutting down and abandoning module EditorLiveStreaming (416)
[2017.02.20-12.06.35:515][793]LogModuleManager: Shutting down and abandoning module IOSPlatformEditor (414)
[2017.02.20-12.06.35:515][793]LogModuleManager: Shutting down and abandoning module HTML5PlatformEditor (412)
[2017.02.20-12.06.35:515][793]LogModuleManager: Shutting down and abandoning module AndroidPlatformEditor (410)
[2017.02.20-12.06.35:515][793]LogModuleManager: Shutting down and abandoning module AndroidDeviceDetection (409)
[2017.02.20-12.06.35:754][793]LogModuleManager: Shutting down and abandoning module IOSRuntimeSettings (406)
[2017.02.20-12.06.35:754][793]LogModuleManager: Shutting down and abandoning module AndroidRuntimeSettings (404)
[2017.02.20-12.06.35:754][793]LogModuleManager: Shutting down and abandoning module InputBindingEditor (402)
[2017.02.20-12.06.35:754][793]LogModuleManager: Shutting down and abandoning module NiagaraEditor (400)
[2017.02.20-12.06.35:754][793]LogModuleManager: Shutting down and abandoning module MergeActors (398)
[2017.02.20-12.06.35:754][793]LogModuleManager: Shutting down and abandoning module SizeMap (396)
[2017.02.20-12.06.35:754][793]LogModuleManager: Shutting down and abandoning module TreeMap (394)
[2017.02.20-12.06.35:754][793]LogModuleManager: Shutting down and abandoning module ReferenceViewer (392)
[2017.02.20-12.06.35:754][793]LogModuleManager: Shutting down and abandoning module LocalizationDashboard (390)
[2017.02.20-12.06.35:754][793]LogModuleManager: Shutting down and abandoning module LocalizationService (389)
[2017.02.20-12.06.35:754][793]LogModuleManager: Shutting down and abandoning module HardwareTargeting (386)
[2017.02.20-12.06.35:754][793]LogModuleManager: Shutting down and abandoning module DeviceProfileEditor (384)
[2017.02.20-12.06.35:754][793]LogModuleManager: Shutting down and abandoning module UndoHistory (382)
[2017.02.20-12.06.35:754][793]LogModuleManager: Shutting down and abandoning module UserFeedback (380)
[2017.02.20-12.06.35:754][793]LogModuleManager: Shutting down and abandoning module XmlParser (378)
[2017.02.20-12.06.35:754][793]LogModuleManager: Shutting down and abandoning module Blutility (376)
[2017.02.20-12.06.35:754][793]LogModuleManager: Shutting down and abandoning module ProjectSettingsViewer (374)
[2017.02.20-12.06.35:754][793]LogModuleManager: Shutting down and abandoning module ProjectTargetPlatformEditor (373)
[2017.02.20-12.06.35:754][793]LogModuleManager: Shutting down and abandoning module EditorSettingsViewer (370)
[2017.02.20-12.06.35:754][793]LogModuleManager: Shutting down and abandoning module SettingsEditor (368)
[2017.02.20-12.06.35:754][793]LogModuleManager: Shutting down and abandoning module ProjectLauncher (366)
[2017.02.20-12.06.35:754][793]LogModuleManager: Shutting down and abandoning module SessionFrontend (364)
[2017.02.20-12.06.35:755][793]LogModuleManager: Shutting down and abandoning module ProfilerClient (362)
[2017.02.20-12.06.35:755][793]LogModuleManager: Shutting down and abandoning module DeviceManager (360)
[2017.02.20-12.06.35:755][793]LogModuleManager: Shutting down and abandoning module TargetDeviceServices (359)
[2017.02.20-12.06.35:796][793]LogModuleManager: Shutting down and abandoning module AutomationController (356)
[2017.02.20-12.06.35:796][793]LogModuleManager: Shutting down and abandoning module AutomationWindow (354)
[2017.02.20-12.06.35:796][793]LogModuleManager: Shutting down and abandoning module Layers (352)
[2017.02.20-12.06.35:796][793]LogModuleManager: Shutting down and abandoning module ComponentVisualizers (350)
[2017.02.20-12.06.35:796][793]LogModuleManager: Shutting down and abandoning module DetailCustomizations (348)
[2017.02.20-12.06.35:796][793]LogModuleManager: Shutting down and abandoning module PackagesDialog (346)
[2017.02.20-12.06.35:796][793]LogModuleManager: Shutting down and abandoning module Persona (344)
[2017.02.20-12.06.35:796][793]LogModuleManager: Shutting down and abandoning module AnimGraph (343)
[2017.02.20-12.06.35:796][793]LogModuleManager: Shutting down and abandoning module Kismet (340)
[2017.02.20-12.06.35:802][793]LogModuleManager: Shutting down and abandoning module GraphEditor (338)
[2017.02.20-12.06.35:802][793]LogModuleManager: Shutting down and abandoning module ClassViewer (336)
[2017.02.20-12.06.35:802][793]LogModuleManager: Shutting down and abandoning module Toolbox (334)
[2017.02.20-12.06.35:802][793]LogModuleManager: Shutting down and abandoning module ModuleUI (332)
[2017.02.20-12.06.35:802][793]LogModuleManager: Shutting down and abandoning module MovieSceneTools (330)
[2017.02.20-12.06.35:802][793]LogModuleManager: Shutting down and abandoning module OutputLog (328)
[2017.02.20-12.06.35:802][793]LogModuleManager: Shutting down and abandoning module GammaUI (326)
[2017.02.20-12.06.35:802][793]LogModuleManager: Shutting down and abandoning module Documentation (324)
[2017.02.20-12.06.35:802][793]LogModuleManager: Shutting down and abandoning module Niagara (322)
[2017.02.20-12.06.35:802][793]LogModuleManager: Shutting down and abandoning module StreamingPauseRendering (320)
[2017.02.20-12.06.35:802][793]LogModuleManager: Shutting down and abandoning module AnalyticsET (318)
[2017.02.20-12.06.35:802][793]LogModuleManager: Shutting down and abandoning module PortalServices (316)
[2017.02.20-12.06.35:802][793]LogModuleManager: Shutting down and abandoning module PortalRpc (314)
[2017.02.20-12.06.35:802][793]LogModuleManager: Shutting down and abandoning module MessagingRpc (312)
[2017.02.20-12.06.35:802][793]LogModuleManager: Shutting down and abandoning module AIModule (310)
[2017.02.20-12.06.35:802][793]LogModuleManager: Shutting down and abandoning module GameplayDebugger (309)
[2017.02.20-12.06.35:802][793]LogModuleManager: Shutting down and abandoning module AITestSuite (307)
[2017.02.20-12.06.35:802][793]LogModuleManager: Shutting down and abandoning module ProfilerService (304)
[2017.02.20-12.06.35:890][793]LogModuleManager: Shutting down and abandoning module TaskGraph (302)
[2017.02.20-12.06.35:890][793]LogModuleManager: Shutting down and abandoning module SteamVRController (300)
[2017.02.20-12.06.35:890][793]LogModuleManager: Shutting down and abandoning module SteamVR (298)
[2017.02.20-12.06.35:890][793]LogModuleManager: Shutting down and abandoning module ProceduralMeshComponentEditor (296)
[2017.02.20-12.06.35:890][793]LogModuleManager: Shutting down and abandoning module ProceduralMeshComponent (294)
[2017.02.20-12.06.35:890][793]LogModuleManager: Shutting down and abandoning module OculusLibrary (292)
[2017.02.20-12.06.35:890][793]LogModuleManager: Shutting down and abandoning module OculusInput (290)
[2017.02.20-12.06.35:890][793]LogModuleManager: Shutting down and abandoning module MobilePatchingUtils (288)
[2017.02.20-12.06.35:890][793]LogModuleManager: Shutting down and abandoning module CustomMeshComponent (286)
[2017.02.20-12.06.35:890][793]LogModuleManager: Shutting down and abandoning module CableComponent (284)
[2017.02.20-12.06.35:890][793]LogModuleManager: Shutting down and abandoning module ArchVisCharacter (282)
[2017.02.20-12.06.35:890][793]LogModuleManager: Shutting down and abandoning module MediaPlayerEditor (278)
[2017.02.20-12.06.35:890][793]LogModuleManager: Shutting down and abandoning module HTML5Networking (276)
[2017.02.20-12.06.35:890][793]LogModuleManager: Shutting down and abandoning module AlembicImporter (274)
[2017.02.20-12.06.35:890][793]LogModuleManager: Shutting down and abandoning module AlembicLibrary (273)
[2017.02.20-12.06.35:890][793]LogModuleManager: Shutting down and abandoning module GeometryCache (272)
[2017.02.20-12.06.35:890][793]LogModuleManager: Shutting down and abandoning module GeometryCacheEd (271)
[2017.02.20-12.06.35:890][793]LogModuleManager: Shutting down and abandoning module SuperSearchEditor (266)
[2017.02.20-12.06.35:890][793]LogModuleManager: Shutting down and abandoning module SuperSearch (265)
[2017.02.20-12.06.35:890][793]LogModuleManager: Shutting down and abandoning module SpeedTreeImporter (262)
[2017.02.20-12.06.35:890][793]LogModuleManager: Shutting down and abandoning module PluginBrowser (260)
[2017.02.20-12.06.35:890][793]LogModuleManager: Shutting down and abandoning module MobileLauncherProfileWizard (258)
[2017.02.20-12.06.35:890][793]LogModuleManager: Shutting down and abandoning module EpicSurvey (256)
[2017.02.20-12.06.35:890][793]LogModuleManager: Shutting down and abandoning module VisualStudioSourceCodeAccess (254)
[2017.02.20-12.06.35:890][793]LogModuleManager: Shutting down and abandoning module DesktopPlatform (253)
[2017.02.20-12.06.35:890][793]LogModuleManager: Shutting down and abandoning module UObjectPlugin (250)
[2017.02.20-12.06.35:890][793]LogModuleManager: Shutting down and abandoning module SubversionSourceControl (248)
[2017.02.20-12.06.35:890][793]LogModuleManager: Shutting down and abandoning module PerforceSourceControl (246)
[2017.02.20-12.06.35:890][793]LogModuleManager: Shutting down and abandoning module GitSourceControl (244)
[2017.02.20-12.06.35:891][793]LogModuleManager: Shutting down and abandoning module SourceControl (243)
[2017.02.20-12.06.35:891][793]LogModuleManager: Shutting down and abandoning module LightPropagationVolumeEditor (240)
[2017.02.20-12.06.35:891][793]LogModuleManager: Shutting down and abandoning module PaperTiledImporter (238)
[2017.02.20-12.06.35:891][793]LogModuleManager: Shutting down and abandoning module PaperSpriteSheetImporter (236)
[2017.02.20-12.06.35:891][793]LogModuleManager: Shutting down and abandoning module Paper2DEditor (234)
[2017.02.20-12.06.35:891][793]LogModuleManager: Shutting down and abandoning module MeshPaint (233)
[2017.02.20-12.06.35:891][793]LogModuleManager: Shutting down and abandoning module LevelEditor (231)
[2017.02.20-12.06.35:891][793]LogModuleManager: Shutting down and abandoning module PixelInspectorModule (230)
[2017.02.20-12.06.35:891][793]LogModuleManager: Shutting down and abandoning module MainFrame (228)
[2017.02.20-12.06.35:891][793]LogModuleManager: Shutting down and abandoning module HotReload (227)
[2017.02.20-12.06.35:892][793]LogModuleManager: Shutting down and abandoning module ContentBrowser (223)
[2017.02.20-12.06.35:893][793]LogModuleManager: Shutting down and abandoning module PhysXVehiclesEditor (220)
[2017.02.20-12.06.35:893][793]LogModuleManager: Shutting down and abandoning module PhysXVehicles (218)
[2017.02.20-12.06.35:893][793]LogModuleManager: Shutting down and abandoning module LocationServicesBPLibrary (216)
[2017.02.20-12.06.35:893][793]LogModuleManager: Shutting down and abandoning module UdpMessaging (214)
[2017.02.20-12.06.35:993][793]LogModuleManager: Shutting down and abandoning module TcpMessaging (212)
[2017.02.20-12.06.36:093][793]LogModuleManager: Shutting down and abandoning module GameplayTagsEditor (210)
[2017.02.20-12.06.36:093][793]LogModuleManager: Shutting down and abandoning module FacialAnimationEditor (208)
[2017.02.20-12.06.36:093][793]LogModuleManager: Shutting down and abandoning module FacialAnimation (206)
[2017.02.20-12.06.36:093][793]LogModuleManager: Shutting down and abandoning module LightPropagationVolumeRuntime (204)
[2017.02.20-12.06.36:093][793]LogModuleManager: Shutting down and abandoning module Paper2D (202)
[2017.02.20-12.06.36:093][793]LogModuleManager: Shutting down and abandoning module WindowsMoviePlayer (200)
[2017.02.20-12.06.36:093][793]LogModuleManager: Shutting down and abandoning module WmfMedia (198)
[2017.02.20-12.06.36:094][793]LogModuleManager: Shutting down and abandoning module MfMedia (196)
[2017.02.20-12.06.36:094][793]LogModuleManager: Shutting down and abandoning module MediaAssets (194)
[2017.02.20-12.06.36:094][793]LogModuleManager: Shutting down and abandoning module GameLiveStreaming (192)
[2017.02.20-12.06.36:094][793]LogModuleManager: Shutting down and abandoning module VREditor (190)
[2017.02.20-12.06.36:094][793]LogModuleManager: Shutting down and abandoning module GameplayTasksEditor (188)
[2017.02.20-12.06.36:094][793]LogModuleManager: Shutting down and abandoning module BehaviorTreeEditor (186)
[2017.02.20-12.06.36:094][793]LogModuleManager: Shutting down and abandoning module FunctionalTesting (184)
[2017.02.20-12.06.36:094][793]LogModuleManager: Shutting down and abandoning module CollisionAnalyzer (182)
[2017.02.20-12.06.36:094][793]LogModuleManager: Shutting down and abandoning module UMG (180)
[2017.02.20-12.06.36:094][793]LogModuleManager: Shutting down and abandoning module UMGEditor (179)
[2017.02.20-12.06.36:094][793]LogModuleManager: Shutting down and abandoning module Sequencer (178)
[2017.02.20-12.06.36:094][793]LogModuleManager: Shutting down and abandoning module AssetTools (176)
[2017.02.20-12.06.36:094][793]LogModuleManager: Shutting down and abandoning module MessageLog (175)
[2017.02.20-12.06.36:094][793]LogModuleManager: Shutting down and abandoning module WorkspaceMenuStructure (174)
[2017.02.20-12.06.36:094][793]LogModuleManager: Shutting down and abandoning module SlateReflector (168)
[2017.02.20-12.06.36:094][793]LogModuleManager: Shutting down and abandoning module Slate (166)
[2017.02.20-12.06.36:094][793]LogModuleManager: Shutting down and abandoning module EditorStyle (164)
[2017.02.20-12.06.36:096][793]LogModuleManager: Shutting down and abandoning module SourceCodeAccess (162)
[2017.02.20-12.06.36:097][793]LogModuleManager: Shutting down and abandoning module HeadMountedDisplay (160)
[2017.02.20-12.06.36:097][793]LogModuleManager: Shutting down and abandoning module XAudio2 (158)
[2017.02.20-12.06.36:097][793]LogModuleManager: Shutting down and abandoning module Networking (156)
[2017.02.20-12.06.36:097][793]LogModuleManager: Shutting down and abandoning module Core (152)
[2017.02.20-12.06.36:097][793]LogModuleManager: Shutting down and abandoning module AssetRegistry (150)
[2017.02.20-12.06.36:213][793]LogDirectoryWatcher: A directory notification for '../../../Engine/Content/' was aborted.
[2017.02.20-12.06.36:213][793]LogDirectoryWatcher: A directory notification for '../../../../../../Users/ALBERTO/Documents/VLabs_EditorAndMinimap/Vlabs_EWM/Content/' was aborted.
[2017.02.20-12.06.36:213][793]LogDirectoryWatcher: A directory notification for '../../../Engine/Plugins/2D/Paper2D/Content/' was aborted.
[2017.02.20-12.06.36:213][793]LogModuleManager: Shutting down and abandoning module DirectoryWatcher (149)
[2017.02.20-12.06.36:214][793]LogModuleManager: Shutting down and abandoning module KismetCompiler (146)
[2017.02.20-12.06.36:214][793]LogModuleManager: Shutting down and abandoning module PhysXFormats (144)
[2017.02.20-12.06.36:214][793]LogModuleManager: Shutting down and abandoning module MeshUtilities (142)
[2017.02.20-12.06.36:214][793]LogModuleManager: Shutting down and abandoning module SimplygonSwarm (141)
[2017.02.20-12.06.36:214][793]LogModuleManager: Shutting down and abandoning module SimplygonMeshReduction (139)
[2017.02.20-12.06.36:214][793]LogModuleManager: Shutting down and abandoning module QuadricMeshReduction (137)
[2017.02.20-12.06.36:214][793]LogModuleManager: Shutting down and abandoning module PropertyEditor (135)
[2017.02.20-12.06.36:214][793]LogModuleManager: Shutting down and abandoning module DerivedDataCache (132)
[2017.02.20-12.06.36:286][793]LogDerivedDataCache: Shutdown
[2017.02.20-12.06.36:286][793]LogModuleManager: Shutting down and abandoning module TargetPlatform (130)
[2017.02.20-12.06.36:286][793]LogModuleManager: Shutting down and abandoning module VulkanShaderFormat (129)
[2017.02.20-12.06.36:286][793]LogModuleManager: Shutting down and abandoning module ShaderFormatOpenGL (127)
[2017.02.20-12.06.36:286][793]LogModuleManager: Shutting down and abandoning module ShaderFormatD3D (125)
[2017.02.20-12.06.36:286][793]LogModuleManager: Shutting down and abandoning module MetalShaderFormat (123)
[2017.02.20-12.06.36:286][793]LogModuleManager: Shutting down and abandoning module TextureFormatUncompressed (121)
[2017.02.20-12.06.36:286][793]LogModuleManager: Shutting down and abandoning module TextureFormatPVR (119)
[2017.02.20-12.06.36:286][793]LogModuleManager: Shutting down and abandoning module TextureFormatDXT (117)
[2017.02.20-12.06.36:286][793]LogModuleManager: Shutting down and abandoning module TextureFormatIntelISPCTexComp (115)
[2017.02.20-12.06.36:286][793]LogModuleManager: Shutting down and abandoning module TextureFormatASTC (113)
[2017.02.20-12.06.36:286][793]LogModuleManager: Shutting down and abandoning module ImageWrapper (112)
[2017.02.20-12.06.36:286][793]LogModuleManager: Shutting down and abandoning module TextureFormatAndroid (109)
[2017.02.20-12.06.36:286][793]LogModuleManager: Shutting down and abandoning module AudioFormatOpus (107)
[2017.02.20-12.06.36:286][793]LogModuleManager: Shutting down and abandoning module AudioFormatOgg (105)
[2017.02.20-12.06.36:286][793]LogModuleManager: Shutting down and abandoning module AudioFormatADPCM (103)
[2017.02.20-12.06.36:286][793]LogModuleManager: Shutting down and abandoning module LinuxTargetPlatform (101)
[2017.02.20-12.06.36:286][793]LogModuleManager: Shutting down and abandoning module LinuxServerTargetPlatform (99)
[2017.02.20-12.06.36:286][793]LogModuleManager: Shutting down and abandoning module LinuxNoEditorTargetPlatform (97)
[2017.02.20-12.06.36:286][793]LogModuleManager: Shutting down and abandoning module LinuxClientTargetPlatform (95)
[2017.02.20-12.06.36:286][793]LogModuleManager: Shutting down and abandoning module TVOSTargetPlatform (93)
[2017.02.20-12.06.36:286][793]LogModuleManager: Shutting down and abandoning module Messaging (91)
[2017.02.20-12.06.36:286][793]LogModuleManager: Shutting down and abandoning module IOSTargetPlatform (89)
[2017.02.20-12.06.36:286][793]LogModuleManager: Shutting down and abandoning module HTML5TargetPlatform (87)
[2017.02.20-12.06.36:286][793]LogModuleManager: Shutting down and abandoning module Android_PVRTCTargetPlatform (85)
[2017.02.20-12.06.36:287][793]LogModuleManager: Shutting down and abandoning module Android_MultiTargetPlatform (83)
[2017.02.20-12.06.36:287][793]LogModuleManager: Shutting down and abandoning module Android_ETC2TargetPlatform (81)
[2017.02.20-12.06.36:287][793]LogModuleManager: Shutting down and abandoning module Android_ETC1TargetPlatform (79)
[2017.02.20-12.06.36:287][793]LogModuleManager: Shutting down and abandoning module Android_DXTTargetPlatform (77)
[2017.02.20-12.06.36:287][793]LogModuleManager: Shutting down and abandoning module Android_ATCTargetPlatform (75)
[2017.02.20-12.06.36:287][793]LogModuleManager: Shutting down and abandoning module Android_ASTCTargetPlatform (73)
[2017.02.20-12.06.36:287][793]LogModuleManager: Shutting down and abandoning module AndroidTargetPlatform (71)
[2017.02.20-12.06.36:287][793]LogModuleManager: Shutting down and abandoning module WindowsTargetPlatform (69)
[2017.02.20-12.06.36:287][793]LogModuleManager: Shutting down and abandoning module WindowsServerTargetPlatform (67)
[2017.02.20-12.06.36:287][793]LogModuleManager: Shutting down and abandoning module WindowsNoEditorTargetPlatform (65)
[2017.02.20-12.06.36:287][793]LogModuleManager: Shutting down and abandoning module WindowsClientTargetPlatform (63)
[2017.02.20-12.06.36:287][793]LogModuleManager: Shutting down and abandoning module MacTargetPlatform (61)
[2017.02.20-12.06.36:287][793]LogModuleManager: Shutting down and abandoning module MacServerTargetPlatform (59)
[2017.02.20-12.06.36:287][793]LogModuleManager: Shutting down and abandoning module MacNoEditorTargetPlatform (57)
[2017.02.20-12.06.36:287][793]LogModuleManager: Shutting down and abandoning module MacClientTargetPlatform (55)
[2017.02.20-12.06.36:287][793]LogModuleManager: Shutting down and abandoning module AllDesktopTargetPlatform (53)
[2017.02.20-12.06.36:287][793]LogModuleManager: Shutting down and abandoning module InputCore (50)
[2017.02.20-12.06.36:287][793]LogModuleManager: Shutting down and abandoning module Settings (48)
[2017.02.20-12.06.36:287][793]LogModuleManager: Shutting down and abandoning module OculusRift (46)
[2017.02.20-12.06.36:287][793]LogModuleManager: Shutting down and abandoning module ExampleDeviceProfileSelector (44)
[2017.02.20-12.06.36:287][793]LogModuleManager: Shutting down and abandoning module OnlineBlueprintSupport (42)
[2017.02.20-12.06.36:287][793]LogModuleManager: Shutting down and abandoning module OnlineSubsystem (38)
[2017.02.20-12.06.36:287][793]LogOnline:Display: Unloading online subsystem: NULL
[2017.02.20-12.06.36:287][793]LogModuleManager: Shutting down and abandoning module XMPP (37)
[2017.02.20-12.06.36:287][793]LogModuleManager: Shutting down and abandoning module HTTP (35)
[2017.02.20-12.06.36:287][793]LogHttp:Display: Http module shutting down, but needs to wait on 1 outstanding Http requests:
[2017.02.20-12.06.36:287][793]LogHttp:Display: 	verb=[POST] url=[https://datarouter.ol.epicgames.com/datarouter/api/v1/public/data?SessionID=%7B8D3E70DE-469F-4E8C-8E53-A99A6BB1C261%7D&AppID=UEEditor.Rocket.Release&AppVersion=4.15.0-3299760%2B%2B%2BUE4%2BRelease-4.15&UserID=a5291aa14ea540f516a58dbae9b5c0d1%7C4d5838da4a12450283be1c6d95e4f138%7Cedd6f1ac-7299-49cc-af49-5dd49ba70df9&AppEnvironment=datacollector-binary&UploadType=eteventstream] status=Processing
[2017.02.20-12.06.36:289][793]LogModuleManager: Shutting down and abandoning module SSL (34)
[2017.02.20-12.06.36:290][793]LogModuleManager: Shutting down and abandoning module AudioEditor (30)
[2017.02.20-12.06.36:290][793]LogModuleManager: Shutting down and abandoning module TextureCompressor (28)
[2017.02.20-12.06.36:290][793]LogModuleManager: Shutting down and abandoning module ShaderCore (26)
[2017.02.20-12.06.36:290][793]LogModuleManager: Shutting down and abandoning module Landscape (24)
[2017.02.20-12.06.36:290][793]LogModuleManager: Shutting down and abandoning module SlateRHIRenderer (22)
[2017.02.20-12.06.36:292][793]LogModuleManager: Shutting down and abandoning module OpenGLDrv (20)
[2017.02.20-12.06.36:292][793]LogModuleManager: Shutting down and abandoning module D3D11RHI (18)
[2017.02.20-12.06.36:292][793]LogModuleManager: Shutting down and abandoning module AnimGraphRuntime (16)
[2017.02.20-12.06.36:292][793]LogModuleManager: Shutting down and abandoning module Renderer (14)
[2017.02.20-12.06.36:292][793]LogModuleManager: Shutting down and abandoning module Engine (12)
[2017.02.20-12.06.36:292][793]LogModuleManager: Shutting down and abandoning module CoreUObject (10)
[2017.02.20-12.06.36:292][793]LogModuleManager: Shutting down and abandoning module NetworkFile (8)
[2017.02.20-12.06.36:292][793]LogModuleManager: Shutting down and abandoning module StreamingFile (6)
[2017.02.20-12.06.36:292][793]LogModuleManager: Shutting down and abandoning module SandboxFile (4)
[2017.02.20-12.06.36:292][793]LogModuleManager: Shutting down and abandoning module PakFile (2)
[2017.02.20-12.06.36:294][793]LogExit: Exiting.
[2017.02.20-12.06.36:306][793]Log file closed, 02/20/17 13:06:36
