Log file open, 02/20/17 12:01:07
LogInit:Display: Running engine for game: Vlabs_EWM
LogPlatformFile: Not using cached read wrapper
LogInit:Display: RandInit(1416063579) SRandInit(1416063579).
LogTaskGraph: Started task graph with 5 named threads and 6 total threads with 1 sets of task threads.
LogStats: Stats thread started at 0.070185
LogInit: Using libcurl 7.47.1
LogInit:  - built for x86_64-pc-win32
LogInit:  - supports SSL with OpenSSL/1.0.2g
LogInit:  - supports HTTP deflate (compression) using libz 1.2.8
LogInit:  - other features:
LogInit:      CURL_VERSION_SSL
LogInit:      CURL_VERSION_LIBZ
LogInit:      CURL_VERSION_IPV6
LogInit:      CURL_VERSION_ASYNCHDNS
LogInit:      CURL_VERSION_LARGEFILE
LogInit:      CURL_VERSION_IDN
LogInit:  CurlRequestOptions (configurable via config and command line):
LogInit:  - bVerifyPeer = false  - Libcurl will NOT verify peer certificate
LogInit:  - bUseHttpProxy = false  - Libcurl will NOT use HTTP proxy
LogInit:  - bDontReuseConnections = false  - Libcurl will reuse connections
LogInit:  - CertBundlePath = nullptr  - Libcurl will use whatever was configured at build time.
LogInit: Build: ++UE4+Release-4.15-CL-3299760
LogInit: Engine Version: 4.15.0-3299760+++UE4+Release-4.15
LogInit: Compatible Engine Version: 4.15.0-3299760+++UE4+Release-4.15
LogInit: Net CL: 3299760
LogDevObjectVersion: Number of dev versions registered: 14
LogDevObjectVersion:   Dev-Blueprints (B0D832E4-1F89-4F0D-ACCF-7EB736FD4AA2): 8
LogDevObjectVersion:   Dev-Build (E1C64328-A22C-4D53-A36C-8E866417BD8C): 0
LogDevObjectVersion:   Dev-Core (375EC13C-06E4-48FB-B500-84F0262A717E): 2
LogDevObjectVersion:   Dev-Editor (E4B068ED-F494-42E9-A231-DA0B2E46BB41): 14
LogDevObjectVersion:   Dev-Framework (CFFC743F-43B0-4480-9391-14DF171D2073): 22
LogDevObjectVersion:   Dev-Mobile (B02B49B5-BB20-44E9-A304-32B752E40360): 0
LogDevObjectVersion:   Dev-Networking (A4E4105C-59A1-49B5-A7C5-40C4547EDFEE): 0
LogDevObjectVersion:   Dev-Online (39C831C9-5AE6-47DC-9A44-9C173E1C8E7C): 0
LogDevObjectVersion:   Dev-Physics (78F01B33-EBEA-4F98-B9B4-84EACCB95AA2): 0
LogDevObjectVersion:   Dev-Platform (6631380F-2D4D-43E0-8009-CF276956A95A): 0
LogDevObjectVersion:   Dev-Rendering (12F88B9F-8875-4AFC-A67C-D90C383ABD29): 12
LogDevObjectVersion:   Dev-Sequencer (7B5AE74C-D270-4C10-A958-57980B212A5A): 3
LogDevObjectVersion:   Dev-VR (D7296918-1DD6-4BDD-9DE2-64A83CC13884): 0
LogDevObjectVersion:   Dev-LoadTimes (C2A15278-BFE7-4AFE-6C17-90FF531DF755): 1
LogInit: Compiled (64-bit): Feb 14 2017 02:04:14
LogInit: Compiled with Visual C++: 19.00.23026.00
LogInit: Build Configuration: Development
LogInit: Branch Name: ++UE4+Release-4.15
LogInit: Command line:  
LogInit: Base directory: C:/Program Files/Epic Games/UE_4.15/Engine/Binaries/Win64/
LogInit: Installed Engine Build: 1
LogInit: Presizing for max 8388607 objects, including 0 objects not considered by GC, pre-allocating 0 bytes for permanent pool.
LogInit: Object subsystem initialized
[2017.02.20-11.01.08:857][  0]LogInit: Selected Device Profile: [Windows]
[2017.02.20-11.01.08:857][  0]LogInit: Applying CVar settings loaded from the selected device profile: [Windows]
[2017.02.20-11.01.08:875][  0]LogInit: Computer: DESKTOP-MB4QQP4
[2017.02.20-11.01.08:875][  0]LogInit: User: ALBERTO
[2017.02.20-11.01.08:875][  0]LogInit: CPU Page size=65536, Cores=2
[2017.02.20-11.01.08:875][  0]LogInit: High frequency timer resolution =2.143476 MHz
[2017.02.20-11.01.08:876][  0]LogMemory: Memory total: Physical=7.9GB (8GB approx)
[2017.02.20-11.01.08:876][  0]LogMemory: Platform Memory Stats for Windows
[2017.02.20-11.01.08:876][  0]LogMemory: Process Physical Memory: 262.48 MB used, 262.48 MB peak
[2017.02.20-11.01.08:876][  0]LogMemory: Process Virtual Memory: 262.23 MB used, 262.23 MB peak
[2017.02.20-11.01.08:876][  0]LogMemory: Physical Memory: 2651.67 MB used,  5454.17 MB free, 8105.84 MB total
[2017.02.20-11.01.08:876][  0]LogMemory: Virtual Memory: 642.49 MB used,  5454.17 MB free, 134217728.00 MB total
[2017.02.20-11.01.09:098][  0]LogTextLocalizationManager: No translations for ('it-IT') exist, falling back to 'en' for localization and internationalization data.
[2017.02.20-11.01.10:205][  0]LogD3D11RHI: D3D11 adapters:
[2017.02.20-11.01.10:212][  0]LogD3D11RHI:    0. 'Intel(R) HD Graphics 5500' (Feature Level 11_0)
[2017.02.20-11.01.10:212][  0]LogD3D11RHI:       128/0/4052 MB DedicatedVideo/DedicatedSystem/SharedSystem, Outputs:1, VendorId:0x8086
[2017.02.20-11.01.10:593][  0]LogD3D11RHI:    1. 'AMD Radeon (TM) R5 M330' (Feature Level 11_0)
[2017.02.20-11.01.10:593][  0]LogD3D11RHI:       1015/0/4052 MB DedicatedVideo/DedicatedSystem/SharedSystem, Outputs:0, VendorId:0x1002
[2017.02.20-11.01.10:595][  0]LogD3D11RHI:    2. 'Microsoft Basic Render Driver' (Feature Level 11_0)
[2017.02.20-11.01.10:595][  0]LogD3D11RHI:       0/0/4052 MB DedicatedVideo/DedicatedSystem/SharedSystem, Outputs:0, VendorId:0x1414
[2017.02.20-11.01.10:595][  0]LogD3D11RHI: Chosen D3D11 Adapter: 1
[2017.02.20-11.01.10:600][  0]LogD3D11RHI: Creating new Direct3DDevice
[2017.02.20-11.01.10:600][  0]LogD3D11RHI:     GPU DeviceId: 0x6660 (for the marketing name, search the web for "GPU Device Id")
[2017.02.20-11.01.10:600][  0]LogWindows: EnumDisplayDevices:
[2017.02.20-11.01.10:600][  0]LogWindows:    0. 'Intel(R) HD Graphics 5500' (P:1 D:1)
[2017.02.20-11.01.10:601][  0]LogWindows:    1. 'Intel(R) HD Graphics 5500' (P:0 D:0)
[2017.02.20-11.01.10:601][  0]LogWindows:    2. 'Intel(R) HD Graphics 5500' (P:0 D:0)
[2017.02.20-11.01.10:601][  0]LogWindows: DebugString: PrimaryIsNotTheChoosenAdapter PrimaryIsNotTheChoosenAdapter PrimaryIsNotTheChoosenAdapter FoundDriverCount:0 
[2017.02.20-11.01.10:601][  0]LogD3D11RHI:     Adapter Name: AMD Radeon (TM) R5 M330
[2017.02.20-11.01.10:601][  0]LogD3D11RHI:   Driver Version: Unknown (internal:Unknown, unified:Unknown)
[2017.02.20-11.01.10:601][  0]LogD3D11RHI:      Driver Date: Unknown
[2017.02.20-11.01.10:601][  0]LogRHI: Texture pool is 710 MB (70% of 1015 MB)
[2017.02.20-11.01.10:626][  0]LogD3D11RHI: Async texture creation enabled
[2017.02.20-11.01.10:671][  0]LogD3D11RHI: GPU Timing Frequency: 27.000000 (Debug: 2 1)
[2017.02.20-11.01.10:682][  0]LogShaderCompilers: Guid format shader working directory is -26 characters bigger than the processId version (../../../../../../Users/ALBERTO/Documents/VLabs_EditorAndMinimap/Vlabs_EWM/Intermediate/Shaders/WorkingDirectory/7748/).
[2017.02.20-11.01.10:682][  0]LogShaderCompilers: Cleaned the shader compiler working directory 'C:/Users/ALBERTO/AppData/Local/Temp/UnrealShaderWorkingDir/AE64310A4CFDB1A9F359EDBD085799E2/'.
[2017.02.20-11.01.10:683][  0]LogShaderCompilers:Display: Using Local Shader Compiler.
[2017.02.20-11.01.12:435][  0]LogTemp:Display: Loaded TP AllDesktopTargetPlatform
[2017.02.20-11.01.12:503][  0]LogTemp:Display: Loaded TP MacClientTargetPlatform
[2017.02.20-11.01.12:571][  0]LogTemp:Display: Loaded TP MacNoEditorTargetPlatform
[2017.02.20-11.01.12:645][  0]LogTemp:Display: Loaded TP MacServerTargetPlatform
[2017.02.20-11.01.12:724][  0]LogTemp:Display: Loaded TP MacTargetPlatform
[2017.02.20-11.01.12:793][  0]LogTemp:Display: Loaded TP WindowsClientTargetPlatform
[2017.02.20-11.01.12:860][  0]LogTemp:Display: Loaded TP WindowsNoEditorTargetPlatform
[2017.02.20-11.01.12:929][  0]LogTemp:Display: Loaded TP WindowsServerTargetPlatform
[2017.02.20-11.01.12:986][  0]LogTemp:Display: Loaded TP WindowsTargetPlatform
[2017.02.20-11.01.13:054][  0]LogTemp:Display: Loaded TP AndroidTargetPlatform
[2017.02.20-11.01.13:123][  0]LogTemp:Display: Loaded TP Android_ASTCTargetPlatform
[2017.02.20-11.01.13:192][  0]LogTemp:Display: Loaded TP Android_ATCTargetPlatform
[2017.02.20-11.01.13:260][  0]LogTemp:Display: Loaded TP Android_DXTTargetPlatform
[2017.02.20-11.01.13:328][  0]LogTemp:Display: Loaded TP Android_ETC1TargetPlatform
[2017.02.20-11.01.13:397][  0]LogTemp:Display: Loaded TP Android_ETC2TargetPlatform
[2017.02.20-11.01.13:534][  0]LogTemp:Display: Loaded TP Android_MultiTargetPlatform
[2017.02.20-11.01.13:534][  0]LogTemp:Display: Loaded TP Android_PVRTCTargetPlatform
[2017.02.20-11.01.13:585][  0]LogTemp:Display: Loaded TP HTML5TargetPlatform
[2017.02.20-11.01.13:706][  0]LogTemp:Display: Loaded TP IOSTargetPlatform
[2017.02.20-11.01.13:753][  0]LogTemp:Display: Loaded TP TVOSTargetPlatform
[2017.02.20-11.01.13:823][  0]LogTemp:Display: Loaded TP LinuxClientTargetPlatform
[2017.02.20-11.01.13:892][  0]LogTemp:Display: Loaded TP LinuxNoEditorTargetPlatform
[2017.02.20-11.01.13:958][  0]LogTemp:Display: Loaded TP LinuxServerTargetPlatform
[2017.02.20-11.01.14:028][  0]LogTemp:Display: Loaded TP LinuxTargetPlatform
[2017.02.20-11.01.14:028][  0]LogTargetPlatformManager:Display: Building Assets For Windows
[2017.02.20-11.01.14:621][  0]LogDerivedDataCache:Display: Max Cache Size: 512 MB
[2017.02.20-11.01.14:856][  0]LogDerivedDataCache: Loaded boot cache 0.23s 50MB C:/Users/ALBERTO/AppData/Local/UnrealEngine/4.15/DerivedDataCache/Boot.ddc.
[2017.02.20-11.01.14:856][  0]LogDerivedDataCache:Display: Loaded Boot cache: C:/Users/ALBERTO/AppData/Local/UnrealEngine/4.15/DerivedDataCache/Boot.ddc
[2017.02.20-11.01.14:856][  0]LogDerivedDataCache: FDerivedDataBackendGraph:  Pak pak cache file ../../../../../../Users/ALBERTO/Documents/VLabs_EditorAndMinimap/Vlabs_EWM/DerivedDataCache/DDC.ddp not found, will not use a pak cache.
[2017.02.20-11.01.14:856][  0]LogDerivedDataCache: Unable to find inner node Pak for hierarchical cache Hierarchy.
[2017.02.20-11.01.14:856][  0]LogDerivedDataCache: FDerivedDataBackendGraph:  CompressedPak pak cache file ../../../../../../Users/ALBERTO/Documents/VLabs_EditorAndMinimap/Vlabs_EWM/DerivedDataCache/Compressed.ddp not found, will not use a pak cache.
[2017.02.20-11.01.14:856][  0]LogDerivedDataCache: Unable to find inner node CompressedPak for hierarchical cache Hierarchy.
[2017.02.20-11.01.14:885][  0]LogDerivedDataCache:Display: Pak cache opened for reading ../../../Engine/DerivedDataCache/Compressed.ddp.
[2017.02.20-11.01.14:899][  0]LogDerivedDataCache: Using Local data cache path C:/Users/ALBERTO/AppData/Local/UnrealEngine/Common/DerivedDataCache: Writable
[2017.02.20-11.01.14:920][  0]LogSlate: Using Freetype 2.6.0
[2017.02.20-11.01.14:926][  0]LogSlate: SlateFontCache - WITH_FREETYPE: 1, WITH_HARFBUZZ: 1
[2017.02.20-11.01.14:926][  0]LogSlate: SlateFontCache - WITH_FREETYPE: 1, WITH_HARFBUZZ: 1
[2017.02.20-11.01.15:992][  0]LogInit: Selected Device Profile: [Windows]
[2017.02.20-11.01.16:001][  0]LogContentStreaming: Texture pool size is 0.00 MB
[2017.02.20-11.01.16:306][  0]LogMeshUtilities: Using QuadricMeshReduction for automatic static mesh reduction
[2017.02.20-11.01.16:369][  0]LogSimplygon: Simplygon DLL not present - disabling.
[2017.02.20-11.01.16:425][  0]LogMeshUtilities: Using SimplygonSwarm for distributed automatic mesh merging
[2017.02.20-11.01.16:425][  0]LogMeshUtilities: No automatic skeletal mesh reduction module available
[2017.02.20-11.01.16:425][  0]LogMeshUtilities: No automatic mesh merging module available
[2017.02.20-11.01.17:589][  0]LogNetVersion: GetLocalNetworkVersion: CL: 3299760, ProjectName: vlabs_ewm, ProjectVersion: , EngineNetworkVersion: 2, GameNetworkVersion: 0, NetworkChecksum: 4118958680
[2017.02.20-11.01.17:653][  0]LogAssetRegistry: FAssetRegistry took 0.0240 seconds to start up
[2017.02.20-11.01.17:724][  0]LogPackageLocalizationCache: Processed 3 localized package path(s) for 1 prioritized culture(s) in 0.033743 seconds
[2017.02.20-11.01.17:732][  0]LogUObjectArray: 32475 objects as part of root set at end of initial load.
[2017.02.20-11.01.17:732][  0]LogUObjectAllocator: 7073368 out of 0 bytes used by permanent object pool.
[2017.02.20-11.01.17:732][  0]LogUObjectArray: CloseDisregardForGC: 0/0 objects in disregard for GC pool
[2017.02.20-11.01.17:823][  0]LogInit: WinSock: version 1.1 (2.2), MaxSocks=32767, MaxUdp=65467
[2017.02.20-11.01.20:835][  0]LogTcpMessaging: Initializing TcpMessaging bridge
[2017.02.20-11.01.20:881][  0]LogUdpMessaging: Initializing bridge on interface 0.0.0.0:0 to multicast group 230.0.0.1:6666.
[2017.02.20-11.01.21:525][  0]LogMaterial: Uniform references updated for custom material expression Custom.
[2017.02.20-11.01.22:034][  0]SourceControl: Info Source control is disabled
[2017.02.20-11.01.22:103][  0]SourceControl: Info Source control is disabled
[2017.02.20-11.01.22:168][  0]SourceControl: Info Source control is disabled
[2017.02.20-11.01.22:224][  0]SourceControl: Info Source control is disabled
[2017.02.20-11.01.23:805][  0]LogEngine: Initializing Engine...
[2017.02.20-11.01.23:807][  0]LogHMD: Failed to initialize OpenVR with code 110
[2017.02.20-11.01.24:145][  0]LogAIModule: Creating AISystem for world Untitled
[2017.02.20-11.01.24:161][  0]LogInit: XAudio2 using 'Altoparlanti (Realtek High Definition Audio)' : 2 channels at 48 kHz using 32 bits per sample (channel mask 0x3)
[2017.02.20-11.01.24:198][  0]LogInit: FAudioDevice initialized.
[2017.02.20-11.01.24:239][  0]LogDerivedDataCache: Saved boot cache 0.04s 50MB C:/Users/ALBERTO/AppData/Local/UnrealEngine/4.15/DerivedDataCache/Boot.ddc.
[2017.02.20-11.01.24:248][  0]LogInit: Texture streaming: Enabled
[2017.02.20-11.01.24:371][  0]LogEngineSessionManager: EngineSessionManager initialized
[2017.02.20-11.01.24:489][  0]LogInit: Transaction tracking system initialized
[2017.02.20-11.01.24:954][  0]BlueprintLog: New page: Editor Load
[2017.02.20-11.01.26:168][  0]LocalizationService: Info Localization service is disabled
[2017.02.20-11.01.27:055][  0]LogConsoleResponse:Display: 
[2017.02.20-11.01.27:289][  0]LogFileCache: Scanning file cache for directory 'C:/Users/ALBERTO/Documents/VLabs_EditorAndMinimap/Vlabs_EWM/Content/' took 0.01s
[2017.02.20-11.01.27:289][  0]LogCook:Display: Max memory allowance for cook 16384mb min free memory 0mb
[2017.02.20-11.01.27:289][  0]LogCook:Display: Mobile HDR setting 1
[2017.02.20-11.01.28:671][  0]SourceControl: Info Source control is disabled
[2017.02.20-11.01.28:674][  0]Cmd: MAP LOAD FILE="../../../Engine/Content/Maps/Templates/Template_Default.umap" TEMPLATE=1 SHOWPROGRESS=1 FEATURELEVEL=3
[2017.02.20-11.01.28:676][  0]LightingResults: New page: Lighting Build
[2017.02.20-11.01.28:732][  0]MapCheck: New page: Map Check
[2017.02.20-11.01.28:732][  0]LightingResults: New page: Lighting Build
[2017.02.20-11.01.29:073][  0]LogAIModule: Creating AISystem for world Untitled_1
[2017.02.20-11.01.29:074][  0]LogActorComponent: RegisterComponentWithWorld: (/Temp/Untitled_1.Untitled_1:PersistentLevel.WorldSettings_1.StaticMeshComponent0) Trying to register component with IsPendingKill() == true. Aborting.
[2017.02.20-11.01.29:094][  0]LogEditorServer: Finished looking for orphan Actors (0.000 secs)
[2017.02.20-11.01.29:102][  0]Cmd: MAP CHECKDEP NOCLEARLOG
[2017.02.20-11.01.29:147][  0]MapCheck: Info Map check complete: 0 Error(s), 0 Warning(s), took 45.177ms to complete.
[2017.02.20-11.01.29:147][  0]LogFileHelpers: Loading map 'Template_Default' took 0.474
[2017.02.20-11.01.29:228][  0]LogWindowsTextInputMethodSystem:Display: IME system now deactivated.
[2017.02.20-11.01.29:436][  0]LogCollectionManager: Loaded 0 collections in 0.001131 seconds
[2017.02.20-11.01.29:553][  0]LogFileCache: Scanning file cache for directory 'C:/Users/ALBERTO/Documents/VLabs_EditorAndMinimap/Vlabs_EWM/Saved/Collections/' took 0.01s
[2017.02.20-11.01.29:553][  0]LogFileCache: Scanning file cache for directory 'C:/Users/ALBERTO/Documents/VLabs_EditorAndMinimap/Vlabs_EWM/Content/Developers/ALBERTO/Collections/' took 0.01s
[2017.02.20-11.01.29:553][  0]LogFileCache: Scanning file cache for directory 'C:/Users/ALBERTO/Documents/VLabs_EditorAndMinimap/Vlabs_EWM/Content/Collections/' took 0.01s
[2017.02.20-11.01.29:553][  0]LogCollectionManager: Rebuilt the GUID cache for 0 collections in 0.000002 seconds
[2017.02.20-11.01.29:567][  0]LogContentBrowser: Native class hierarchy populated in 0.0109 seconds. Added 2244 classes and 450 folders.
[2017.02.20-11.01.29:574][  0]LogStats: UGameplayTagsManager::ConstructGameplayTagTree: Construct from data asset -  0.000 s
[2017.02.20-11.01.29:575][  0]LogStats: UGameplayTagsManager::ConstructGameplayTagTree: GameplayTagTreeChangedEvent.Broadcast -  0.000 s
[2017.02.20-11.01.29:655][  0]LogContentBrowser: Native class hierarchy updated for 'WidgetCarousel' in 0.0006 seconds. Added 0 classes and 0 folders.
[2017.02.20-11.01.29:792][  0]LogContentBrowser: Native class hierarchy updated for 'AddContentDialog' in 0.0006 seconds. Added 0 classes and 0 folders.
[2017.02.20-11.01.29:851][  0]LogContentBrowser: Native class hierarchy updated for 'SceneOutliner' in 0.0006 seconds. Added 1 classes and 2 folders.
[2017.02.20-11.01.29:950][  0]LogCrashTracker: Crashtracker disabled due to settings.
[2017.02.20-11.01.29:963][  0]LogUObjectGlobals:Warning: Failed to find object 'Class None.'
[2017.02.20-11.01.30:055][  0]LogContentBrowser: Native class hierarchy updated for 'HierarchicalLODOutliner' in 0.0007 seconds. Added 1 classes and 2 folders.
[2017.02.20-11.01.30:055][  0]LogLoad: (Engine Initialization) Total time: 23.74 seconds
[2017.02.20-11.01.30:055][  0]LogLoad: (Engine Initialization) Total Blueprint compile time: 0.15 seconds
[2017.02.20-11.01.30:055][  0]LogExternalProfiler: Found external profiler: VSPerf
[2017.02.20-11.01.30:055][  0]LogExternalProfiler: Using external profiler: VSPerf
[2017.02.20-11.01.30:065][  0]LogOcInput: OculusInput pre-init called
[2017.02.20-11.01.30:090][  0]LogContentStreaming: Texture pool size now 1000 MB
[2017.02.20-11.01.30:095][  0]LogSlate: Took 0.001283 seconds to synchronously load lazily loaded font '../../../Engine/Content/Slate/Fonts/Roboto-Regular.ttf' (155K)
[2017.02.20-11.01.30:101][  0]LogSlate: Took 0.001583 seconds to synchronously load lazily loaded font '../../../Engine/Content/Slate/Fonts/Roboto-Bold.ttf' (160K)
[2017.02.20-11.01.30:115][  0]LogSlate: Took 0.001457 seconds to synchronously load lazily loaded font '../../../Engine/Content/Editor/Slate/Fonts/FontAwesome.ttf' (139K)
[2017.02.20-11.01.30:228][  0]LogSlate: Took 0.001333 seconds to synchronously load lazily loaded font '../../../Engine/Content/Slate/Fonts/Roboto-Light.ttf' (159K)
[2017.02.20-11.01.30:293][  0]LogRenderer: Reallocating scene render targets to support 764x372 NumSamples 1 (Frame:2).
[2017.02.20-11.01.30:473][  1]LogAssetRegistry: Asset discovery search completed in 12.8419 seconds
[2017.02.20-11.01.30:473][  1]LogCollectionManager: Rebuilt the object cache for 0 collections in 0.000009 seconds (found 0 objects)
[2017.02.20-11.01.30:473][  1]LogCollectionManager: Fixed up redirectors for 0 collections in 0.000028 seconds (updated 0 objects)
[2017.02.20-11.01.31:109][ 30]LogSlate: Took 0.000362 seconds to synchronously load lazily loaded font '../../../Engine/Content/Slate/Fonts/Roboto-Light.ttf' (159K)
[2017.02.20-11.01.37:165][324]LogWindowsTextInputMethodSystem:Display: IME system now deactivated.
[2017.02.20-11.01.37:167][324]LogWindowsTextInputMethodSystem:Display: IME system now deactivated.
[2017.02.20-11.01.37:358][325]Cmd: QUIT_EDITOR
[2017.02.20-11.01.37:436][325]LogExit: Preparing to exit.
[2017.02.20-11.01.38:036][325]LogDirectoryWatcher: A directory notification for 'C:/Users/ALBERTO/Documents/VLabs_EditorAndMinimap/Vlabs_EWM/Content/' was aborted.
[2017.02.20-11.01.38:061][325]LogExit: Editor shut down
[2017.02.20-11.01.38:061][325]LogExit: Transaction tracking system shut down
[2017.02.20-11.01.38:161][325]LogObj: Freed 0b from 0 cluster array pools.
[2017.02.20-11.01.38:161][325]LogExit: Object subsystem successfully closed.
[2017.02.20-11.01.38:193][325]LogD3D11RHI: Shutdown
[2017.02.20-11.01.38:193][325]LogD3D11RHI: CleanupD3DDevice
[2017.02.20-11.01.38:471][325]LogD3D11RHI: ~FD3D11DynamicRHI
[2017.02.20-11.01.38:498][325]LogModuleManager: Shutting down and abandoning module HierarchicalLODOutliner (496)
[2017.02.20-11.01.38:498][325]LogModuleManager: Shutting down and abandoning module CrashTracker (494)
[2017.02.20-11.01.38:498][325]LogModuleManager: Shutting down and abandoning module SceneOutliner (492)
[2017.02.20-11.01.38:498][325]LogModuleManager: Shutting down and abandoning module AddContentDialog (490)
[2017.02.20-11.01.38:498][325]LogDirectoryWatcher: A directory notification for 'C:/Program Files/Epic Games/UE_4.15/FeaturePacks/' was aborted.
[2017.02.20-11.01.38:499][325]LogModuleManager: Shutting down and abandoning module WidgetCarousel (489)
[2017.02.20-11.01.38:499][325]LogModuleManager: Shutting down and abandoning module EditorWidgets (486)
[2017.02.20-11.01.38:499][325]LogModuleManager: Shutting down and abandoning module CollectionManager (484)
[2017.02.20-11.01.38:499][325]LogDirectoryWatcher: A directory notification for 'C:/Users/ALBERTO/Documents/VLabs_EditorAndMinimap/Vlabs_EWM/Content/Collections/' was aborted.
[2017.02.20-11.01.38:499][325]LogDirectoryWatcher: A directory notification for 'C:/Users/ALBERTO/Documents/VLabs_EditorAndMinimap/Vlabs_EWM/Content/Developers/ALBERTO/Collections/' was aborted.
[2017.02.20-11.01.38:499][325]LogDirectoryWatcher: A directory notification for 'C:/Users/ALBERTO/Documents/VLabs_EditorAndMinimap/Vlabs_EWM/Saved/Collections/' was aborted.
[2017.02.20-11.01.38:499][325]LogModuleManager: Shutting down and abandoning module StatsViewer (482)
[2017.02.20-11.01.38:499][325]LogModuleManager: Shutting down and abandoning module FoliageEdit (480)
[2017.02.20-11.01.38:499][325]LogModuleManager: Shutting down and abandoning module LandscapeEditor (478)
[2017.02.20-11.01.38:499][325]LogModuleManager: Shutting down and abandoning module SceneDepthPickerMode (476)
[2017.02.20-11.01.38:499][325]LogModuleManager: Shutting down and abandoning module ActorPickerMode (474)
[2017.02.20-11.01.38:499][325]LogModuleManager: Shutting down and abandoning module GeometryMode (472)
[2017.02.20-11.01.38:499][325]LogModuleManager: Shutting down and abandoning module TextureAlignMode (470)
[2017.02.20-11.01.38:499][325]LogModuleManager: Shutting down and abandoning module BspMode (468)
[2017.02.20-11.01.38:499][325]LogModuleManager: Shutting down and abandoning module HardwareSurvey (466)
[2017.02.20-11.01.38:499][325]LogModuleManager: Shutting down and abandoning module SequenceRecorderSections (464)
[2017.02.20-11.01.38:499][325]LogModuleManager: Shutting down and abandoning module AutomationWorker (462)
[2017.02.20-11.01.38:499][325]LogModuleManager: Shutting down and abandoning module MatineeToLevelSequence (460)
[2017.02.20-11.01.38:499][325]LogModuleManager: Shutting down and abandoning module LevelSequenceEditor (458)
[2017.02.20-11.01.38:500][325]LogModuleManager: Shutting down and abandoning module PlacementMode (457)
[2017.02.20-11.01.38:500][325]LogModuleManager: Shutting down and abandoning module WmfMediaFactory (454)
[2017.02.20-11.01.38:500][325]LogModuleManager: Shutting down and abandoning module WmfMediaEditor (452)
[2017.02.20-11.01.38:500][325]LogModuleManager: Shutting down and abandoning module MfMediaFactory (450)
[2017.02.20-11.01.38:500][325]LogModuleManager: Shutting down and abandoning module MfMediaEditor (448)
[2017.02.20-11.01.38:500][325]LogModuleManager: Shutting down and abandoning module AvfMediaFactory (446)
[2017.02.20-11.01.38:500][325]LogModuleManager: Shutting down and abandoning module AvfMediaEditor (444)
[2017.02.20-11.01.38:500][325]LogModuleManager: Shutting down and abandoning module AndroidMediaFactory (442)
[2017.02.20-11.01.38:500][325]LogModuleManager: Shutting down and abandoning module Media (441)
[2017.02.20-11.01.38:500][325]LogModuleManager: Shutting down and abandoning module AndroidMediaEditor (438)
[2017.02.20-11.01.38:500][325]LogModuleManager: Shutting down and abandoning module CharacterAI (436)
[2017.02.20-11.01.38:500][325]LogModuleManager: Shutting down and abandoning module AudioCapture (434)
[2017.02.20-11.01.38:500][325]LogModuleManager: Shutting down and abandoning module SequenceRecorder (433)
[2017.02.20-11.01.38:500][325]LogModuleManager: Shutting down and abandoning module SmartSnapping (430)
[2017.02.20-11.01.38:500][325]LogModuleManager: Shutting down and abandoning module SessionServices (428)
[2017.02.20-11.01.38:500][325]LogModuleManager: Shutting down and abandoning module ViewportSnapping (426)
[2017.02.20-11.01.38:500][325]LogModuleManager: Shutting down and abandoning module ViewportInteraction (424)
[2017.02.20-11.01.38:500][325]LogModuleManager: Shutting down and abandoning module LogVisualizer (422)
[2017.02.20-11.01.38:501][325]LogModuleManager: Shutting down and abandoning module IntroTutorials (420)
[2017.02.20-11.01.38:501][325]LogModuleManager: Shutting down and abandoning module GameProjectGeneration (419)
[2017.02.20-11.01.38:502][325]LogModuleManager: Shutting down and abandoning module EditorLiveStreaming (416)
[2017.02.20-11.01.38:502][325]LogModuleManager: Shutting down and abandoning module IOSPlatformEditor (414)
[2017.02.20-11.01.38:502][325]LogModuleManager: Shutting down and abandoning module HTML5PlatformEditor (412)
[2017.02.20-11.01.38:502][325]LogModuleManager: Shutting down and abandoning module AndroidPlatformEditor (410)
[2017.02.20-11.01.38:502][325]LogModuleManager: Shutting down and abandoning module AndroidDeviceDetection (409)
[2017.02.20-11.01.38:665][325]LogModuleManager: Shutting down and abandoning module IOSRuntimeSettings (406)
[2017.02.20-11.01.38:665][325]LogModuleManager: Shutting down and abandoning module AndroidRuntimeSettings (404)
[2017.02.20-11.01.38:665][325]LogModuleManager: Shutting down and abandoning module InputBindingEditor (402)
[2017.02.20-11.01.38:665][325]LogModuleManager: Shutting down and abandoning module NiagaraEditor (400)
[2017.02.20-11.01.38:667][325]LogModuleManager: Shutting down and abandoning module MergeActors (398)
[2017.02.20-11.01.38:667][325]LogModuleManager: Shutting down and abandoning module SizeMap (396)
[2017.02.20-11.01.38:667][325]LogModuleManager: Shutting down and abandoning module TreeMap (394)
[2017.02.20-11.01.38:667][325]LogModuleManager: Shutting down and abandoning module ReferenceViewer (392)
[2017.02.20-11.01.38:667][325]LogModuleManager: Shutting down and abandoning module LocalizationDashboard (390)
[2017.02.20-11.01.38:667][325]LogModuleManager: Shutting down and abandoning module LocalizationService (389)
[2017.02.20-11.01.38:668][325]LogModuleManager: Shutting down and abandoning module HardwareTargeting (386)
[2017.02.20-11.01.38:668][325]LogModuleManager: Shutting down and abandoning module DeviceProfileEditor (384)
[2017.02.20-11.01.38:668][325]LogModuleManager: Shutting down and abandoning module UndoHistory (382)
[2017.02.20-11.01.38:668][325]LogModuleManager: Shutting down and abandoning module UserFeedback (380)
[2017.02.20-11.01.38:668][325]LogModuleManager: Shutting down and abandoning module XmlParser (378)
[2017.02.20-11.01.38:668][325]LogModuleManager: Shutting down and abandoning module Blutility (376)
[2017.02.20-11.01.38:668][325]LogModuleManager: Shutting down and abandoning module ProjectSettingsViewer (374)
[2017.02.20-11.01.38:668][325]LogModuleManager: Shutting down and abandoning module ProjectTargetPlatformEditor (373)
[2017.02.20-11.01.38:669][325]LogModuleManager: Shutting down and abandoning module EditorSettingsViewer (370)
[2017.02.20-11.01.38:669][325]LogModuleManager: Shutting down and abandoning module SettingsEditor (368)
[2017.02.20-11.01.38:669][325]LogModuleManager: Shutting down and abandoning module ProjectLauncher (366)
[2017.02.20-11.01.38:669][325]LogModuleManager: Shutting down and abandoning module SessionFrontend (364)
[2017.02.20-11.01.38:670][325]LogModuleManager: Shutting down and abandoning module ProfilerClient (362)
[2017.02.20-11.01.38:670][325]LogModuleManager: Shutting down and abandoning module DeviceManager (360)
[2017.02.20-11.01.38:671][325]LogModuleManager: Shutting down and abandoning module TargetDeviceServices (359)
[2017.02.20-11.01.38:713][325]LogModuleManager: Shutting down and abandoning module AutomationController (356)
[2017.02.20-11.01.38:713][325]LogModuleManager: Shutting down and abandoning module AutomationWindow (354)
[2017.02.20-11.01.38:713][325]LogModuleManager: Shutting down and abandoning module Layers (352)
[2017.02.20-11.01.38:715][325]LogModuleManager: Shutting down and abandoning module ComponentVisualizers (350)
[2017.02.20-11.01.38:715][325]LogModuleManager: Shutting down and abandoning module DetailCustomizations (348)
[2017.02.20-11.01.38:715][325]LogModuleManager: Shutting down and abandoning module PackagesDialog (346)
[2017.02.20-11.01.38:715][325]LogModuleManager: Shutting down and abandoning module Persona (344)
[2017.02.20-11.01.38:716][325]LogModuleManager: Shutting down and abandoning module AnimGraph (343)
[2017.02.20-11.01.38:716][325]LogModuleManager: Shutting down and abandoning module Kismet (340)
[2017.02.20-11.01.38:716][325]LogModuleManager: Shutting down and abandoning module GraphEditor (338)
[2017.02.20-11.01.38:719][325]LogModuleManager: Shutting down and abandoning module ClassViewer (336)
[2017.02.20-11.01.38:719][325]LogModuleManager: Shutting down and abandoning module Toolbox (334)
[2017.02.20-11.01.38:719][325]LogModuleManager: Shutting down and abandoning module ModuleUI (332)
[2017.02.20-11.01.38:720][325]LogModuleManager: Shutting down and abandoning module MovieSceneTools (330)
[2017.02.20-11.01.38:721][325]LogModuleManager: Shutting down and abandoning module OutputLog (328)
[2017.02.20-11.01.38:721][325]LogModuleManager: Shutting down and abandoning module GammaUI (326)
[2017.02.20-11.01.38:721][325]LogModuleManager: Shutting down and abandoning module Documentation (324)
[2017.02.20-11.01.38:721][325]LogModuleManager: Shutting down and abandoning module Niagara (322)
[2017.02.20-11.01.38:721][325]LogModuleManager: Shutting down and abandoning module StreamingPauseRendering (320)
[2017.02.20-11.01.38:721][325]LogModuleManager: Shutting down and abandoning module AnalyticsET (318)
[2017.02.20-11.01.38:721][325]LogModuleManager: Shutting down and abandoning module PortalServices (316)
[2017.02.20-11.01.38:721][325]LogModuleManager: Shutting down and abandoning module PortalRpc (314)
[2017.02.20-11.01.38:721][325]LogModuleManager: Shutting down and abandoning module MessagingRpc (312)
[2017.02.20-11.01.38:721][325]LogModuleManager: Shutting down and abandoning module AIModule (310)
[2017.02.20-11.01.38:721][325]LogModuleManager: Shutting down and abandoning module GameplayDebugger (309)
[2017.02.20-11.01.38:721][325]LogModuleManager: Shutting down and abandoning module AITestSuite (307)
[2017.02.20-11.01.38:721][325]LogModuleManager: Shutting down and abandoning module ProfilerService (304)
[2017.02.20-11.01.38:757][325]LogModuleManager: Shutting down and abandoning module TaskGraph (302)
[2017.02.20-11.01.38:758][325]LogModuleManager: Shutting down and abandoning module SteamVRController (300)
[2017.02.20-11.01.38:758][325]LogModuleManager: Shutting down and abandoning module SteamVR (298)
[2017.02.20-11.01.38:758][325]LogModuleManager: Shutting down and abandoning module ProceduralMeshComponentEditor (296)
[2017.02.20-11.01.38:758][325]LogModuleManager: Shutting down and abandoning module ProceduralMeshComponent (294)
[2017.02.20-11.01.38:758][325]LogModuleManager: Shutting down and abandoning module OculusLibrary (292)
[2017.02.20-11.01.38:758][325]LogModuleManager: Shutting down and abandoning module OculusInput (290)
[2017.02.20-11.01.38:758][325]LogModuleManager: Shutting down and abandoning module MobilePatchingUtils (288)
[2017.02.20-11.01.38:758][325]LogModuleManager: Shutting down and abandoning module CustomMeshComponent (286)
[2017.02.20-11.01.38:758][325]LogModuleManager: Shutting down and abandoning module CableComponent (284)
[2017.02.20-11.01.38:758][325]LogModuleManager: Shutting down and abandoning module ArchVisCharacter (282)
[2017.02.20-11.01.38:758][325]LogModuleManager: Shutting down and abandoning module MediaPlayerEditor (278)
[2017.02.20-11.01.38:759][325]LogModuleManager: Shutting down and abandoning module HTML5Networking (276)
[2017.02.20-11.01.38:759][325]LogModuleManager: Shutting down and abandoning module AlembicImporter (274)
[2017.02.20-11.01.38:759][325]LogModuleManager: Shutting down and abandoning module AlembicLibrary (273)
[2017.02.20-11.01.38:759][325]LogModuleManager: Shutting down and abandoning module GeometryCache (272)
[2017.02.20-11.01.38:759][325]LogModuleManager: Shutting down and abandoning module GeometryCacheEd (271)
[2017.02.20-11.01.38:759][325]LogModuleManager: Shutting down and abandoning module SuperSearchEditor (266)
[2017.02.20-11.01.38:759][325]LogModuleManager: Shutting down and abandoning module SuperSearch (265)
[2017.02.20-11.01.38:759][325]LogModuleManager: Shutting down and abandoning module SpeedTreeImporter (262)
[2017.02.20-11.01.38:759][325]LogModuleManager: Shutting down and abandoning module PluginBrowser (260)
[2017.02.20-11.01.38:760][325]LogModuleManager: Shutting down and abandoning module MobileLauncherProfileWizard (258)
[2017.02.20-11.01.38:760][325]LogModuleManager: Shutting down and abandoning module EpicSurvey (256)
[2017.02.20-11.01.38:760][325]LogModuleManager: Shutting down and abandoning module VisualStudioSourceCodeAccess (254)
[2017.02.20-11.01.38:760][325]LogModuleManager: Shutting down and abandoning module DesktopPlatform (253)
[2017.02.20-11.01.38:760][325]LogModuleManager: Shutting down and abandoning module UObjectPlugin (250)
[2017.02.20-11.01.38:760][325]LogModuleManager: Shutting down and abandoning module SubversionSourceControl (248)
[2017.02.20-11.01.38:760][325]LogModuleManager: Shutting down and abandoning module PerforceSourceControl (246)
[2017.02.20-11.01.38:760][325]LogModuleManager: Shutting down and abandoning module GitSourceControl (244)
[2017.02.20-11.01.38:760][325]LogModuleManager: Shutting down and abandoning module SourceControl (243)
[2017.02.20-11.01.38:760][325]LogModuleManager: Shutting down and abandoning module LightPropagationVolumeEditor (240)
[2017.02.20-11.01.38:760][325]LogModuleManager: Shutting down and abandoning module PaperTiledImporter (238)
[2017.02.20-11.01.38:760][325]LogModuleManager: Shutting down and abandoning module PaperSpriteSheetImporter (236)
[2017.02.20-11.01.38:761][325]LogModuleManager: Shutting down and abandoning module Paper2DEditor (234)
[2017.02.20-11.01.38:761][325]LogModuleManager: Shutting down and abandoning module MeshPaint (233)
[2017.02.20-11.01.38:761][325]LogModuleManager: Shutting down and abandoning module LevelEditor (231)
[2017.02.20-11.01.38:762][325]LogModuleManager: Shutting down and abandoning module PixelInspectorModule (230)
[2017.02.20-11.01.38:762][325]LogModuleManager: Shutting down and abandoning module MainFrame (228)
[2017.02.20-11.01.38:762][325]LogModuleManager: Shutting down and abandoning module HotReload (227)
[2017.02.20-11.01.38:762][325]LogModuleManager: Shutting down and abandoning module ContentBrowser (223)
[2017.02.20-11.01.38:763][325]LogModuleManager: Shutting down and abandoning module PhysXVehiclesEditor (220)
[2017.02.20-11.01.38:763][325]LogModuleManager: Shutting down and abandoning module PhysXVehicles (218)
[2017.02.20-11.01.38:763][325]LogModuleManager: Shutting down and abandoning module LocationServicesBPLibrary (216)
[2017.02.20-11.01.38:763][325]LogModuleManager: Shutting down and abandoning module UdpMessaging (214)
[2017.02.20-11.01.38:864][325]LogModuleManager: Shutting down and abandoning module TcpMessaging (212)
[2017.02.20-11.01.38:965][325]LogModuleManager: Shutting down and abandoning module GameplayTagsEditor (210)
[2017.02.20-11.01.38:965][325]LogModuleManager: Shutting down and abandoning module FacialAnimationEditor (208)
[2017.02.20-11.01.38:966][325]LogModuleManager: Shutting down and abandoning module FacialAnimation (206)
[2017.02.20-11.01.38:966][325]LogModuleManager: Shutting down and abandoning module LightPropagationVolumeRuntime (204)
[2017.02.20-11.01.38:966][325]LogModuleManager: Shutting down and abandoning module Paper2D (202)
[2017.02.20-11.01.38:966][325]LogModuleManager: Shutting down and abandoning module WindowsMoviePlayer (200)
[2017.02.20-11.01.38:966][325]LogModuleManager: Shutting down and abandoning module WmfMedia (198)
[2017.02.20-11.01.38:966][325]LogModuleManager: Shutting down and abandoning module MfMedia (196)
[2017.02.20-11.01.38:966][325]LogModuleManager: Shutting down and abandoning module MediaAssets (194)
[2017.02.20-11.01.38:966][325]LogModuleManager: Shutting down and abandoning module GameLiveStreaming (192)
[2017.02.20-11.01.38:966][325]LogModuleManager: Shutting down and abandoning module VREditor (190)
[2017.02.20-11.01.38:966][325]LogModuleManager: Shutting down and abandoning module GameplayTasksEditor (188)
[2017.02.20-11.01.38:966][325]LogModuleManager: Shutting down and abandoning module BehaviorTreeEditor (186)
[2017.02.20-11.01.38:967][325]LogModuleManager: Shutting down and abandoning module FunctionalTesting (184)
[2017.02.20-11.01.38:967][325]LogModuleManager: Shutting down and abandoning module CollisionAnalyzer (182)
[2017.02.20-11.01.38:968][325]LogModuleManager: Shutting down and abandoning module UMG (180)
[2017.02.20-11.01.38:968][325]LogModuleManager: Shutting down and abandoning module UMGEditor (179)
[2017.02.20-11.01.38:969][325]LogModuleManager: Shutting down and abandoning module Sequencer (178)
[2017.02.20-11.01.38:970][325]LogModuleManager: Shutting down and abandoning module AssetTools (176)
[2017.02.20-11.01.38:972][325]LogModuleManager: Shutting down and abandoning module MessageLog (175)
[2017.02.20-11.01.38:972][325]LogModuleManager: Shutting down and abandoning module WorkspaceMenuStructure (174)
[2017.02.20-11.01.38:972][325]LogModuleManager: Shutting down and abandoning module SlateReflector (168)
[2017.02.20-11.01.38:973][325]LogModuleManager: Shutting down and abandoning module Slate (166)
[2017.02.20-11.01.38:973][325]LogModuleManager: Shutting down and abandoning module EditorStyle (164)
[2017.02.20-11.01.38:975][325]LogModuleManager: Shutting down and abandoning module SourceCodeAccess (162)
[2017.02.20-11.01.38:976][325]LogModuleManager: Shutting down and abandoning module HeadMountedDisplay (160)
[2017.02.20-11.01.38:976][325]LogModuleManager: Shutting down and abandoning module XAudio2 (158)
[2017.02.20-11.01.38:976][325]LogModuleManager: Shutting down and abandoning module Networking (156)
[2017.02.20-11.01.38:976][325]LogModuleManager: Shutting down and abandoning module Core (152)
[2017.02.20-11.01.38:976][325]LogModuleManager: Shutting down and abandoning module AssetRegistry (150)
[2017.02.20-11.01.39:043][325]LogDirectoryWatcher: A directory notification for '../../../Engine/Content/' was aborted.
[2017.02.20-11.01.39:043][325]LogDirectoryWatcher: A directory notification for '../../../../../../Users/ALBERTO/Documents/VLabs_EditorAndMinimap/Vlabs_EWM/Content/' was aborted.
[2017.02.20-11.01.39:043][325]LogDirectoryWatcher: A directory notification for '../../../Engine/Plugins/2D/Paper2D/Content/' was aborted.
[2017.02.20-11.01.39:043][325]LogModuleManager: Shutting down and abandoning module DirectoryWatcher (149)
[2017.02.20-11.01.39:044][325]LogModuleManager: Shutting down and abandoning module KismetCompiler (146)
[2017.02.20-11.01.39:044][325]LogModuleManager: Shutting down and abandoning module PhysXFormats (144)
[2017.02.20-11.01.39:044][325]LogModuleManager: Shutting down and abandoning module MeshUtilities (142)
[2017.02.20-11.01.39:044][325]LogModuleManager: Shutting down and abandoning module SimplygonSwarm (141)
[2017.02.20-11.01.39:044][325]LogModuleManager: Shutting down and abandoning module SimplygonMeshReduction (139)
[2017.02.20-11.01.39:044][325]LogModuleManager: Shutting down and abandoning module QuadricMeshReduction (137)
[2017.02.20-11.01.39:044][325]LogModuleManager: Shutting down and abandoning module PropertyEditor (135)
[2017.02.20-11.01.39:044][325]LogModuleManager: Shutting down and abandoning module DerivedDataCache (132)
[2017.02.20-11.01.39:411][325]LogDerivedDataCache: Shutdown
[2017.02.20-11.01.39:411][325]LogModuleManager: Shutting down and abandoning module TargetPlatform (130)
[2017.02.20-11.01.39:411][325]LogModuleManager: Shutting down and abandoning module VulkanShaderFormat (129)
[2017.02.20-11.01.39:411][325]LogModuleManager: Shutting down and abandoning module ShaderFormatOpenGL (127)
[2017.02.20-11.01.39:412][325]LogModuleManager: Shutting down and abandoning module ShaderFormatD3D (125)
[2017.02.20-11.01.39:412][325]LogModuleManager: Shutting down and abandoning module MetalShaderFormat (123)
[2017.02.20-11.01.39:413][325]LogModuleManager: Shutting down and abandoning module TextureFormatUncompressed (121)
[2017.02.20-11.01.39:413][325]LogModuleManager: Shutting down and abandoning module TextureFormatPVR (119)
[2017.02.20-11.01.39:413][325]LogModuleManager: Shutting down and abandoning module TextureFormatDXT (117)
[2017.02.20-11.01.39:413][325]LogModuleManager: Shutting down and abandoning module TextureFormatIntelISPCTexComp (115)
[2017.02.20-11.01.39:413][325]LogModuleManager: Shutting down and abandoning module TextureFormatASTC (113)
[2017.02.20-11.01.39:413][325]LogModuleManager: Shutting down and abandoning module ImageWrapper (112)
[2017.02.20-11.01.39:413][325]LogModuleManager: Shutting down and abandoning module TextureFormatAndroid (109)
[2017.02.20-11.01.39:413][325]LogModuleManager: Shutting down and abandoning module AudioFormatOpus (107)
[2017.02.20-11.01.39:413][325]LogModuleManager: Shutting down and abandoning module AudioFormatOgg (105)
[2017.02.20-11.01.39:413][325]LogModuleManager: Shutting down and abandoning module AudioFormatADPCM (103)
[2017.02.20-11.01.39:413][325]LogModuleManager: Shutting down and abandoning module LinuxTargetPlatform (101)
[2017.02.20-11.01.39:413][325]LogModuleManager: Shutting down and abandoning module LinuxServerTargetPlatform (99)
[2017.02.20-11.01.39:413][325]LogModuleManager: Shutting down and abandoning module LinuxNoEditorTargetPlatform (97)
[2017.02.20-11.01.39:413][325]LogModuleManager: Shutting down and abandoning module LinuxClientTargetPlatform (95)
[2017.02.20-11.01.39:413][325]LogModuleManager: Shutting down and abandoning module TVOSTargetPlatform (93)
[2017.02.20-11.01.39:413][325]LogModuleManager: Shutting down and abandoning module Messaging (91)
[2017.02.20-11.01.39:413][325]LogModuleManager: Shutting down and abandoning module IOSTargetPlatform (89)
[2017.02.20-11.01.39:413][325]LogModuleManager: Shutting down and abandoning module HTML5TargetPlatform (87)
[2017.02.20-11.01.39:413][325]LogModuleManager: Shutting down and abandoning module Android_PVRTCTargetPlatform (85)
[2017.02.20-11.01.39:413][325]LogModuleManager: Shutting down and abandoning module Android_MultiTargetPlatform (83)
[2017.02.20-11.01.39:413][325]LogModuleManager: Shutting down and abandoning module Android_ETC2TargetPlatform (81)
[2017.02.20-11.01.39:413][325]LogModuleManager: Shutting down and abandoning module Android_ETC1TargetPlatform (79)
[2017.02.20-11.01.39:413][325]LogModuleManager: Shutting down and abandoning module Android_DXTTargetPlatform (77)
[2017.02.20-11.01.39:413][325]LogModuleManager: Shutting down and abandoning module Android_ATCTargetPlatform (75)
[2017.02.20-11.01.39:413][325]LogModuleManager: Shutting down and abandoning module Android_ASTCTargetPlatform (73)
[2017.02.20-11.01.39:413][325]LogModuleManager: Shutting down and abandoning module AndroidTargetPlatform (71)
[2017.02.20-11.01.39:413][325]LogModuleManager: Shutting down and abandoning module WindowsTargetPlatform (69)
[2017.02.20-11.01.39:413][325]LogModuleManager: Shutting down and abandoning module WindowsServerTargetPlatform (67)
[2017.02.20-11.01.39:413][325]LogModuleManager: Shutting down and abandoning module WindowsNoEditorTargetPlatform (65)
[2017.02.20-11.01.39:413][325]LogModuleManager: Shutting down and abandoning module WindowsClientTargetPlatform (63)
[2017.02.20-11.01.39:413][325]LogModuleManager: Shutting down and abandoning module MacTargetPlatform (61)
[2017.02.20-11.01.39:413][325]LogModuleManager: Shutting down and abandoning module MacServerTargetPlatform (59)
[2017.02.20-11.01.39:413][325]LogModuleManager: Shutting down and abandoning module MacNoEditorTargetPlatform (57)
[2017.02.20-11.01.39:413][325]LogModuleManager: Shutting down and abandoning module MacClientTargetPlatform (55)
[2017.02.20-11.01.39:413][325]LogModuleManager: Shutting down and abandoning module AllDesktopTargetPlatform (53)
[2017.02.20-11.01.39:413][325]LogModuleManager: Shutting down and abandoning module InputCore (50)
[2017.02.20-11.01.39:413][325]LogModuleManager: Shutting down and abandoning module Settings (48)
[2017.02.20-11.01.39:413][325]LogModuleManager: Shutting down and abandoning module OculusRift (46)
[2017.02.20-11.01.39:413][325]LogModuleManager: Shutting down and abandoning module ExampleDeviceProfileSelector (44)
[2017.02.20-11.01.39:413][325]LogModuleManager: Shutting down and abandoning module OnlineBlueprintSupport (42)
[2017.02.20-11.01.39:413][325]LogModuleManager: Shutting down and abandoning module OnlineSubsystem (38)
[2017.02.20-11.01.39:413][325]LogOnline:Display: Unloading online subsystem: NULL
[2017.02.20-11.01.39:414][325]LogModuleManager: Shutting down and abandoning module XMPP (37)
[2017.02.20-11.01.39:415][325]LogModuleManager: Shutting down and abandoning module HTTP (35)
[2017.02.20-11.01.39:415][325]LogHttp:Display: Http module shutting down, but needs to wait on 1 outstanding Http requests:
[2017.02.20-11.01.39:415][325]LogHttp:Display: 	verb=[POST] url=[https://datarouter.ol.epicgames.com/datarouter/api/v1/public/data?SessionID=%7B33B430C0-44B1-DDBC-067B-249A3BFDA176%7D&AppID=UEEditor.Rocket.Release&AppVersion=4.15.0-3299760%2B%2B%2BUE4%2BRelease-4.15&UserID=a5291aa14ea540f516a58dbae9b5c0d1%7C4d5838da4a12450283be1c6d95e4f138%7Cedd6f1ac-7299-49cc-af49-5dd49ba70df9&AppEnvironment=datacollector-binary&UploadType=eteventstream] status=Processing
[2017.02.20-11.01.39:436][325]LogModuleManager: Shutting down and abandoning module SSL (34)
[2017.02.20-11.01.39:437][325]LogModuleManager: Shutting down and abandoning module AudioEditor (30)
[2017.02.20-11.01.39:438][325]LogModuleManager: Shutting down and abandoning module TextureCompressor (28)
[2017.02.20-11.01.39:439][325]LogModuleManager: Shutting down and abandoning module ShaderCore (26)
[2017.02.20-11.01.39:439][325]LogModuleManager: Shutting down and abandoning module Landscape (24)
[2017.02.20-11.01.39:439][325]LogModuleManager: Shutting down and abandoning module SlateRHIRenderer (22)
[2017.02.20-11.01.39:439][325]LogModuleManager: Shutting down and abandoning module OpenGLDrv (20)
[2017.02.20-11.01.39:441][325]LogModuleManager: Shutting down and abandoning module D3D11RHI (18)
[2017.02.20-11.01.39:441][325]LogModuleManager: Shutting down and abandoning module AnimGraphRuntime (16)
[2017.02.20-11.01.39:441][325]LogModuleManager: Shutting down and abandoning module Renderer (14)
[2017.02.20-11.01.39:441][325]LogModuleManager: Shutting down and abandoning module Engine (12)
[2017.02.20-11.01.39:441][325]LogModuleManager: Shutting down and abandoning module CoreUObject (10)
[2017.02.20-11.01.39:441][325]LogModuleManager: Shutting down and abandoning module NetworkFile (8)
[2017.02.20-11.01.39:441][325]LogModuleManager: Shutting down and abandoning module StreamingFile (6)
[2017.02.20-11.01.39:441][325]LogModuleManager: Shutting down and abandoning module SandboxFile (4)
[2017.02.20-11.01.39:441][325]LogModuleManager: Shutting down and abandoning module PakFile (2)
[2017.02.20-11.01.39:442][325]LogExit: Exiting.
[2017.02.20-11.01.39:443][325]Log file closed, 02/20/17 12:01:39
